#
# There is insufficient memory for the Java Runtime Environment to continue.
# Native memory allocation (mmap) failed to map 29360128 bytes for Failed to commit area from 0x0000000088800000 to 0x000000008a400000 of length 29360128.
# Possible reasons:
#   The system is out of physical RAM or swap space
#   The process is running with CompressedOops enabled, and the Java Heap may be blocking the growth of the native heap
# Possible solutions:
#   Reduce memory load on the system
#   Increase physical memory or swap space
#   Check if swap backing store is full
#   Decrease Java heap size (-Xmx/-Xms)
#   Decrease number of Java threads
#   Decrease Java thread stack sizes (-Xss)
#   Set larger code cache with -XX:ReservedCodeCacheSize=
#   JVM is running with Unscaled Compressed Oops mode in which the Java heap is
#     placed in the first 4GB address space. The Java Heap base address is the
#     maximum limit for the native heap growth. Please use -XX:HeapBaseMinAddress
#     to set the Java Heap base and to place the Java Heap above 4GB virtual address.
# This output file may be truncated or incomplete.
#
#  Out of Memory Error (./src/hotspot/os/windows/os_windows.cpp:3301), pid=3516, tid=11968
#
# JRE version: OpenJDK Runtime Environment (11.0.10) (build 11.0.10+0-b96-7249189)
# Java VM: OpenJDK 64-Bit Server VM (11.0.10+0-b96-7249189, mixed mode, tiered, compressed oops, g1 gc, windows-amd64)
# No core dump will be written. Minidumps are not enabled by default on client versions of Windows
#

---------------  S U M M A R Y ------------

Command Line: --add-opens=java.base/java.util=ALL-UNNAMED --add-opens=java.base/java.lang=ALL-UNNAMED --add-opens=java.base/java.lang.invoke=ALL-UNNAMED --add-opens=java.base/java.util=ALL-UNNAMED --add-opens=java.prefs/java.util.prefs=ALL-UNNAMED --add-opens=java.prefs/java.util.prefs=ALL-UNNAMED --add-opens=java.base/java.nio.charset=ALL-UNNAMED --add-opens=java.base/java.net=ALL-UNNAMED --add-opens=java.base/java.util.concurrent.atomic=ALL-UNNAMED -Xmx2048m -Dfile.encoding=UTF-8 -Duser.country=US -Duser.language=en -Duser.variant org.gradle.launcher.daemon.bootstrap.GradleDaemon 7.0.2

Host: Intel(R) Core(TM) i5-3320M CPU @ 2.60GHz, 4 cores, 3G,  Windows 10 , 64 bit Build 19041 (10.0.19041.1706)
Time: Thu Jul 28 02:06:31 2022 Pacific Daylight Time elapsed time: 23.893457 seconds (0d 0h 0m 23s)

---------------  T H R E A D  ---------------

Current thread (0x000002a9200b4800):  VMThread "VM Thread" [stack: 0x000000fc81100000,0x000000fc81200000] [id=11968]

Stack: [0x000000fc81100000,0x000000fc81200000]
[error occurred during error reporting (printing stack bounds), id 0xc0000005, EXCEPTION_ACCESS_VIOLATION (0xc0000005) at pc=0x000002a90a010f2d]

Native frames: (J=compiled Java code, j=interpreted, Vv=VM code, C=native code)
V  [jvm.dll+0x5ecfaa]
V  [jvm.dll+0x722bd5]
V  [jvm.dll+0x72412d]
V  [jvm.dll+0x724745]
V  [jvm.dll+0x7246fb]
V  [jvm.dll+0x5ec348]
V  [jvm.dll+0x5ecad8]
C  [ntdll.dll+0xa209f]
C  [ntdll.dll+0x51454]
C  [ntdll.dll+0xa0bce]
C  0x000002a90a010f2d

VM_Operation (0x000000fc843f5db0): G1CollectForAllocation, mode: safepoint, requested by thread 0x000002a9255ea000


---------------  P R O C E S S  ---------------

Threads class SMR info:
_java_thread_list=0x000002a92792b600, length=49, elements={
0x000002a90651d800, 0x000002a9200b9000, 0x000002a9200bc800, 0x000002a9200db800,
0x000002a9200dc800, 0x000002a9200de000, 0x000002a92012d800, 0x000002a920131000,
0x000002a920136800, 0x000002a920b9a000, 0x000002a921766000, 0x000002a9221c0000,
0x000002a922b74000, 0x000002a92260e800, 0x000002a922195800, 0x000002a9214d5000,
0x000002a922829800, 0x000002a922845800, 0x000002a922880000, 0x000002a921762000,
0x000002a921762800, 0x000002a921764800, 0x000002a921763800, 0x000002a921bbe000,
0x000002a921bba000, 0x000002a921bc0800, 0x000002a921bbc800, 0x000002a921bbb000,
0x000002a921bc0000, 0x000002a921bc1800, 0x000002a921bbf000, 0x000002a921bbc000,
0x000002a921bc2800, 0x000002a921bc5800, 0x000002a921bc6800, 0x000002a921bc4000,
0x000002a921bc9000, 0x000002a921bc7000, 0x000002a921bc8000, 0x000002a921bc3000,
0x000002a9255ea800, 0x000002a9255eb800, 0x000002a9255ee000, 0x000002a9255e8800,
0x000002a9255ef000, 0x000002a9255e9000, 0x000002a9255ea000, 0x000002a9255ed000,
0x000002a928b30000
}

Java Threads: ( => current thread )
  0x000002a90651d800 JavaThread "main" [_thread_blocked, id=14924, stack(0x000000fc80b00000,0x000000fc80c00000)]
  0x000002a9200b9000 JavaThread "Reference Handler" daemon [_thread_blocked, id=9012, stack(0x000000fc81200000,0x000000fc81300000)]
  0x000002a9200bc800 JavaThread "Finalizer" daemon [_thread_blocked, id=11700, stack(0x000000fc81300000,0x000000fc81400000)]
  0x000002a9200db800 JavaThread "Signal Dispatcher" daemon [_thread_blocked, id=2748, stack(0x000000fc81400000,0x000000fc81500000)]
  0x000002a9200dc800 JavaThread "Attach Listener" daemon [_thread_blocked, id=7256, stack(0x000000fc81500000,0x000000fc81600000)]
  0x000002a9200de000 JavaThread "Service Thread" daemon [_thread_blocked, id=652, stack(0x000000fc81600000,0x000000fc81700000)]
  0x000002a92012d800 JavaThread "C2 CompilerThread0" daemon [_thread_blocked, id=2816, stack(0x000000fc81700000,0x000000fc81800000)]
  0x000002a920131000 JavaThread "C1 CompilerThread0" daemon [_thread_blocked, id=8044, stack(0x000000fc81800000,0x000000fc81900000)]
  0x000002a920136800 JavaThread "Sweeper thread" daemon [_thread_blocked, id=14496, stack(0x000000fc81900000,0x000000fc81a00000)]
  0x000002a920b9a000 JavaThread "Common-Cleaner" daemon [_thread_blocked, id=4600, stack(0x000000fc81a00000,0x000000fc81b00000)]
  0x000002a921766000 JavaThread "Daemon health stats" [_thread_blocked, id=15192, stack(0x000000fc81d00000,0x000000fc81e00000)]
  0x000002a9221c0000 JavaThread "Incoming local TCP Connector on port 53145" [_thread_in_native, id=8232, stack(0x000000fc81e00000,0x000000fc81f00000)]
  0x000002a922b74000 JavaThread "Daemon periodic checks" [_thread_blocked, id=3548, stack(0x000000fc81f00000,0x000000fc82000000)]
  0x000002a92260e800 JavaThread "Daemon" [_thread_blocked, id=5788, stack(0x000000fc82000000,0x000000fc82100000)]
  0x000002a922195800 JavaThread "Handler for socket connection from /127.0.0.1:53145 to /127.0.0.1:53146" [_thread_in_native, id=12780, stack(0x000000fc82100000,0x000000fc82200000)]
  0x000002a9214d5000 JavaThread "Cancel handler" [_thread_blocked, id=12164, stack(0x000000fc82200000,0x000000fc82300000)]
  0x000002a922829800 JavaThread "Daemon worker" [_thread_blocked, id=9532, stack(0x000000fc82300000,0x000000fc82400000)]
  0x000002a922845800 JavaThread "Asynchronous log dispatcher for DefaultDaemonConnection: socket connection from /127.0.0.1:53145 to /127.0.0.1:53146" [_thread_blocked, id=15300, stack(0x000000fc82400000,0x000000fc82500000)]
  0x000002a922880000 JavaThread "Stdin handler" [_thread_blocked, id=10084, stack(0x000000fc82500000,0x000000fc82600000)]
  0x000002a921762000 JavaThread "Daemon client event forwarder" [_thread_blocked, id=15172, stack(0x000000fc82600000,0x000000fc82700000)]
  0x000002a921762800 JavaThread "Cache worker for file hash cache (C:\Users\Ahmed Farouk\.gradle\caches\7.0.2\fileHashes)" [_thread_blocked, id=9284, stack(0x000000fc82900000,0x000000fc82a00000)]
  0x000002a921764800 JavaThread "File lock request listener" [_thread_in_native, id=13584, stack(0x000000fc82a00000,0x000000fc82b00000)]
  0x000002a921763800 JavaThread "Cache worker for journal cache (C:\Users\Ahmed Farouk\.gradle\caches\journal-1)" [_thread_blocked, id=9264, stack(0x000000fc82b00000,0x000000fc82c00000)]
  0x000002a921bbe000 JavaThread "Cache worker for file hash cache (C:\Users\Ahmed Farouk\AndroidStudioProjects\Salem\.gradle\7.0.2\fileHashes)" [_thread_blocked, id=5144, stack(0x000000fc82c00000,0x000000fc82d00000)]
  0x000002a921bba000 JavaThread "File watcher server" daemon [_thread_blocked, id=7612, stack(0x000000fc82d00000,0x000000fc82e00000)]
  0x000002a921bc0800 JavaThread "File watcher consumer" daemon [_thread_blocked, id=13560, stack(0x000000fc82e00000,0x000000fc82f00000)]
  0x000002a921bbc800 JavaThread "Cache worker for checksums cache (C:\Users\Ahmed Farouk\AndroidStudioProjects\Salem\.gradle\checksums)" [_thread_blocked, id=9776, stack(0x000000fc82f00000,0x000000fc83000000)]
  0x000002a921bbb000 JavaThread "Cache worker for cache directory md-supplier (C:\Users\Ahmed Farouk\.gradle\caches\7.0.2\md-supplier)" [_thread_blocked, id=10132, stack(0x000000fc83000000,0x000000fc83100000)]
  0x000002a921bc0000 JavaThread "Cache worker for cache directory md-rule (C:\Users\Ahmed Farouk\.gradle\caches\7.0.2\md-rule)" [_thread_blocked, id=13168, stack(0x000000fc83100000,0x000000fc83200000)]
  0x000002a921bc1800 JavaThread "Cache worker for execution history cache (C:\Users\Ahmed Farouk\.gradle\caches\7.0.2\executionHistory)" [_thread_blocked, id=2144, stack(0x000000fc83200000,0x000000fc83300000)]
  0x000002a921bbf000 JavaThread "jar transforms" [_thread_blocked, id=12248, stack(0x000000fc83300000,0x000000fc83400000)]
  0x000002a921bbc000 JavaThread "jar transforms Thread 2" [_thread_blocked, id=13504, stack(0x000000fc83400000,0x000000fc83500000)]
  0x000002a921bc2800 JavaThread "Cache worker for file content cache (C:\Users\Ahmed Farouk\.gradle\caches\7.0.2\fileContent)" [_thread_blocked, id=15132, stack(0x000000fc83500000,0x000000fc83600000)]
  0x000002a921bc5800 JavaThread "Cache worker for dependencies-accessors (C:\Users\Ahmed Farouk\AndroidStudioProjects\Salem\.gradle\7.0.2\dependencies-accessors)" [_thread_blocked, id=8092, stack(0x000000fc83600000,0x000000fc83700000)]
  0x000002a921bc6800 JavaThread "jar transforms Thread 3" [_thread_blocked, id=13008, stack(0x000000fc83700000,0x000000fc83800000)]
  0x000002a921bc4000 JavaThread "Cache worker for Build Output Cleanup Cache (C:\Users\Ahmed Farouk\AndroidStudioProjects\Salem\.gradle\buildOutputCleanup)" [_thread_blocked, id=6604, stack(0x000000fc83800000,0x000000fc83900000)]
  0x000002a921bc9000 JavaThread "Build operations" [_thread_blocked, id=4120, stack(0x000000fc83900000,0x000000fc83a00000)]
  0x000002a921bc7000 JavaThread "Build operations Thread 2" [_thread_blocked, id=12432, stack(0x000000fc83a00000,0x000000fc83b00000)]
  0x000002a921bc8000 JavaThread "Build operations Thread 3" [_thread_blocked, id=9200, stack(0x000000fc83b00000,0x000000fc83c00000)]
  0x000002a921bc3000 JavaThread "Build operations Thread 4" [_thread_blocked, id=12872, stack(0x000000fc83c00000,0x000000fc83d00000)]
  0x000002a9255ea800 JavaThread "jar transforms Thread 4" [_thread_blocked, id=14608, stack(0x000000fc83d00000,0x000000fc83e00000)]
  0x000002a9255eb800 JavaThread "Memory manager" [_thread_blocked, id=11004, stack(0x000000fc83e00000,0x000000fc83f00000)]
  0x000002a9255ee000 JavaThread "build event listener" [_thread_blocked, id=14372, stack(0x000000fc83f00000,0x000000fc84000000)]
  0x000002a9255e8800 JavaThread "pool-3-thread-1" [_thread_blocked, id=11224, stack(0x000000fc84000000,0x000000fc84100000)]
  0x000002a9255ef000 JavaThread "build event listener" [_thread_blocked, id=9736, stack(0x000000fc84100000,0x000000fc84200000)]
  0x000002a9255e9000 JavaThread "Execution worker for ':'" [_thread_blocked, id=12996, stack(0x000000fc84200000,0x000000fc84300000)]
  0x000002a9255ea000 JavaThread "Execution worker for ':' Thread 2" [_thread_blocked, id=11836, stack(0x000000fc84300000,0x000000fc84400000)]
  0x000002a9255ed000 JavaThread "Execution worker for ':' Thread 3" [_thread_blocked, id=15040, stack(0x000000fc84400000,0x000000fc84500000)]
  0x000002a928b30000 JavaThread "Cache worker for execution history cache (C:\Users\Ahmed Farouk\AndroidStudioProjects\Salem\.gradle\7.0.2\executionHistory)" [_thread_blocked, id=15032, stack(0x000000fc84500000,0x000000fc84600000)]

Other Threads:
=>0x000002a9200b4800 VMThread "VM Thread" [stack: 0x000000fc81100000,0x000000fc81200000] [id=11968]
  0x000002a920ba6800 WatcherThread [stack: 0x000000fc81b00000,0x000000fc81c00000] [id=7080]
  0x000002a906536800 GCTaskThread "GC Thread#0" [stack: 0x000000fc80c00000,0x000000fc80d00000] [id=1032]
  0x000002a920fe0800 GCTaskThread "GC Thread#1" [stack: 0x000000fc81c00000,0x000000fc81d00000] [id=11784]
  0x000002a9229fc000 GCTaskThread "GC Thread#2" [stack: 0x000000fc82700000,0x000000fc82800000] [id=444]
  0x000002a922836800 GCTaskThread "GC Thread#3" [stack: 0x000000fc82800000,0x000000fc82900000] [id=9040]
  0x000002a906566000 ConcurrentGCThread "G1 Main Marker" [stack: 0x000000fc80d00000,0x000000fc80e00000] [id=7348]
  0x000002a906569000 ConcurrentGCThread "G1 Conc#0" [stack: 0x000000fc80e00000,0x000000fc80f00000] [id=14644]
  0x000002a9065c5800 ConcurrentGCThread "G1 Refine#0" [stack: 0x000000fc80f00000,0x000000fc81000000] [id=9880]
  0x000002a9065c6800 ConcurrentGCThread "G1 Young RemSet Sampling" [stack: 0x000000fc81000000,0x000000fc81100000] [id=4536]

Threads with active compile tasks:
C2 CompilerThread0  23927 9347   !   4       java.util.concurrent.ConcurrentHashMap::putVal (432 bytes)

VM state:at safepoint (normal execution)

VM Mutex/Monitor currently owned by a thread:  ([mutex/lock_event])
[0x000002a906519890] Threads_lock - owner thread: 0x000002a9200b4800
[0x000002a90651ab20] Heap_lock - owner thread: 0x000002a9255ea000

Heap address: 0x0000000080000000, size: 2048 MB, Compressed Oops mode: 32-bit
Narrow klass base: 0x0000000000000000, Narrow klass shift: 3
Compressed class space size: 1073741824 Address: 0x0000000100000000

Heap:
 garbage-first heap   total 167936K, used 76737K [0x0000000080000000, 0x0000000100000000)
  region size 1024K, 3 young (3072K), 3 survivors (3072K)
 Metaspace       used 87344K, capacity 89422K, committed 89676K, reserved 1126400K
  class space    used 11258K, capacity 12018K, committed 12108K, reserved 1048576K
Heap Regions: E=young(eden), S=young(survivor), O=old, HS=humongous(starts), HC=humongous(continues), CS=collection set, F=free, A=archive, TAMS=top-at-mark-start (previous, next)
|   0|0x0000000080000000, 0x0000000080100000, 0x0000000080100000|100%|HS|  |TAMS 0x0000000080100000, 0x0000000080100000| Complete 
|   1|0x0000000080100000, 0x0000000080200000, 0x0000000080200000|100%|HC|  |TAMS 0x0000000080200000, 0x0000000080200000| Complete 
|   2|0x0000000080200000, 0x0000000080300000, 0x0000000080300000|100%|HC|  |TAMS 0x0000000080300000, 0x0000000080300000| Complete 
|   3|0x0000000080300000, 0x0000000080400000, 0x0000000080400000|100%| O|  |TAMS 0x0000000080400000, 0x0000000080400000| Untracked 
|   4|0x0000000080400000, 0x0000000080500000, 0x0000000080500000|100%| O|  |TAMS 0x0000000080500000, 0x0000000080500000| Untracked 
|   5|0x0000000080500000, 0x0000000080600000, 0x0000000080600000|100%| O|  |TAMS 0x0000000080600000, 0x0000000080600000| Untracked 
|   6|0x0000000080600000, 0x0000000080700000, 0x0000000080700000|100%| O|  |TAMS 0x0000000080700000, 0x0000000080700000| Untracked 
|   7|0x0000000080700000, 0x0000000080800000, 0x0000000080800000|100%| O|  |TAMS 0x0000000080800000, 0x0000000080800000| Untracked 
|   8|0x0000000080800000, 0x0000000080900000, 0x0000000080900000|100%| O|  |TAMS 0x0000000080900000, 0x0000000080900000| Untracked 
|   9|0x0000000080900000, 0x0000000080a00000, 0x0000000080a00000|100%| O|  |TAMS 0x0000000080a00000, 0x0000000080a00000| Untracked 
|  10|0x0000000080a00000, 0x0000000080b00000, 0x0000000080b00000|100%| O|  |TAMS 0x0000000080b00000, 0x0000000080b00000| Untracked 
|  11|0x0000000080b00000, 0x0000000080c00000, 0x0000000080c00000|100%| O|  |TAMS 0x0000000080c00000, 0x0000000080c00000| Untracked 
|  12|0x0000000080c00000, 0x0000000080d00000, 0x0000000080d00000|100%| O|  |TAMS 0x0000000080d00000, 0x0000000080d00000| Untracked 
|  13|0x0000000080d00000, 0x0000000080e00000, 0x0000000080e00000|100%| O|  |TAMS 0x0000000080e00000, 0x0000000080e00000| Untracked 
|  14|0x0000000080e00000, 0x0000000080f00000, 0x0000000080f00000|100%| O|  |TAMS 0x0000000080f00000, 0x0000000080f00000| Untracked 
|  15|0x0000000080f00000, 0x0000000081000000, 0x0000000081000000|100%| O|  |TAMS 0x0000000081000000, 0x0000000081000000| Untracked 
|  16|0x0000000081000000, 0x0000000081100000, 0x0000000081100000|100%| O|  |TAMS 0x0000000081100000, 0x0000000081100000| Untracked 
|  17|0x0000000081100000, 0x0000000081200000, 0x0000000081200000|100%| O|  |TAMS 0x0000000081200000, 0x0000000081200000| Untracked 
|  18|0x0000000081200000, 0x0000000081300000, 0x0000000081300000|100%| O|  |TAMS 0x0000000081300000, 0x0000000081300000| Untracked 
|  19|0x0000000081300000, 0x0000000081400000, 0x0000000081400000|100%| O|  |TAMS 0x0000000081400000, 0x0000000081400000| Untracked 
|  20|0x0000000081400000, 0x0000000081500000, 0x0000000081500000|100%| O|  |TAMS 0x0000000081500000, 0x0000000081500000| Untracked 
|  21|0x0000000081500000, 0x0000000081600000, 0x0000000081600000|100%| O|  |TAMS 0x0000000081600000, 0x0000000081600000| Untracked 
|  22|0x0000000081600000, 0x0000000081700000, 0x0000000081700000|100%| O|  |TAMS 0x0000000081700000, 0x0000000081700000| Untracked 
|  23|0x0000000081700000, 0x0000000081800000, 0x0000000081800000|100%| O|  |TAMS 0x0000000081800000, 0x0000000081800000| Untracked 
|  24|0x0000000081800000, 0x0000000081900000, 0x0000000081900000|100%| O|  |TAMS 0x0000000081900000, 0x0000000081900000| Untracked 
|  25|0x0000000081900000, 0x0000000081a00000, 0x0000000081a00000|100%| O|  |TAMS 0x0000000081a00000, 0x0000000081a00000| Untracked 
|  26|0x0000000081a00000, 0x0000000081b00000, 0x0000000081b00000|100%|HS|  |TAMS 0x0000000081b00000, 0x0000000081b00000| Complete 
|  27|0x0000000081b00000, 0x0000000081c00000, 0x0000000081c00000|100%|HS|  |TAMS 0x0000000081c00000, 0x0000000081c00000| Complete 
|  28|0x0000000081c00000, 0x0000000081d00000, 0x0000000081d00000|100%|HS|  |TAMS 0x0000000081d00000, 0x0000000081d00000| Complete 
|  29|0x0000000081d00000, 0x0000000081e00000, 0x0000000081e00000|100%|HS|  |TAMS 0x0000000081e00000, 0x0000000081e00000| Complete 
|  30|0x0000000081e00000, 0x0000000081f00000, 0x0000000081f00000|100%|HC|  |TAMS 0x0000000081f00000, 0x0000000081f00000| Complete 
|  31|0x0000000081f00000, 0x0000000082000000, 0x0000000082000000|100%|HC|  |TAMS 0x0000000082000000, 0x0000000082000000| Complete 
|  32|0x0000000082000000, 0x0000000082100000, 0x0000000082100000|100%|HS|  |TAMS 0x0000000082100000, 0x0000000082100000| Complete 
|  33|0x0000000082100000, 0x0000000082200000, 0x0000000082200000|100%|HC|  |TAMS 0x0000000082200000, 0x0000000082200000| Complete 
|  34|0x0000000082200000, 0x0000000082300000, 0x0000000082300000|100%| O|  |TAMS 0x0000000082300000, 0x0000000082300000| Untracked 
|  35|0x0000000082300000, 0x0000000082400000, 0x0000000082400000|100%| O|  |TAMS 0x0000000082400000, 0x0000000082400000| Untracked 
|  36|0x0000000082400000, 0x0000000082500000, 0x0000000082500000|100%| O|  |TAMS 0x0000000082500000, 0x0000000082500000| Untracked 
|  37|0x0000000082500000, 0x0000000082600000, 0x0000000082600000|100%| O|  |TAMS 0x0000000082600000, 0x0000000082600000| Untracked 
|  38|0x0000000082600000, 0x0000000082700000, 0x0000000082700000|100%| O|  |TAMS 0x0000000082700000, 0x0000000082700000| Untracked 
|  39|0x0000000082700000, 0x0000000082800000, 0x0000000082800000|100%| O|  |TAMS 0x0000000082800000, 0x0000000082800000| Untracked 
|  40|0x0000000082800000, 0x0000000082900000, 0x0000000082900000|100%| O|  |TAMS 0x0000000082900000, 0x0000000082900000| Untracked 
|  41|0x0000000082900000, 0x0000000082a00000, 0x0000000082a00000|100%| O|  |TAMS 0x0000000082a00000, 0x0000000082a00000| Untracked 
|  42|0x0000000082a00000, 0x0000000082b00000, 0x0000000082b00000|100%| O|  |TAMS 0x0000000082b00000, 0x0000000082b00000| Untracked 
|  43|0x0000000082b00000, 0x0000000082c00000, 0x0000000082c00000|100%| O|  |TAMS 0x0000000082c00000, 0x0000000082c00000| Untracked 
|  44|0x0000000082c00000, 0x0000000082d00000, 0x0000000082d00000|100%| O|  |TAMS 0x0000000082d00000, 0x0000000082d00000| Untracked 
|  45|0x0000000082d00000, 0x0000000082e00000, 0x0000000082e00000|100%| O|  |TAMS 0x0000000082e00000, 0x0000000082e00000| Untracked 
|  46|0x0000000082e00000, 0x0000000082f00000, 0x0000000082f00000|100%| O|  |TAMS 0x0000000082f00000, 0x0000000082f00000| Untracked 
|  47|0x0000000082f00000, 0x0000000083000000, 0x0000000083000000|100%| O|  |TAMS 0x0000000083000000, 0x0000000083000000| Untracked 
|  48|0x0000000083000000, 0x0000000083100000, 0x0000000083100000|100%| O|  |TAMS 0x0000000083100000, 0x0000000083100000| Untracked 
|  49|0x0000000083100000, 0x0000000083200000, 0x0000000083200000|100%| O|  |TAMS 0x0000000083200000, 0x0000000083200000| Untracked 
|  50|0x0000000083200000, 0x0000000083300000, 0x0000000083300000|100%| O|  |TAMS 0x0000000083300000, 0x0000000083300000| Untracked 
|  51|0x0000000083300000, 0x0000000083400000, 0x0000000083400000|100%| O|  |TAMS 0x0000000083400000, 0x0000000083400000| Untracked 
|  52|0x0000000083400000, 0x0000000083500000, 0x0000000083500000|100%| O|  |TAMS 0x0000000083500000, 0x0000000083500000| Untracked 
|  53|0x0000000083500000, 0x0000000083600000, 0x0000000083600000|100%| O|  |TAMS 0x0000000083600000, 0x0000000083600000| Untracked 
|  54|0x0000000083600000, 0x0000000083700000, 0x0000000083700000|100%| O|  |TAMS 0x0000000083700000, 0x0000000083700000| Untracked 
|  55|0x0000000083700000, 0x0000000083800000, 0x0000000083800000|100%| O|  |TAMS 0x0000000083800000, 0x0000000083800000| Untracked 
|  56|0x0000000083800000, 0x0000000083900000, 0x0000000083900000|100%| O|  |TAMS 0x0000000083900000, 0x0000000083900000| Untracked 
|  57|0x0000000083900000, 0x0000000083a00000, 0x0000000083a00000|100%| O|  |TAMS 0x0000000083a00000, 0x0000000083a00000| Untracked 
|  58|0x0000000083a00000, 0x0000000083b00000, 0x0000000083b00000|100%| O|  |TAMS 0x0000000083b00000, 0x0000000083b00000| Untracked 
|  59|0x0000000083b00000, 0x0000000083c00000, 0x0000000083c00000|100%| O|  |TAMS 0x0000000083c00000, 0x0000000083c00000| Untracked 
|  60|0x0000000083c00000, 0x0000000083d00000, 0x0000000083d00000|100%| O|  |TAMS 0x0000000083d00000, 0x0000000083d00000| Untracked 
|  61|0x0000000083d00000, 0x0000000083e00000, 0x0000000083e00000|100%| O|  |TAMS 0x0000000083e00000, 0x0000000083e00000| Untracked 
|  62|0x0000000083e00000, 0x0000000083f00000, 0x0000000083f00000|100%| O|  |TAMS 0x0000000083f00000, 0x0000000083f00000| Untracked 
|  63|0x0000000083f00000, 0x0000000084000000, 0x0000000084000000|100%| O|  |TAMS 0x0000000084000000, 0x0000000084000000| Untracked 
|  64|0x0000000084000000, 0x0000000084100000, 0x0000000084100000|100%| O|  |TAMS 0x0000000084100000, 0x0000000084100000| Untracked 
|  65|0x0000000084100000, 0x0000000084200000, 0x0000000084200000|100%| O|  |TAMS 0x0000000084200000, 0x0000000084200000| Untracked 
|  66|0x0000000084200000, 0x0000000084300000, 0x0000000084300000|100%| O|  |TAMS 0x0000000084300000, 0x0000000084300000| Untracked 
|  67|0x0000000084300000, 0x0000000084400000, 0x0000000084400000|100%| O|  |TAMS 0x0000000084400000, 0x0000000084400000| Untracked 
|  68|0x0000000084400000, 0x0000000084500000, 0x0000000084500000|100%| O|  |TAMS 0x0000000084410200, 0x0000000084500000| Untracked 
|  69|0x0000000084500000, 0x0000000084600000, 0x0000000084600000|100%| O|  |TAMS 0x0000000084500000, 0x0000000084600000| Untracked 
|  70|0x0000000084600000, 0x0000000084700000, 0x0000000084700000|100%| O|  |TAMS 0x0000000084600000, 0x0000000084700000| Untracked 
|  71|0x0000000084700000, 0x0000000084700000, 0x0000000084800000|  0%| F|  |TAMS 0x0000000084700000, 0x0000000084700000| Untracked 
|  72|0x0000000084800000, 0x0000000084800000, 0x0000000084900000|  0%| F|  |TAMS 0x0000000084800000, 0x0000000084800000| Untracked 
|  73|0x0000000084900000, 0x0000000084900000, 0x0000000084a00000|  0%| F|  |TAMS 0x0000000084900000, 0x0000000084900000| Untracked 
|  74|0x0000000084a00000, 0x0000000084a00000, 0x0000000084b00000|  0%| F|  |TAMS 0x0000000084a00000, 0x0000000084a00000| Untracked 
|  75|0x0000000084b00000, 0x0000000084b00000, 0x0000000084c00000|  0%| F|  |TAMS 0x0000000084b00000, 0x0000000084b00000| Untracked 
|  76|0x0000000084c00000, 0x0000000084c00000, 0x0000000084d00000|  0%| F|  |TAMS 0x0000000084c00000, 0x0000000084c00000| Untracked 
|  77|0x0000000084d00000, 0x0000000084d00000, 0x0000000084e00000|  0%| F|  |TAMS 0x0000000084d00000, 0x0000000084d00000| Untracked 
|  78|0x0000000084e00000, 0x0000000084e00000, 0x0000000084f00000|  0%| F|  |TAMS 0x0000000084e00000, 0x0000000084e00000| Untracked 
|  79|0x0000000084f00000, 0x0000000084f00000, 0x0000000085000000|  0%| F|  |TAMS 0x0000000084f00000, 0x0000000084f00000| Untracked 
|  80|0x0000000085000000, 0x0000000085000000, 0x0000000085100000|  0%| F|  |TAMS 0x0000000085000000, 0x0000000085000000| Untracked 
|  81|0x0000000085100000, 0x0000000085100000, 0x0000000085200000|  0%| F|  |TAMS 0x0000000085100000, 0x0000000085100000| Untracked 
|  82|0x0000000085200000, 0x0000000085200000, 0x0000000085300000|  0%| F|  |TAMS 0x0000000085200000, 0x0000000085200000| Untracked 
|  83|0x0000000085300000, 0x0000000085300000, 0x0000000085400000|  0%| F|  |TAMS 0x0000000085300000, 0x0000000085300000| Untracked 
|  84|0x0000000085400000, 0x0000000085400000, 0x0000000085500000|  0%| F|  |TAMS 0x0000000085400000, 0x0000000085400000| Untracked 
|  85|0x0000000085500000, 0x0000000085500000, 0x0000000085600000|  0%| F|  |TAMS 0x0000000085500000, 0x0000000085500000| Untracked 
|  86|0x0000000085600000, 0x0000000085600000, 0x0000000085700000|  0%| F|  |TAMS 0x0000000085600000, 0x0000000085600000| Untracked 
|  87|0x0000000085700000, 0x0000000085700000, 0x0000000085800000|  0%| F|  |TAMS 0x0000000085700000, 0x0000000085700000| Untracked 
|  88|0x0000000085800000, 0x0000000085800000, 0x0000000085900000|  0%| F|  |TAMS 0x0000000085800000, 0x0000000085800000| Untracked 
|  89|0x0000000085900000, 0x0000000085900000, 0x0000000085a00000|  0%| F|  |TAMS 0x0000000085900000, 0x0000000085900000| Untracked 
|  90|0x0000000085a00000, 0x0000000085a00000, 0x0000000085b00000|  0%| F|  |TAMS 0x0000000085a00000, 0x0000000085a00000| Untracked 
|  91|0x0000000085b00000, 0x0000000085b00000, 0x0000000085c00000|  0%| F|  |TAMS 0x0000000085b00000, 0x0000000085b00000| Untracked 
|  92|0x0000000085c00000, 0x0000000085c00000, 0x0000000085d00000|  0%| F|  |TAMS 0x0000000085c00000, 0x0000000085c00000| Untracked 
|  93|0x0000000085d00000, 0x0000000085e00000, 0x0000000085e00000|100%| O|  |TAMS 0x0000000085e00000, 0x0000000085e00000| Untracked 
|  94|0x0000000085e00000, 0x0000000085e00000, 0x0000000085f00000|  0%| F|  |TAMS 0x0000000085e00000, 0x0000000085e00000| Untracked 
|  95|0x0000000085f00000, 0x0000000085f00000, 0x0000000086000000|  0%| F|  |TAMS 0x0000000085f00000, 0x0000000085f00000| Untracked 
|  96|0x0000000086000000, 0x0000000086000000, 0x0000000086100000|  0%| F|  |TAMS 0x0000000086000000, 0x0000000086000000| Untracked 
|  97|0x0000000086100000, 0x0000000086100000, 0x0000000086200000|  0%| F|  |TAMS 0x0000000086100000, 0x0000000086100000| Untracked 
|  98|0x0000000086200000, 0x0000000086200000, 0x0000000086300000|  0%| F|  |TAMS 0x0000000086200000, 0x0000000086200000| Untracked 
|  99|0x0000000086300000, 0x00000000863f0700, 0x0000000086400000| 93%| S|CS|TAMS 0x0000000086300000, 0x0000000086300000| Complete 
| 100|0x0000000086400000, 0x0000000086500000, 0x0000000086500000|100%| S|CS|TAMS 0x0000000086400000, 0x0000000086400000| Complete 
| 101|0x0000000086500000, 0x0000000086600000, 0x0000000086600000|100%| S|CS|TAMS 0x0000000086500000, 0x0000000086500000| Complete 
| 102|0x0000000086600000, 0x0000000086600000, 0x0000000086700000|  0%| F|  |TAMS 0x0000000086600000, 0x0000000086600000| Untracked 
| 103|0x0000000086700000, 0x0000000086700000, 0x0000000086800000|  0%| F|  |TAMS 0x0000000086700000, 0x0000000086700000| Untracked 
| 104|0x0000000086800000, 0x0000000086800000, 0x0000000086900000|  0%| F|  |TAMS 0x0000000086800000, 0x0000000086800000| Untracked 
| 105|0x0000000086900000, 0x0000000086900000, 0x0000000086a00000|  0%| F|  |TAMS 0x0000000086900000, 0x0000000086900000| Untracked 
| 106|0x0000000086a00000, 0x0000000086a00000, 0x0000000086b00000|  0%| F|  |TAMS 0x0000000086a00000, 0x0000000086a00000| Untracked 
| 107|0x0000000086b00000, 0x0000000086b00000, 0x0000000086c00000|  0%| F|  |TAMS 0x0000000086b00000, 0x0000000086b00000| Untracked 
| 108|0x0000000086c00000, 0x0000000086c00000, 0x0000000086d00000|  0%| F|  |TAMS 0x0000000086c00000, 0x0000000086c00000| Untracked 
| 109|0x0000000086d00000, 0x0000000086d00000, 0x0000000086e00000|  0%| F|  |TAMS 0x0000000086d00000, 0x0000000086d00000| Untracked 
| 110|0x0000000086e00000, 0x0000000086e00000, 0x0000000086f00000|  0%| F|  |TAMS 0x0000000086e00000, 0x0000000086e00000| Untracked 
| 111|0x0000000086f00000, 0x0000000086f00000, 0x0000000087000000|  0%| F|  |TAMS 0x0000000086f00000, 0x0000000086f00000| Untracked 
| 112|0x0000000087000000, 0x0000000087000000, 0x0000000087100000|  0%| F|  |TAMS 0x0000000087000000, 0x0000000087000000| Untracked 
| 113|0x0000000087100000, 0x0000000087100000, 0x0000000087200000|  0%| F|  |TAMS 0x0000000087100000, 0x0000000087100000| Untracked 
| 114|0x0000000087200000, 0x0000000087200000, 0x0000000087300000|  0%| F|  |TAMS 0x0000000087200000, 0x0000000087200000| Untracked 
| 115|0x0000000087300000, 0x0000000087300000, 0x0000000087400000|  0%| F|  |TAMS 0x0000000087300000, 0x0000000087300000| Untracked 
| 116|0x0000000087400000, 0x0000000087400000, 0x0000000087500000|  0%| F|  |TAMS 0x0000000087400000, 0x0000000087400000| Untracked 
| 117|0x0000000087500000, 0x0000000087500000, 0x0000000087600000|  0%| F|  |TAMS 0x0000000087500000, 0x0000000087500000| Untracked 
| 118|0x0000000087600000, 0x0000000087600000, 0x0000000087700000|  0%| F|  |TAMS 0x0000000087600000, 0x0000000087600000| Untracked 
| 119|0x0000000087700000, 0x0000000087700000, 0x0000000087800000|  0%| F|  |TAMS 0x0000000087700000, 0x0000000087700000| Untracked 
| 120|0x0000000087800000, 0x0000000087800000, 0x0000000087900000|  0%| F|  |TAMS 0x0000000087800000, 0x0000000087800000| Untracked 
| 121|0x0000000087900000, 0x0000000087900000, 0x0000000087a00000|  0%| F|  |TAMS 0x0000000087900000, 0x0000000087900000| Untracked 
| 122|0x0000000087a00000, 0x0000000087a00000, 0x0000000087b00000|  0%| F|  |TAMS 0x0000000087a00000, 0x0000000087a00000| Untracked 
| 123|0x0000000087b00000, 0x0000000087b00000, 0x0000000087c00000|  0%| F|  |TAMS 0x0000000087b00000, 0x0000000087b00000| Untracked 
| 124|0x0000000087c00000, 0x0000000087c00000, 0x0000000087d00000|  0%| F|  |TAMS 0x0000000087c00000, 0x0000000087c00000| Untracked 
| 125|0x0000000087d00000, 0x0000000087d00000, 0x0000000087e00000|  0%| F|  |TAMS 0x0000000087d00000, 0x0000000087d00000| Untracked 
| 126|0x0000000087e00000, 0x0000000087e00000, 0x0000000087f00000|  0%| F|  |TAMS 0x0000000087e00000, 0x0000000087e00000| Untracked 
| 127|0x0000000087f00000, 0x0000000087f00000, 0x0000000088000000|  0%| F|  |TAMS 0x0000000087f00000, 0x0000000087f00000| Untracked 
| 128|0x0000000088000000, 0x0000000088000000, 0x0000000088100000|  0%| F|  |TAMS 0x0000000088000000, 0x0000000088000000| Untracked 
| 129|0x0000000088100000, 0x0000000088100000, 0x0000000088200000|  0%| F|  |TAMS 0x0000000088100000, 0x0000000088100000| Untracked 
| 130|0x0000000088200000, 0x0000000088200000, 0x0000000088300000|  0%| F|  |TAMS 0x0000000088200000, 0x0000000088200000| Untracked 
| 131|0x0000000088300000, 0x0000000088300000, 0x0000000088400000|  0%| F|  |TAMS 0x0000000088300000, 0x0000000088300000| Untracked 
| 132|0x0000000088400000, 0x0000000088400000, 0x0000000088500000|  0%| F|  |TAMS 0x0000000088400000, 0x0000000088400000| Untracked 
| 133|0x0000000088500000, 0x0000000088500000, 0x0000000088600000|  0%| F|  |TAMS 0x0000000088500000, 0x0000000088500000| Untracked 
| 134|0x0000000088600000, 0x0000000088600000, 0x0000000088700000|  0%| F|  |TAMS 0x0000000088600000, 0x0000000088600000| Untracked 
| 135|0x0000000088700000, 0x0000000088700000, 0x0000000088800000|  0%| F|  |TAMS 0x0000000088700000, 0x0000000088700000| Untracked 

Card table byte_map: [0x000002a919410000,0x000002a919810000] _byte_map_base: 0x000002a919010000

Marking Bits (Prev, Next): (CMBitMap*) 0x000002a90655d0a8, (CMBitMap*) 0x000002a90655d0e0
 Prev Bits: [0x000002a919c10000, 0x000002a91bc10000)
 Next Bits: [0x000002a91bc10000, 0x000002a91dc10000)

Polling page: 0x000002a9042e0000

Metaspace:

Usage:
  Non-class:     75.59 MB capacity,    74.30 MB ( 98%) used,     1.06 MB (  1%) free+waste,   234.25 KB ( <1%) overhead. 
      Class:     11.74 MB capacity,    10.99 MB ( 94%) used,   653.03 KB (  5%) free+waste,   106.19 KB ( <1%) overhead. 
       Both:     87.33 MB capacity,    85.30 MB ( 98%) used,     1.70 MB (  2%) free+waste,   340.44 KB ( <1%) overhead. 

Virtual space:
  Non-class space:       76.00 MB reserved,      75.75 MB (>99%) committed 
      Class space:        1.00 GB reserved,      11.82 MB (  1%) committed 
             Both:        1.07 GB reserved,      87.57 MB (  8%) committed 

Chunk freelists:
   Non-Class:  36.00 KB
       Class:  14.00 KB
        Both:  50.00 KB

MaxMetaspaceSize: 17179869184.00 GB
CompressedClassSpaceSize: 1.00 GB

CodeHeap 'non-profiled nmethods': size=120064Kb used=4102Kb max_used=4102Kb free=115961Kb
 bounds [0x000002a911ad0000, 0x000002a911ee0000, 0x000002a919010000]
CodeHeap 'profiled nmethods': size=120000Kb used=18353Kb max_used=18353Kb free=101646Kb
 bounds [0x000002a90a5a0000, 0x000002a90b790000, 0x000002a911ad0000]
CodeHeap 'non-nmethods': size=5696Kb used=2281Kb max_used=2309Kb free=3414Kb
 bounds [0x000002a90a010000, 0x000002a90a280000, 0x000002a90a5a0000]
 total_blobs=10076 nmethods=9193 adapters=794
 compilation: enabled
              stopped_count=0, restarted_count=0
 full_count=0

Compilation events (20 events):
Event: 23.641 Thread 0x000002a92012d800 nmethod 9339 0x000002a911ecad90 code [0x000002a911ecaf40, 0x000002a911ecb078]
Event: 23.641 Thread 0x000002a92012d800 9343       4       java.security.CodeSource::<init> (52 bytes)
Event: 23.649 Thread 0x000002a92012d800 nmethod 9343 0x000002a911ecb190 code [0x000002a911ecb340, 0x000002a911ecb828]
Event: 23.649 Thread 0x000002a92012d800 9334   !   4       java.lang.ClassLoader::checkCerts (195 bytes)
Event: 23.698 Thread 0x000002a92012d800 nmethod 9334 0x000002a911ecb990 code [0x000002a911ecbc20, 0x000002a911ecd000]
Event: 23.698 Thread 0x000002a92012d800 9344       4       java.util.jar.JarFile$1::apply (9 bytes)
Event: 23.701 Thread 0x000002a92012d800 nmethod 9344 0x000002a911ecdc10 code [0x000002a911ecddc0, 0x000002a911ece098]
Event: 23.701 Thread 0x000002a92012d800 9345       4       java.lang.String::indexOf (65 bytes)
Event: 23.702 Thread 0x000002a92012d800 nmethod 9345 0x000002a911ece290 code [0x000002a911ece420, 0x000002a911ece638]
Event: 23.702 Thread 0x000002a92012d800 9346       4       java.lang.ReflectiveOperationException::<init> (7 bytes)
Event: 23.711 Thread 0x000002a92012d800 nmethod 9346 0x000002a911ece710 code [0x000002a911ece8c0, 0x000002a911ecf088]
Event: 23.711 Thread 0x000002a92012d800 9331       4       java.net.URLStreamHandler::setURL (73 bytes)
Event: 23.740 Thread 0x000002a92012d800 nmethod 9331 0x000002a911ecf210 code [0x000002a911ecf3c0, 0x000002a911ecfee8]
Event: 23.740 Thread 0x000002a92012d800 9332   !   4       java.net.URL::set (114 bytes)
Event: 23.754 Thread 0x000002a92012d800 nmethod 9332 0x000002a911ed0310 code [0x000002a911ed04a0, 0x000002a911ed0d38]
Event: 23.754 Thread 0x000002a92012d800 9317       4       sun.net.www.protocol.jar.Handler::parseContextSpec (150 bytes)
Event: 23.770 Thread 0x000002a92012d800 nmethod 9317 0x000002a911ed0e10 code [0x000002a911ed0fe0, 0x000002a911ed1688]
Event: 23.821 Thread 0x000002a92012d800 9347   !   4       java.util.concurrent.ConcurrentHashMap::putVal (432 bytes)
Event: 23.850 Thread 0x000002a920131000 9349       3       kotlin.reflect.jvm.internal.impl.name.FqNameUnsafe::<init> (28 bytes)
Event: 23.850 Thread 0x000002a920131000 nmethod 9349 0x000002a90b78c190 code [0x000002a90b78c360, 0x000002a90b78c668]

GC Heap History (20 events):
Event: 15.664 GC heap after
{Heap after GC invocations=20 (full 0):
 garbage-first heap   total 96256K, used 54964K [0x0000000080000000, 0x0000000100000000)
  region size 1024K, 2 young (2048K), 2 survivors (2048K)
 Metaspace       used 63613K, capacity 65212K, committed 65484K, reserved 1105920K
  class space    used 8018K, capacity 8596K, committed 8652K, reserved 1048576K
}
Event: 16.254 GC heap before
{Heap before GC invocations=21 (full 0):
 garbage-first heap   total 96256K, used 80564K [0x0000000080000000, 0x0000000100000000)
  region size 1024K, 26 young (26624K), 2 survivors (2048K)
 Metaspace       used 66001K, capacity 67562K, committed 67788K, reserved 1107968K
  class space    used 8324K, capacity 8884K, committed 8908K, reserved 1048576K
}
Event: 16.262 GC heap after
{Heap after GC invocations=22 (full 0):
 garbage-first heap   total 115712K, used 55760K [0x0000000080000000, 0x0000000100000000)
  region size 1024K, 3 young (3072K), 3 survivors (3072K)
 Metaspace       used 66001K, capacity 67562K, committed 67788K, reserved 1107968K
  class space    used 8324K, capacity 8884K, committed 8908K, reserved 1048576K
}
Event: 16.998 GC heap before
{Heap before GC invocations=22 (full 0):
 garbage-first heap   total 115712K, used 87504K [0x0000000080000000, 0x0000000100000000)
  region size 1024K, 34 young (34816K), 3 survivors (3072K)
 Metaspace       used 66685K, capacity 68335K, committed 68428K, reserved 1107968K
  class space    used 8412K, capacity 8988K, committed 9036K, reserved 1048576K
}
Event: 17.011 GC heap after
{Heap after GC invocations=23 (full 0):
 garbage-first heap   total 115712K, used 58788K [0x0000000080000000, 0x0000000100000000)
  region size 1024K, 5 young (5120K), 5 survivors (5120K)
 Metaspace       used 66685K, capacity 68335K, committed 68428K, reserved 1107968K
  class space    used 8412K, capacity 8988K, committed 9036K, reserved 1048576K
}
Event: 17.863 GC heap before
{Heap before GC invocations=24 (full 0):
 garbage-first heap   total 115712K, used 89508K [0x0000000080000000, 0x0000000100000000)
  region size 1024K, 35 young (35840K), 5 survivors (5120K)
 Metaspace       used 70451K, capacity 72043K, committed 72140K, reserved 1112064K
  class space    used 8999K, capacity 9605K, committed 9676K, reserved 1048576K
}
Event: 17.888 GC heap after
{Heap after GC invocations=25 (full 0):
 garbage-first heap   total 115712K, used 60907K [0x0000000080000000, 0x0000000100000000)
  region size 1024K, 2 young (2048K), 2 survivors (2048K)
 Metaspace       used 70451K, capacity 72043K, committed 72140K, reserved 1112064K
  class space    used 8999K, capacity 9605K, committed 9676K, reserved 1048576K
}
Event: 18.737 GC heap before
{Heap before GC invocations=25 (full 0):
 garbage-first heap   total 115712K, used 90603K [0x0000000080000000, 0x0000000100000000)
  region size 1024K, 31 young (31744K), 2 survivors (2048K)
 Metaspace       used 73350K, capacity 75095K, committed 75340K, reserved 1114112K
  class space    used 9413K, capacity 10038K, committed 10060K, reserved 1048576K
}
Event: 18.747 GC heap after
{Heap after GC invocations=26 (full 0):
 garbage-first heap   total 115712K, used 62811K [0x0000000080000000, 0x0000000100000000)
  region size 1024K, 4 young (4096K), 4 survivors (4096K)
 Metaspace       used 73350K, capacity 75095K, committed 75340K, reserved 1114112K
  class space    used 9413K, capacity 10038K, committed 10060K, reserved 1048576K
}
Event: 19.406 GC heap before
{Heap before GC invocations=27 (full 0):
 garbage-first heap   total 115712K, used 92507K [0x0000000080000000, 0x0000000100000000)
  region size 1024K, 33 young (33792K), 4 survivors (4096K)
 Metaspace       used 75554K, capacity 77338K, committed 77516K, reserved 1116160K
  class space    used 9726K, capacity 10349K, committed 10444K, reserved 1048576K
}
Event: 19.418 GC heap after
{Heap after GC invocations=28 (full 0):
 garbage-first heap   total 115712K, used 64862K [0x0000000080000000, 0x0000000100000000)
  region size 1024K, 5 young (5120K), 5 survivors (5120K)
 Metaspace       used 75554K, capacity 77338K, committed 77516K, reserved 1116160K
  class space    used 9726K, capacity 10349K, committed 10444K, reserved 1048576K
}
Event: 20.170 GC heap before
{Heap before GC invocations=28 (full 0):
 garbage-first heap   total 115712K, used 93534K [0x0000000080000000, 0x0000000100000000)
  region size 1024K, 33 young (33792K), 5 survivors (5120K)
 Metaspace       used 79544K, capacity 81270K, committed 81356K, reserved 1120256K
  class space    used 10283K, capacity 10925K, committed 10956K, reserved 1048576K
}
Event: 20.188 GC heap after
{Heap after GC invocations=29 (full 0):
 garbage-first heap   total 139264K, used 66528K [0x0000000080000000, 0x0000000100000000)
  region size 1024K, 4 young (4096K), 4 survivors (4096K)
 Metaspace       used 79544K, capacity 81270K, committed 81356K, reserved 1120256K
  class space    used 10283K, capacity 10925K, committed 10956K, reserved 1048576K
}
Event: 21.217 GC heap before
{Heap before GC invocations=30 (full 0):
 garbage-first heap   total 139264K, used 103392K [0x0000000080000000, 0x0000000100000000)
  region size 1024K, 41 young (41984K), 4 survivors (4096K)
 Metaspace       used 83083K, capacity 85004K, committed 85196K, reserved 1122304K
  class space    used 10686K, capacity 11358K, committed 11468K, reserved 1048576K
}
Event: 21.237 GC heap after
{Heap after GC invocations=31 (full 0):
 garbage-first heap   total 139264K, used 70935K [0x0000000080000000, 0x0000000100000000)
  region size 1024K, 6 young (6144K), 6 survivors (6144K)
 Metaspace       used 83083K, capacity 85004K, committed 85196K, reserved 1122304K
  class space    used 10686K, capacity 11358K, committed 11468K, reserved 1048576K
}
Event: 22.292 GC heap before
{Heap before GC invocations=31 (full 0):
 garbage-first heap   total 139264K, used 105751K [0x0000000080000000, 0x0000000100000000)
  region size 1024K, 41 young (41984K), 6 survivors (6144K)
 Metaspace       used 84426K, capacity 86474K, committed 86732K, reserved 1124352K
  class space    used 10869K, capacity 11624K, committed 11724K, reserved 1048576K
}
Event: 22.311 GC heap after
{Heap after GC invocations=32 (full 0):
 garbage-first heap   total 139264K, used 73792K [0x0000000080000000, 0x0000000100000000)
  region size 1024K, 3 young (3072K), 3 survivors (3072K)
 Metaspace       used 84426K, capacity 86474K, committed 86732K, reserved 1124352K
  class space    used 10869K, capacity 11624K, committed 11724K, reserved 1048576K
}
Event: 23.176 GC heap before
{Heap before GC invocations=33 (full 0):
 garbage-first heap   total 139264K, used 108608K [0x0000000080000000, 0x0000000100000000)
  region size 1024K, 38 young (38912K), 3 survivors (3072K)
 Metaspace       used 84920K, capacity 86923K, committed 86988K, reserved 1124352K
  class space    used 10905K, capacity 11676K, committed 11724K, reserved 1048576K
}
Event: 23.186 GC heap after
{Heap after GC invocations=34 (full 0):
 garbage-first heap   total 139264K, used 76267K [0x0000000080000000, 0x0000000100000000)
  region size 1024K, 3 young (3072K), 3 survivors (3072K)
 Metaspace       used 84920K, capacity 86923K, committed 86988K, reserved 1124352K
  class space    used 10905K, capacity 11676K, committed 11724K, reserved 1048576K
}
Event: 23.872 GC heap before
{Heap before GC invocations=34 (full 0):
 garbage-first heap   total 139264K, used 110059K [0x0000000080000000, 0x0000000100000000)
  region size 1024K, 37 young (37888K), 3 survivors (3072K)
 Metaspace       used 87344K, capacity 89422K, committed 89676K, reserved 1126400K
  class space    used 11258K, capacity 12018K, committed 12108K, reserved 1048576K
}

Deoptimization events (20 events):
Event: 23.282 Thread 0x000002a9255ea000 DEOPT PACKING pc=0x000002a911e9bf4c sp=0x000000fc843f6f50
Event: 23.282 Thread 0x000002a9255ea000 DEOPT UNPACKING pc=0x000002a90a03782f sp=0x000000fc843f6e98 mode 2
Event: 23.615 Thread 0x000002a9255ea000 Uncommon trap: trap_request=0xffffffbe fr.pc=0x000002a911e20be8 relative=0x0000000000000a68
Event: 23.615 Thread 0x000002a9255ea000 Uncommon trap: reason=profile_predicate action=maybe_recompile pc=0x000002a911e20be8 method=jdk.internal.jimage.ImageStringsReader.charsFromByteBuffer([CLjava/nio/ByteBuffer;)V @ 6 c2
Event: 23.615 Thread 0x000002a9255ea000 DEOPT PACKING pc=0x000002a911e20be8 sp=0x000000fc843f5070
Event: 23.615 Thread 0x000002a9255ea000 DEOPT UNPACKING pc=0x000002a90a03782f sp=0x000000fc843f4f48 mode 2
Event: 23.615 Thread 0x000002a9255ea000 Uncommon trap: trap_request=0xffffffbe fr.pc=0x000002a911e20be8 relative=0x0000000000000a68
Event: 23.615 Thread 0x000002a9255ea000 Uncommon trap: reason=profile_predicate action=maybe_recompile pc=0x000002a911e20be8 method=jdk.internal.jimage.ImageStringsReader.charsFromByteBuffer([CLjava/nio/ByteBuffer;)V @ 6 c2
Event: 23.615 Thread 0x000002a9255ea000 DEOPT PACKING pc=0x000002a911e20be8 sp=0x000000fc843f5070
Event: 23.615 Thread 0x000002a9255ea000 DEOPT UNPACKING pc=0x000002a90a03782f sp=0x000000fc843f4f48 mode 2
Event: 23.615 Thread 0x000002a9255ea000 Uncommon trap: trap_request=0xffffffbe fr.pc=0x000002a911e20be8 relative=0x0000000000000a68
Event: 23.615 Thread 0x000002a9255ea000 Uncommon trap: reason=profile_predicate action=maybe_recompile pc=0x000002a911e20be8 method=jdk.internal.jimage.ImageStringsReader.charsFromByteBuffer([CLjava/nio/ByteBuffer;)V @ 6 c2
Event: 23.615 Thread 0x000002a9255ea000 DEOPT PACKING pc=0x000002a911e20be8 sp=0x000000fc843f5070
Event: 23.615 Thread 0x000002a9255ea000 DEOPT UNPACKING pc=0x000002a90a03782f sp=0x000000fc843f4f48 mode 2
Event: 23.615 Thread 0x000002a9255ea000 Uncommon trap: trap_request=0xffffffbe fr.pc=0x000002a911e20be8 relative=0x0000000000000a68
Event: 23.615 Thread 0x000002a9255ea000 Uncommon trap: reason=profile_predicate action=maybe_recompile pc=0x000002a911e20be8 method=jdk.internal.jimage.ImageStringsReader.charsFromByteBuffer([CLjava/nio/ByteBuffer;)V @ 6 c2
Event: 23.615 Thread 0x000002a9255ea000 DEOPT PACKING pc=0x000002a911e20be8 sp=0x000000fc843f5070
Event: 23.615 Thread 0x000002a9255ea000 DEOPT UNPACKING pc=0x000002a90a03782f sp=0x000000fc843f4f48 mode 2
Event: 23.773 Thread 0x000002a9255ea000 DEOPT PACKING pc=0x000002a90b772855 sp=0x000000fc843f4950
Event: 23.773 Thread 0x000002a9255ea000 DEOPT UNPACKING pc=0x000002a90a03764e sp=0x000000fc843f3e70 mode 0

Classes redefined (0 events):
No events

Internal exceptions (20 events):
Event: 20.617 Thread 0x000002a922829800 Exception <a 'java/lang/NoSuchMethodError'{0x0000000087eff4f0}: 'java.lang.Object java.lang.invoke.Invokers$Holder.linkToTargetMethod(java.lang.Object, int, int, java.lang.Object)'> (0x0000000087eff4f0) thrown at [./src/hotspot/share/interpreter/linkResolver.cpp, line 773]
Event: 20.961 Thread 0x000002a922829800 Exception <a 'java/lang/NoSuchMethodError'{0x0000000086ecd680}: <clinit>> (0x0000000086ecd680) thrown at [./src/hotspot/share/prims/jni.cpp, line 1362]
Event: 20.967 Thread 0x000002a922829800 Exception <a 'java/lang/NoSuchMethodError'{0x0000000086d06e68}: <clinit>> (0x0000000086d06e68) thrown at [./src/hotspot/share/prims/jni.cpp, line 1362]
Event: 21.014 Thread 0x000002a922829800 Exception <a 'sun/nio/fs/WindowsException'{0x0000000086b17660}> (0x0000000086b17660) thrown at [./src/hotspot/share/prims/jni.cpp, line 615]
Event: 21.092 Thread 0x000002a921762000 Exception <a 'java/lang/NoSuchMethodError'{0x0000000086838a88}: <clinit>> (0x0000000086838a88) thrown at [./src/hotspot/share/prims/jni.cpp, line 1362]
Event: 21.093 Thread 0x000002a921762000 Exception <a 'java/lang/NoSuchMethodError'{0x00000000868443f8}: <clinit>> (0x00000000868443f8) thrown at [./src/hotspot/share/prims/jni.cpp, line 1362]
Event: 21.099 Thread 0x000002a921762000 Exception <a 'java/lang/NoSuchMethodError'{0x0000000086880778}: <clinit>> (0x0000000086880778) thrown at [./src/hotspot/share/prims/jni.cpp, line 1362]
Event: 21.102 Thread 0x000002a921762000 Exception <a 'java/lang/NoSuchMethodError'{0x0000000086894248}: <clinit>> (0x0000000086894248) thrown at [./src/hotspot/share/prims/jni.cpp, line 1362]
Event: 21.102 Thread 0x000002a921762000 Exception <a 'java/lang/NoSuchMethodError'{0x00000000868959c8}: <clinit>> (0x00000000868959c8) thrown at [./src/hotspot/share/prims/jni.cpp, line 1362]
Event: 21.144 Thread 0x000002a9255ee000 Exception <a 'java/lang/NoSuchMethodError'{0x000000008669e278}: <clinit>> (0x000000008669e278) thrown at [./src/hotspot/share/prims/jni.cpp, line 1362]
Event: 21.148 Thread 0x000002a9255ee000 Exception <a 'java/lang/NoSuchMethodError'{0x00000000866b2e30}: <clinit>> (0x00000000866b2e30) thrown at [./src/hotspot/share/prims/jni.cpp, line 1362]
Event: 21.153 Thread 0x000002a9255ee000 Exception <a 'java/lang/NoSuchMethodError'{0x00000000865fc5d8}: <clinit>> (0x00000000865fc5d8) thrown at [./src/hotspot/share/prims/jni.cpp, line 1362]
Event: 21.192 Thread 0x000002a921762000 Exception <a 'java/lang/NoSuchMethodError'{0x0000000086399240}: <clinit>> (0x0000000086399240) thrown at [./src/hotspot/share/prims/jni.cpp, line 1362]
Event: 21.274 Thread 0x000002a9255e9000 Exception <a 'java/lang/NoSuchMethodError'{0x00000000887ba988}: 'java.lang.Object java.lang.invoke.Invokers$Holder.linkToTargetMethod(java.lang.Object, java.lang.Object, java.lang.Object, int, java.lang.Object, java.lang.Object)'> (0x00000000887ba988) thrown at [./src/hotspot/share/interpreter/linkResolver.cpp, line 773]
Event: 21.294 Thread 0x000002a9255e9000 Exception <a 'java/lang/IncompatibleClassChangeError'{0x000000008861cf80}: Found class java.lang.Object, but interface was expected> (0x000000008861cf80) thrown at [./src/hotspot/share/interpreter/linkResolver.cpp, line 839]
Event: 21.342 Thread 0x000002a9255e9000 Exception <a 'java/lang/NoSuchMethodError'{0x00000000885e6910}: 'int java.lang.invoke.DirectMethodHandle$Holder.invokeStaticInit(java.lang.Object, java.lang.Object, java.lang.Object, java.lang.Object, java.lang.Object)'> (0x00000000885e6910) thrown at [./src/hotspot/share/interpreter/linkResolver.cpp, line 773]
Event: 21.813 Thread 0x000002a921bc7000 Exception <a 'java/lang/NoSuchMethodError'{0x000000008789d3c0}: 'java.lang.Object java.lang.invoke.DirectMethodHandle$Holder.invokeSpecialIFC(java.lang.Object, java.lang.Object, java.lang.Object)'> (0x000000008789d3c0) thrown at [./src/hotspot/share/interpreter/linkResolver.cpp, line 773]
Event: 21.813 Thread 0x000002a9255e9000 Exception <a 'java/lang/NoSuchMethodError'{0x00000000878770f8}: 'java.lang.Object java.lang.invoke.DirectMethodHandle$Holder.invokeSpecialIFC(java.lang.Object, java.lang.Object, java.lang.Object)'> (0x00000000878770f8) thrown at [./src/hotspot/share/interpreter/linkResolver.cpp, line 773]
Event: 22.443 Thread 0x000002a921bc3000 Exception <a 'java/lang/NoSuchMethodError'{0x00000000884e4408}: 'void java.lang.invoke.DirectMethodHandle$Holder.invokeVirtual(java.lang.Object, java.lang.Object)'> (0x00000000884e4408) thrown at [./src/hotspot/share/interpreter/linkResolver.cpp, line 773]
Event: 22.444 Thread 0x000002a9255e9000 Exception <a 'java/lang/NoSuchMethodError'{0x00000000884981c0}: 'void java.lang.invoke.DirectMethodHandle$Holder.invokeVirtual(java.lang.Object, java.lang.Object)'> (0x00000000884981c0) thrown at [./src/hotspot/share/interpreter/linkResolver.cpp, line 773]

Events (20 events):
Event: 23.866 loading class kotlin/reflect/jvm/internal/impl/descriptors/PackageFragmentProviderKt done
Event: 23.867 loading class kotlin/reflect/jvm/internal/impl/descriptors/runtime/structure/ReflectJavaPackage
Event: 23.867 loading class kotlin/reflect/jvm/internal/impl/descriptors/runtime/structure/ReflectJavaPackage done
Event: 23.868 loading class kotlin/reflect/jvm/internal/impl/load/java/structure/JavaPackage
Event: 23.868 loading class kotlin/reflect/jvm/internal/impl/load/java/structure/JavaPackage done
Event: 23.869 loading class kotlin/reflect/jvm/internal/impl/load/java/structure/JavaAnnotationOwner
Event: 23.869 loading class kotlin/reflect/jvm/internal/impl/load/java/structure/JavaAnnotationOwner done
Event: 23.869 loading class kotlin/reflect/jvm/internal/impl/load/java/structure/JavaElement
Event: 23.869 loading class kotlin/reflect/jvm/internal/impl/load/java/structure/JavaElement done
Event: 23.869 loading class kotlin/reflect/jvm/internal/impl/descriptors/runtime/structure/ReflectJavaElement
Event: 23.869 loading class kotlin/reflect/jvm/internal/impl/descriptors/runtime/structure/ReflectJavaElement done
Event: 23.870 loading class kotlin/reflect/jvm/internal/impl/load/java/lazy/LazyJavaPackageFragmentProvider$getPackageFragment$1
Event: 23.870 loading class kotlin/reflect/jvm/internal/impl/load/java/lazy/LazyJavaPackageFragmentProvider$getPackageFragment$1 done
Event: 23.870 loading class kotlin/reflect/jvm/internal/impl/storage/LockBasedStorageManager$KeyWithComputation
Event: 23.870 loading class kotlin/reflect/jvm/internal/impl/storage/LockBasedStorageManager$KeyWithComputation done
Event: 23.871 loading class kotlin/reflect/jvm/internal/impl/load/java/lazy/descriptors/LazyJavaPackageFragment
Event: 23.871 loading class kotlin/reflect/jvm/internal/impl/load/java/lazy/descriptors/LazyJavaPackageFragment done
Event: 23.872 loading class kotlin/reflect/jvm/internal/impl/load/java/lazy/ContextKt
Event: 23.872 loading class kotlin/reflect/jvm/internal/impl/load/java/lazy/ContextKt done
Event: 23.872 Executing VM operation: G1CollectForAllocation


Dynamic libraries:
0x00007ff7d60b0000 - 0x00007ff7d60ba000 	C:\Program Files\Android\Android Studio\jre\bin\java.exe
0x00007ffcbcdb0000 - 0x00007ffcbcfa5000 	C:\Windows\SYSTEM32\ntdll.dll
0x00007ffcbcb70000 - 0x00007ffcbcc2d000 	C:\Windows\System32\KERNEL32.DLL
0x00007ffcbaa00000 - 0x00007ffcbaccd000 	C:\Windows\System32\KERNELBASE.dll
0x00007ffcbacd0000 - 0x00007ffcbadd0000 	C:\Windows\System32\ucrtbase.dll
0x00007ffcb5900000 - 0x00007ffcb5919000 	C:\Program Files\Android\Android Studio\jre\bin\jli.dll
0x00007ffcb5920000 - 0x00007ffcb5937000 	C:\Program Files\Android\Android Studio\jre\bin\VCRUNTIME140.dll
0x00007ffcbae00000 - 0x00007ffcbafa0000 	C:\Windows\System32\USER32.dll
0x00007ffcba720000 - 0x00007ffcba742000 	C:\Windows\System32\win32u.dll
0x00007ffcbc080000 - 0x00007ffcbc0aa000 	C:\Windows\System32\GDI32.dll
0x00007ffcba750000 - 0x00007ffcba85b000 	C:\Windows\System32\gdi32full.dll
0x00007ffca8df0000 - 0x00007ffca908a000 	C:\Windows\WinSxS\amd64_microsoft.windows.common-controls_6595b64144ccf1df_6.0.19041.1110_none_60b5254171f9507e\COMCTL32.dll
0x00007ffcba960000 - 0x00007ffcba9fd000 	C:\Windows\System32\msvcp_win.dll
0x00007ffcbbe00000 - 0x00007ffcbbe9e000 	C:\Windows\System32\msvcrt.dll
0x00007ffcbbf40000 - 0x00007ffcbbf70000 	C:\Windows\System32\IMM32.DLL
0x00007ffcb43d0000 - 0x00007ffcb446d000 	C:\Program Files\Android\Android Studio\jre\bin\msvcp140.dll
0x00007ffc66210000 - 0x00007ffc66cdf000 	C:\Program Files\Android\Android Studio\jre\bin\server\jvm.dll
0x00007ffcbb440000 - 0x00007ffcbb4ee000 	C:\Windows\System32\ADVAPI32.dll
0x00007ffcbbea0000 - 0x00007ffcbbf3c000 	C:\Windows\System32\sechost.dll
0x00007ffcbbb20000 - 0x00007ffcbbc45000 	C:\Windows\System32\RPCRT4.dll
0x00007ffcbb500000 - 0x00007ffcbb508000 	C:\Windows\System32\PSAPI.DLL
0x00007ffcb3d30000 - 0x00007ffcb3d39000 	C:\Windows\SYSTEM32\WSOCK32.dll
0x00007ffcbc1e0000 - 0x00007ffcbc24b000 	C:\Windows\System32\WS2_32.dll
0x00007ffcb0c60000 - 0x00007ffcb0c87000 	C:\Windows\SYSTEM32\WINMM.dll
0x00007ffcb0c90000 - 0x00007ffcb0c9a000 	C:\Windows\SYSTEM32\VERSION.dll
0x00007ffcb8d50000 - 0x00007ffcb8d62000 	C:\Windows\SYSTEM32\kernel.appcore.dll
0x00007ffcafd20000 - 0x00007ffcafd31000 	C:\Program Files\Android\Android Studio\jre\bin\verify.dll
0x00007ffca9e40000 - 0x00007ffcaa024000 	C:\Windows\SYSTEM32\DBGHELP.DLL
0x00007ffca9ce0000 - 0x00007ffca9d0c000 	C:\Windows\SYSTEM32\dbgcore.DLL
0x00007ffcba860000 - 0x00007ffcba8e2000 	C:\Windows\System32\bcryptPrimitives.dll
0x00007ffca4100000 - 0x00007ffca4129000 	C:\Program Files\Android\Android Studio\jre\bin\java.dll
0x00007ffcb44c0000 - 0x00007ffcb44cb000 	C:\Program Files\Android\Android Studio\jre\bin\jimage.dll
0x00007ffca6d10000 - 0x00007ffca6d28000 	C:\Program Files\Android\Android Studio\jre\bin\zip.dll
0x00007ffcbc390000 - 0x00007ffcbcad4000 	C:\Windows\System32\SHELL32.dll
0x00007ffcb85a0000 - 0x00007ffcb8d34000 	C:\Windows\SYSTEM32\windows.storage.dll
0x00007ffcbb0e0000 - 0x00007ffcbb434000 	C:\Windows\System32\combase.dll
0x00007ffcb9eb0000 - 0x00007ffcb9edc000 	C:\Windows\SYSTEM32\Wldp.dll
0x00007ffcbba70000 - 0x00007ffcbbb1d000 	C:\Windows\System32\SHCORE.dll
0x00007ffcbc2d0000 - 0x00007ffcbc325000 	C:\Windows\System32\shlwapi.dll
0x00007ffcba400000 - 0x00007ffcba41f000 	C:\Windows\SYSTEM32\profapi.dll
0x00007ffca4780000 - 0x00007ffca479a000 	C:\Program Files\Android\Android Studio\jre\bin\net.dll
0x00007ffcac790000 - 0x00007ffcac89a000 	C:\Windows\SYSTEM32\WINHTTP.dll
0x00007ffcb9c10000 - 0x00007ffcb9c7a000 	C:\Windows\system32\mswsock.dll
0x00007ffc9b360000 - 0x00007ffc9b374000 	C:\Program Files\Android\Android Studio\jre\bin\nio.dll
0x00007ffc8e9e0000 - 0x00007ffc8ea07000 	C:\Users\Ahmed Farouk\.gradle\native\8bec1ad78214c89d9ad589b4d07fe93259594b29d510b10fafb7a158f7737e5d\windows-amd64\native-platform.dll
0x00007ffc8d700000 - 0x00007ffc8d83d000 	C:\Users\Ahmed Farouk\.gradle\native\53dbd7edfb1c66fb8903c78663c9afc45aea4f116125fa6feffd364cf09443e8\windows-amd64\native-platform-file-events.dll
0x00007ffcb3840000 - 0x00007ffcb384a000 	C:\Program Files\Android\Android Studio\jre\bin\management.dll
0x00007ffca5d30000 - 0x00007ffca5d3c000 	C:\Program Files\Android\Android Studio\jre\bin\management_ext.dll
0x00007ffcb9e00000 - 0x00007ffcb9e18000 	C:\Windows\SYSTEM32\CRYPTSP.dll
0x00007ffcb9530000 - 0x00007ffcb9564000 	C:\Windows\system32\rsaenh.dll
0x00007ffcbadd0000 - 0x00007ffcbadf7000 	C:\Windows\System32\bcrypt.dll
0x00007ffcba380000 - 0x00007ffcba3ae000 	C:\Windows\SYSTEM32\USERENV.dll
0x00007ffcb9e20000 - 0x00007ffcb9e2c000 	C:\Windows\SYSTEM32\CRYPTBASE.dll
0x00007ffcb9900000 - 0x00007ffcb993b000 	C:\Windows\SYSTEM32\IPHLPAPI.DLL
0x00007ffcbb0d0000 - 0x00007ffcbb0d8000 	C:\Windows\System32\NSI.dll
0x00007ffcb0af0000 - 0x00007ffcb0b07000 	C:\Windows\SYSTEM32\dhcpcsvc6.DLL
0x00007ffcb15b0000 - 0x00007ffcb15cd000 	C:\Windows\SYSTEM32\dhcpcsvc.DLL
0x00007ffcb9940000 - 0x00007ffcb9a0b000 	C:\Windows\SYSTEM32\DNSAPI.dll

dbghelp: loaded successfully - version: 4.0.5 - missing functions: none
symbol engine: initialized successfully - sym options: 0x614 - pdb path: .;C:\Program Files\Android\Android Studio\jre\bin;C:\Windows\SYSTEM32;C:\Windows\WinSxS\amd64_microsoft.windows.common-controls_6595b64144ccf1df_6.0.19041.1110_none_60b5254171f9507e;C:\Program Files\Android\Android Studio\jre\bin\server;C:\Users\Ahmed Farouk\.gradle\native\8bec1ad78214c89d9ad589b4d07fe93259594b29d510b10fafb7a158f7737e5d\windows-amd64;C:\Users\Ahmed Farouk\.gradle\native\53dbd7edfb1c66fb8903c78663c9afc45aea4f116125fa6feffd364cf09443e8\windows-amd64

VM Arguments:
jvm_args: --add-opens=java.base/java.util=ALL-UNNAMED --add-opens=java.base/java.lang=ALL-UNNAMED --add-opens=java.base/java.lang.invoke=ALL-UNNAMED --add-opens=java.base/java.util=ALL-UNNAMED --add-opens=java.prefs/java.util.prefs=ALL-UNNAMED --add-opens=java.prefs/java.util.prefs=ALL-UNNAMED --add-opens=java.base/java.nio.charset=ALL-UNNAMED --add-opens=java.base/java.net=ALL-UNNAMED --add-opens=java.base/java.util.concurrent.atomic=ALL-UNNAMED -Xmx2048m -Dfile.encoding=UTF-8 -Duser.country=US -Duser.language=en -Duser.variant 
java_command: org.gradle.launcher.daemon.bootstrap.GradleDaemon 7.0.2
java_class_path (initial): C:\Users\Ahmed Farouk\.gradle\wrapper\dists\gradle-7.0.2-bin\857tjihv64xamwrf0h14cai3r\gradle-7.0.2\lib\gradle-launcher-7.0.2.jar
Launcher Type: SUN_STANDARD

[Global flags]
     intx CICompilerCount                          = 3                                         {product} {ergonomic}
     uint ConcGCThreads                            = 1                                         {product} {ergonomic}
     uint G1ConcRefinementThreads                  = 4                                         {product} {ergonomic}
   size_t G1HeapRegionSize                         = 1048576                                   {product} {ergonomic}
    uintx GCDrainStackTargetSize                   = 64                                        {product} {ergonomic}
   size_t InitialHeapSize                          = 67108864                                  {product} {ergonomic}
   size_t MarkStackSize                            = 4194304                                   {product} {ergonomic}
   size_t MaxHeapSize                              = 2147483648                                {product} {command line}
   size_t MaxNewSize                               = 1287651328                                {product} {ergonomic}
   size_t MinHeapDeltaBytes                        = 1048576                                   {product} {ergonomic}
    uintx NonNMethodCodeHeapSize                   = 5830732                                {pd product} {ergonomic}
    uintx NonProfiledCodeHeapSize                  = 122913754                              {pd product} {ergonomic}
    uintx ProfiledCodeHeapSize                     = 122913754                              {pd product} {ergonomic}
    uintx ReservedCodeCacheSize                    = 251658240                              {pd product} {ergonomic}
     bool SegmentedCodeCache                       = true                                      {product} {ergonomic}
     bool UseCompressedClassPointers               = true                                 {lp64_product} {ergonomic}
     bool UseCompressedOops                        = true                                 {lp64_product} {ergonomic}
     bool UseG1GC                                  = true                                      {product} {ergonomic}
     bool UseLargePagesIndividualAllocation        = false                                  {pd product} {ergonomic}

Logging:
Log output configuration:
 #0: stdout all=warning uptime,level,tags
 #1: stderr all=off uptime,level,tags

Environment Variables:
JAVA_HOME=C:\Program Files\Java\jdk-11.0.3\bin
PATH=C:\Program Files (x86)\Intel\iCLS Client\;C:\Program Files\Intel\iCLS Client\;C:\Windows\system32;C:\Windows;C:\Windows\System32\Wbem;C:\Windows\System32\WindowsPowerShell\v1.0\;C:\Windows\System32\OpenSSH\;C:\Program Files\dotnet\;C:\Program Files\Intel\Intel(R) Management Engine Components\DAL;C:\Program Files\Intel\Intel(R) Management Engine Components\IPT;C:\Program Files (x86)\Intel\Intel(R) Management Engine Components\DAL;C:\Program Files (x86)\Intel\Intel(R) Management Engine Components\IPT;C:\Program Files\Java\jdk-11.0.3\bin;C:\Program Files\Git\cmd;C:\Users\Ahmed Farouk\AppData\Local\Microsoft\WindowsApps;C:\Users\Ahmed Farouk\.dotnet\tools;C:\Users\Ahmed Farouk\AppData\Local\Programs\Microsoft VS Code\bin;C:\Program Files\CodeBlocks\MinGW\bin;
USERNAME=Ahmed Farouk
OS=Windows_NT
PROCESSOR_IDENTIFIER=Intel64 Family 6 Model 58 Stepping 9, GenuineIntel



---------------  S Y S T E M  ---------------

OS: Windows 10 , 64 bit Build 19041 (10.0.19041.1706)
OS uptime: 1 days 10:40 hours

CPU:total 4 (initial active 4) (2 cores per cpu, 2 threads per core) family 6 model 58 stepping 9 microcode 0x21, cmov, cx8, fxsr, mmx, sse, sse2, sse3, ssse3, sse4.1, sse4.2, popcnt, avx, aes, clmul, erms, ht, tsc, tscinvbit, tscinv

Memory: 4k page, system-wide physical 4031M (238M free)
TotalPageFile size 8062M (AvailPageFile size 18M)
current process WorkingSet (physical memory assigned to process): 309M, peak: 309M
current process commit charge ("private bytes"): 384M, peak: 412M

vm_info: OpenJDK 64-Bit Server VM (11.0.10+0-b96-7249189) for windows-amd64 JRE (11.0.10+0-b96-7249189), built on Mar 31 2021 21:44:00 by "builder" with MS VC++ 14.0 (VS2015)

END.
