#
# There is insufficient memory for the Java Runtime Environment to continue.
# Native memory allocation (mmap) failed to map 333447168 bytes for Failed to commit area from 0x0000000095900000 to 0x00000000a9700000 of length 333447168.
# Possible reasons:
#   The system is out of physical RAM or swap space
#   The process is running with CompressedOops enabled, and the Java Heap may be blocking the growth of the native heap
# Possible solutions:
#   Reduce memory load on the system
#   Increase physical memory or swap space
#   Check if swap backing store is full
#   Decrease Java heap size (-Xmx/-Xms)
#   Decrease number of Java threads
#   Decrease Java thread stack sizes (-Xss)
#   Set larger code cache with -XX:ReservedCodeCacheSize=
#   JVM is running with Unscaled Compressed Oops mode in which the Java heap is
#     placed in the first 4GB address space. The Java Heap base address is the
#     maximum limit for the native heap growth. Please use -XX:HeapBaseMinAddress
#     to set the Java Heap base and to place the Java Heap above 4GB virtual address.
# This output file may be truncated or incomplete.
#
#  Out of Memory Error (./src/hotspot/os/windows/os_windows.cpp:3301), pid=13224, tid=6876
#
# JRE version: OpenJDK Runtime Environment (11.0.10) (build 11.0.10+0-b96-7249189)
# Java VM: OpenJDK 64-Bit Server VM (11.0.10+0-b96-7249189, mixed mode, tiered, compressed oops, g1 gc, windows-amd64)
# No core dump will be written. Minidumps are not enabled by default on client versions of Windows
#

---------------  S U M M A R Y ------------

Command Line: --add-opens=java.base/java.util=ALL-UNNAMED --add-opens=java.base/java.lang=ALL-UNNAMED --add-opens=java.base/java.lang.invoke=ALL-UNNAMED --add-opens=java.base/java.util=ALL-UNNAMED --add-opens=java.prefs/java.util.prefs=ALL-UNNAMED --add-opens=java.prefs/java.util.prefs=ALL-UNNAMED --add-opens=java.base/java.nio.charset=ALL-UNNAMED --add-opens=java.base/java.net=ALL-UNNAMED --add-opens=java.base/java.util.concurrent.atomic=ALL-UNNAMED -Xmx2048m -Dfile.encoding=UTF-8 -Duser.country=US -Duser.language=en -Duser.variant org.gradle.launcher.daemon.bootstrap.GradleDaemon 7.0.2

Host: Intel(R) Core(TM) i5-3320M CPU @ 2.60GHz, 4 cores, 3G,  Windows 10 , 64 bit Build 19041 (10.0.19041.1706)
Time: Thu Jul 28 01:44:47 2022 Pacific Daylight Time elapsed time: 2079.027299 seconds (0d 0h 34m 39s)

---------------  T H R E A D  ---------------

Current thread (0x000001f2a94b3000):  VMThread "VM Thread" [stack: 0x000000d918600000,0x000000d918700000] [id=6876]

Stack: [0x000000d918600000,0x000000d918700000]
[error occurred during error reporting (printing stack bounds), id 0xc0000005, EXCEPTION_ACCESS_VIOLATION (0xc0000005) at pc=0x000001f293410f2d]

Native frames: (J=compiled Java code, j=interpreted, Vv=VM code, C=native code)
V  [jvm.dll+0x5ecfaa]
V  [jvm.dll+0x722bd5]
V  [jvm.dll+0x72412d]
V  [jvm.dll+0x724745]
V  [jvm.dll+0x7246fb]
V  [jvm.dll+0x5ec348]
V  [jvm.dll+0x5ecad8]
C  [ntdll.dll+0xa209f]
C  [ntdll.dll+0x51454]
C  [ntdll.dll+0xa0bce]
C  0x000001f293410f2d

VM_Operation (0x000000d91aef9750): G1CollectForAllocation, mode: safepoint, requested by thread 0x000001f2b0b16000


---------------  P R O C E S S  ---------------

Threads class SMR info:
_java_thread_list=0x000001f2b490ecb0, length=63, elements={
0x000001f28f91f000, 0x000001f2a94b9000, 0x000001f2a94c4800, 0x000001f2a94db800,
0x000001f2a94dc800, 0x000001f2a94de000, 0x000001f2a9523800, 0x000001f2a952b000,
0x000001f2a952e800, 0x000001f2a9f96000, 0x000001f2ab5a3000, 0x000001f2ab361800,
0x000001f2ab9af800, 0x000001f2abc3a000, 0x000001f2abc3b000, 0x000001f2abc38800,
0x000001f2abc3b800, 0x000001f2abc3d000, 0x000001f2ae692800, 0x000001f2ae690800,
0x000001f2ae68f000, 0x000001f2ae691800, 0x000001f2ae69c000, 0x000001f2ae69b000,
0x000001f2ae699800, 0x000001f2b239f000, 0x000001f2b23a4000, 0x000001f2b23a0800,
0x000001f2b0b1a000, 0x000001f2b0b1f000, 0x000001f2b0b15000, 0x000001f2b23aa800,
0x000001f2b0b1f800, 0x000001f2b23a2800, 0x000001f2b0b1b000, 0x000001f2b23ab800,
0x000001f2aafb9000, 0x000001f2aafb0000, 0x000001f2aafb4000, 0x000001f2aafb5000,
0x000001f2aafb5800, 0x000001f2aafb6800, 0x000001f2aafb1000, 0x000001f2aafb7800,
0x000001f2aafb2800, 0x000001f2aafb1800, 0x000001f2aafbe000, 0x000001f2aafbb800,
0x000001f2aafb9800, 0x000001f2aafba800, 0x000001f2aafb8000, 0x000001f2aafbe800,
0x000001f2b0b1b800, 0x000001f2b0b16000, 0x000001f2b0b16800, 0x000001f2b0b20800,
0x000001f2b0b1d800, 0x000001f2b0b1e000, 0x000001f2b0b21800, 0x000001f2b0b24000,
0x000001f2b0b22000, 0x000001f2b23a3000, 0x000001f2b23a9800
}

Java Threads: ( => current thread )
  0x000001f28f91f000 JavaThread "main" [_thread_blocked, id=14556, stack(0x000000d918000000,0x000000d918100000)]
  0x000001f2a94b9000 JavaThread "Reference Handler" daemon [_thread_blocked, id=14148, stack(0x000000d918700000,0x000000d918800000)]
  0x000001f2a94c4800 JavaThread "Finalizer" daemon [_thread_blocked, id=7684, stack(0x000000d918800000,0x000000d918900000)]
  0x000001f2a94db800 JavaThread "Signal Dispatcher" daemon [_thread_blocked, id=15068, stack(0x000000d918900000,0x000000d918a00000)]
  0x000001f2a94dc800 JavaThread "Attach Listener" daemon [_thread_blocked, id=11976, stack(0x000000d918a00000,0x000000d918b00000)]
  0x000001f2a94de000 JavaThread "Service Thread" daemon [_thread_blocked, id=8564, stack(0x000000d918b00000,0x000000d918c00000)]
  0x000001f2a9523800 JavaThread "C2 CompilerThread0" daemon [_thread_in_native, id=7076, stack(0x000000d918c00000,0x000000d918d00000)]
  0x000001f2a952b000 JavaThread "C1 CompilerThread0" daemon [_thread_blocked, id=14300, stack(0x000000d918d00000,0x000000d918e00000)]
  0x000001f2a952e800 JavaThread "Sweeper thread" daemon [_thread_blocked, id=13440, stack(0x000000d918e00000,0x000000d918f00000)]
  0x000001f2a9f96000 JavaThread "Common-Cleaner" daemon [_thread_blocked, id=13564, stack(0x000000d918f00000,0x000000d919000000)]
  0x000001f2ab5a3000 JavaThread "Daemon health stats" [_thread_blocked, id=9656, stack(0x000000d919200000,0x000000d919300000)]
  0x000001f2ab361800 JavaThread "Incoming local TCP Connector on port 51476" [_thread_in_native, id=13984, stack(0x000000d919300000,0x000000d919400000)]
  0x000001f2ab9af800 JavaThread "Daemon periodic checks" [_thread_blocked, id=12284, stack(0x000000d919400000,0x000000d919500000)]
  0x000001f2abc3a000 JavaThread "Cache worker for file hash cache (C:\Users\Ahmed Farouk\.gradle\caches\7.0.2\fileHashes)" [_thread_blocked, id=12952, stack(0x000000d919e00000,0x000000d919f00000)]
  0x000001f2abc3b000 JavaThread "File lock request listener" [_thread_in_native, id=1064, stack(0x000000d919f00000,0x000000d91a000000)]
  0x000001f2abc38800 JavaThread "Cache worker for journal cache (C:\Users\Ahmed Farouk\.gradle\caches\journal-1)" [_thread_blocked, id=5728, stack(0x000000d91a000000,0x000000d91a100000)]
  0x000001f2abc3b800 JavaThread "File watcher server" daemon [_thread_blocked, id=14384, stack(0x000000d91a200000,0x000000d91a300000)]
  0x000001f2abc3d000 JavaThread "File watcher consumer" daemon [_thread_blocked, id=9368, stack(0x000000d91a300000,0x000000d91a400000)]
  0x000001f2ae692800 JavaThread "Cache worker for execution history cache (C:\Users\Ahmed Farouk\.gradle\caches\7.0.2\executionHistory)" [_thread_blocked, id=13128, stack(0x000000d91a700000,0x000000d91a800000)]
  0x000001f2ae690800 JavaThread "jar transforms" [_thread_blocked, id=7196, stack(0x000000d91a800000,0x000000d91a900000)]
  0x000001f2ae68f000 JavaThread "jar transforms Thread 2" [_thread_blocked, id=6560, stack(0x000000d91a900000,0x000000d91aa00000)]
  0x000001f2ae691800 JavaThread "Cache worker for file content cache (C:\Users\Ahmed Farouk\.gradle\caches\7.0.2\fileContent)" [_thread_blocked, id=1300, stack(0x000000d91aa00000,0x000000d91ab00000)]
  0x000001f2ae69c000 JavaThread "jar transforms Thread 3" [_thread_blocked, id=10840, stack(0x000000d91ac00000,0x000000d91ad00000)]
  0x000001f2ae69b000 JavaThread "jar transforms Thread 4" [_thread_blocked, id=5224, stack(0x000000d91b200000,0x000000d91b300000)]
  0x000001f2ae699800 JavaThread "Memory manager" [_thread_blocked, id=10104, stack(0x000000d91b300000,0x000000d91b400000)]
  0x000001f2b239f000 JavaThread "pool-3-thread-1" [_thread_blocked, id=13424, stack(0x000000d91b500000,0x000000d91b600000)]
  0x000001f2b23a4000 JavaThread "Cache worker for Java compile cache (C:\Users\Ahmed Farouk\.gradle\caches\7.0.2\javaCompile)" [_thread_blocked, id=2540, stack(0x000000d91bb00000,0x000000d91bc00000)]
  0x000001f2b23a0800 JavaThread "pool-8-thread-1" [_thread_blocked, id=7380, stack(0x000000d91b000000,0x000000d91b100000)]
  0x000001f2b0b1a000 JavaThread "pool-11-thread-1" [_thread_blocked, id=13252, stack(0x000000d91b100000,0x000000d91b200000)]
  0x000001f2b0b1f000 JavaThread "pool-16-thread-1" [_thread_blocked, id=11936, stack(0x000000d91b400000,0x000000d91b500000)]
  0x000001f2b0b15000 JavaThread "pool-20-thread-1" [_thread_blocked, id=8904, stack(0x000000d91b600000,0x000000d91b700000)]
  0x000001f2b23aa800 JavaThread "pool-25-thread-1" [_thread_blocked, id=12936, stack(0x000000d91b700000,0x000000d91b800000)]
  0x000001f2b0b1f800 JavaThread "pool-30-thread-1" [_thread_blocked, id=10436, stack(0x000000d91b900000,0x000000d91ba00000)]
  0x000001f2b23a2800 JavaThread "pool-35-thread-1" [_thread_blocked, id=11992, stack(0x000000d91bc00000,0x000000d91bd00000)]
  0x000001f2b0b1b000 JavaThread "pool-40-thread-1" [_thread_blocked, id=9532, stack(0x000000d91b800000,0x000000d91b900000)]
  0x000001f2b23ab800 JavaThread "ForkJoinPool.commonPool-worker-1" daemon [_thread_blocked, id=13000, stack(0x000000d91cc00000,0x000000d91cd00000)]
  0x000001f2aafb9000 JavaThread "pool-45-thread-1" [_thread_blocked, id=14444, stack(0x000000d91af00000,0x000000d91b000000)]
  0x000001f2aafb0000 JavaThread "Daemon Thread 6" [_thread_blocked, id=14272, stack(0x000000d917d00000,0x000000d917e00000)]
  0x000001f2aafb4000 JavaThread "Handler for socket connection from /127.0.0.1:51476 to /127.0.0.1:51890" [_thread_in_native, id=8792, stack(0x000000d917e00000,0x000000d917f00000)]
  0x000001f2aafb5000 JavaThread "Cancel handler" [_thread_blocked, id=5208, stack(0x000000d917f00000,0x000000d918000000)]
  0x000001f2aafb5800 JavaThread "Daemon worker Thread 6" [_thread_blocked, id=3984, stack(0x000000d919500000,0x000000d919600000)]
  0x000001f2aafb6800 JavaThread "Asynchronous log dispatcher for DefaultDaemonConnection: socket connection from /127.0.0.1:51476 to /127.0.0.1:51890" [_thread_blocked, id=8236, stack(0x000000d919600000,0x000000d919700000)]
  0x000001f2aafb1000 JavaThread "Stdin handler" [_thread_blocked, id=10516, stack(0x000000d919700000,0x000000d919800000)]
  0x000001f2aafb7800 JavaThread "Daemon client event forwarder" [_thread_blocked, id=3508, stack(0x000000d919800000,0x000000d919900000)]
  0x000001f2aafb2800 JavaThread "Cache worker for file hash cache (C:\Users\Ahmed Farouk\AndroidStudioProjects\Salem\.gradle\7.0.2\fileHashes)" [_thread_blocked, id=14096, stack(0x000000d919900000,0x000000d919a00000)]
  0x000001f2aafb1800 JavaThread "Cache worker for checksums cache (C:\Users\Ahmed Farouk\AndroidStudioProjects\Salem\.gradle\checksums)" [_thread_blocked, id=7016, stack(0x000000d919a00000,0x000000d919b00000)]
  0x000001f2aafbe000 JavaThread "Cache worker for cache directory md-supplier (C:\Users\Ahmed Farouk\.gradle\caches\7.0.2\md-supplier)" [_thread_blocked, id=8228, stack(0x000000d919b00000,0x000000d919c00000)]
  0x000001f2aafbb800 JavaThread "Cache worker for cache directory md-rule (C:\Users\Ahmed Farouk\.gradle\caches\7.0.2\md-rule)" [_thread_blocked, id=8248, stack(0x000000d91a100000,0x000000d91a200000)]
  0x000001f2aafb9800 JavaThread "Cache worker for dependencies-accessors (C:\Users\Ahmed Farouk\AndroidStudioProjects\Salem\.gradle\7.0.2\dependencies-accessors)" [_thread_blocked, id=2728, stack(0x000000d91a400000,0x000000d91a500000)]
  0x000001f2aafba800 JavaThread "Cache worker for Build Output Cleanup Cache (C:\Users\Ahmed Farouk\AndroidStudioProjects\Salem\.gradle\buildOutputCleanup)" [_thread_blocked, id=4188, stack(0x000000d91a500000,0x000000d91a600000)]
  0x000001f2aafb8000 JavaThread "Build operations" [_thread_blocked, id=12136, stack(0x000000d91a600000,0x000000d91a700000)]
  0x000001f2aafbe800 JavaThread "Build operations Thread 2" [_thread_blocked, id=15224, stack(0x000000d91ab00000,0x000000d91ac00000)]
  0x000001f2b0b1b800 JavaThread "Build operations Thread 3" [_thread_blocked, id=4904, stack(0x000000d91ad00000,0x000000d91ae00000)]
  0x000001f2b0b16000 JavaThread "Build operations Thread 4" [_thread_blocked, id=13028, stack(0x000000d91ae00000,0x000000d91af00000)]
  0x000001f2b0b16800 JavaThread "build event listener" [_thread_blocked, id=5228, stack(0x000000d91bd00000,0x000000d91be00000)]
  0x000001f2b0b20800 JavaThread "pool-48-thread-1" [_thread_blocked, id=13088, stack(0x000000d91be00000,0x000000d91bf00000)]
  0x000001f2b0b1d800 JavaThread "build event listener" [_thread_blocked, id=13888, stack(0x000000d91bf00000,0x000000d91c000000)]
  0x000001f2b0b1e000 JavaThread "Execution worker for ':'" [_thread_blocked, id=11004, stack(0x000000d91c000000,0x000000d91c100000)]
  0x000001f2b0b21800 JavaThread "Execution worker for ':' Thread 2" [_thread_blocked, id=9976, stack(0x000000d91c100000,0x000000d91c200000)]
  0x000001f2b0b24000 JavaThread "Execution worker for ':' Thread 3" [_thread_blocked, id=8204, stack(0x000000d91c200000,0x000000d91c300000)]
  0x000001f2b0b22000 JavaThread "Cache worker for execution history cache (C:\Users\Ahmed Farouk\AndroidStudioProjects\Salem\.gradle\7.0.2\executionHistory)" [_thread_blocked, id=11536, stack(0x000000d91c300000,0x000000d91c400000)]
  0x000001f2b23a3000 JavaThread "WorkerExecutor Queue Thread 2" [_thread_blocked, id=6588, stack(0x000000d91c500000,0x000000d91c600000)]
  0x000001f2b23a9800 JavaThread "WorkerExecutor Queue Thread 3" [_thread_blocked, id=8048, stack(0x000000d91c600000,0x000000d91c700000)]

Other Threads:
=>0x000001f2a94b3000 VMThread "VM Thread" [stack: 0x000000d918600000,0x000000d918700000] [id=6876]
  0x000001f2a9fb7000 WatcherThread [stack: 0x000000d919000000,0x000000d919100000] [id=14176]
  0x000001f28f936800 GCTaskThread "GC Thread#0" [stack: 0x000000d918100000,0x000000d918200000] [id=5428]
  0x000001f2a9ebd800 GCTaskThread "GC Thread#1" [stack: 0x000000d919100000,0x000000d919200000] [id=7256]
  0x000001f2a9ebb000 GCTaskThread "GC Thread#2" [stack: 0x000000d919c00000,0x000000d919d00000] [id=12764]
  0x000001f2a9ec0000 GCTaskThread "GC Thread#3" [stack: 0x000000d919d00000,0x000000d919e00000] [id=14408]
  0x000001f28f966800 ConcurrentGCThread "G1 Main Marker" [stack: 0x000000d918200000,0x000000d918300000] [id=424]
  0x000001f28f96b000 ConcurrentGCThread "G1 Conc#0" [stack: 0x000000d918300000,0x000000d918400000] [id=6600]
  0x000001f28f9c1800 ConcurrentGCThread "G1 Refine#0" [stack: 0x000000d918400000,0x000000d918500000] [id=15240]
  0x000001f28f9c2800 ConcurrentGCThread "G1 Young RemSet Sampling" [stack: 0x000000d918500000,0x000000d918600000] [id=10392]

Threads with active compile tasks:
C2 CompilerThread02079069 32039 %     4       com.android.tools.r8.internal.U6::a @ 1577 (6044 bytes)

VM state:at safepoint (normal execution)

VM Mutex/Monitor currently owned by a thread:  ([mutex/lock_event])
[0x000001f28f91b440] Threads_lock - owner thread: 0x000001f2a94b3000
[0x000001f28f91bb90] Heap_lock - owner thread: 0x000001f2b0b16000

Heap address: 0x0000000080000000, size: 2048 MB, Compressed Oops mode: 32-bit
Narrow klass base: 0x0000000000000000, Narrow klass shift: 3
Compressed class space size: 1073741824 Address: 0x0000000100000000

Heap:
 garbage-first heap   total 678912K, used 227251K [0x0000000080000000, 0x0000000100000000)
  region size 1024K, 7 young (7168K), 7 survivors (7168K)
 Metaspace       used 188979K, capacity 194291K, committed 194456K, reserved 1218560K
  class space    used 23528K, capacity 25447K, committed 25548K, reserved 1048576K
Heap Regions: E=young(eden), S=young(survivor), O=old, HS=humongous(starts), HC=humongous(continues), CS=collection set, F=free, A=archive, TAMS=top-at-mark-start (previous, next)
|   0|0x0000000080000000, 0x0000000080100000, 0x0000000080100000|100%|HS|  |TAMS 0x0000000080100000, 0x0000000080000000| Complete 
|   1|0x0000000080100000, 0x0000000080200000, 0x0000000080200000|100%|HC|  |TAMS 0x0000000080200000, 0x0000000080100000| Complete 
|   2|0x0000000080200000, 0x0000000080300000, 0x0000000080300000|100%|HC|  |TAMS 0x0000000080300000, 0x0000000080200000| Complete 
|   3|0x0000000080300000, 0x0000000080400000, 0x0000000080400000|100%| O|  |TAMS 0x0000000080400000, 0x0000000080300000| Updating 
|   4|0x0000000080400000, 0x0000000080500000, 0x0000000080500000|100%| O|  |TAMS 0x0000000080500000, 0x0000000080400000| Updating 
|   5|0x0000000080500000, 0x0000000080600000, 0x0000000080600000|100%| O|  |TAMS 0x0000000080600000, 0x0000000080500000| Updating 
|   6|0x0000000080600000, 0x0000000080700000, 0x0000000080700000|100%| O|  |TAMS 0x0000000080700000, 0x0000000080600000| Updating 
|   7|0x0000000080700000, 0x0000000080800000, 0x0000000080800000|100%| O|  |TAMS 0x0000000080800000, 0x0000000080700000| Updating 
|   8|0x0000000080800000, 0x0000000080900000, 0x0000000080900000|100%| O|  |TAMS 0x0000000080900000, 0x0000000080800000| Updating 
|   9|0x0000000080900000, 0x0000000080a00000, 0x0000000080a00000|100%| O|  |TAMS 0x0000000080a00000, 0x0000000080900000| Updating 
|  10|0x0000000080a00000, 0x0000000080b00000, 0x0000000080b00000|100%| O|  |TAMS 0x0000000080b00000, 0x0000000080a00000| Updating 
|  11|0x0000000080b00000, 0x0000000080c00000, 0x0000000080c00000|100%| O|  |TAMS 0x0000000080c00000, 0x0000000080b00000| Updating 
|  12|0x0000000080c00000, 0x0000000080d00000, 0x0000000080d00000|100%| O|  |TAMS 0x0000000080d00000, 0x0000000080c00000| Updating 
|  13|0x0000000080d00000, 0x0000000080e00000, 0x0000000080e00000|100%| O|  |TAMS 0x0000000080e00000, 0x0000000080d00000| Updating 
|  14|0x0000000080e00000, 0x0000000080f00000, 0x0000000080f00000|100%| O|  |TAMS 0x0000000080f00000, 0x0000000080e00000| Updating 
|  15|0x0000000080f00000, 0x0000000081000000, 0x0000000081000000|100%| O|  |TAMS 0x0000000081000000, 0x0000000080f00000| Updating 
|  16|0x0000000081000000, 0x0000000081100000, 0x0000000081100000|100%| O|  |TAMS 0x0000000081100000, 0x0000000081000000| Updating 
|  17|0x0000000081100000, 0x0000000081200000, 0x0000000081200000|100%| O|  |TAMS 0x0000000081200000, 0x0000000081100000| Updating 
|  18|0x0000000081200000, 0x0000000081300000, 0x0000000081300000|100%| O|  |TAMS 0x0000000081300000, 0x0000000081200000| Updating 
|  19|0x0000000081300000, 0x0000000081400000, 0x0000000081400000|100%| O|  |TAMS 0x0000000081400000, 0x0000000081300000| Updating 
|  20|0x0000000081400000, 0x0000000081500000, 0x0000000081500000|100%| O|  |TAMS 0x0000000081500000, 0x0000000081400000| Updating 
|  21|0x0000000081500000, 0x0000000081600000, 0x0000000081600000|100%| O|  |TAMS 0x0000000081600000, 0x0000000081500000| Updating 
|  22|0x0000000081600000, 0x0000000081700000, 0x0000000081700000|100%| O|  |TAMS 0x0000000081700000, 0x0000000081600000| Updating 
|  23|0x0000000081700000, 0x0000000081800000, 0x0000000081800000|100%| O|  |TAMS 0x0000000081800000, 0x0000000081700000| Updating 
|  24|0x0000000081800000, 0x0000000081900000, 0x0000000081900000|100%| O|  |TAMS 0x0000000081900000, 0x0000000081800000| Updating 
|  25|0x0000000081900000, 0x0000000081a00000, 0x0000000081a00000|100%| O|  |TAMS 0x0000000081a00000, 0x0000000081900000| Updating 
|  26|0x0000000081a00000, 0x0000000081b00000, 0x0000000081b00000|100%| O|  |TAMS 0x0000000081b00000, 0x0000000081a00000| Updating 
|  27|0x0000000081b00000, 0x0000000081c00000, 0x0000000081c00000|100%|HS|  |TAMS 0x0000000081c00000, 0x0000000081b00000| Complete 
|  28|0x0000000081c00000, 0x0000000081d00000, 0x0000000081d00000|100%|HS|  |TAMS 0x0000000081d00000, 0x0000000081c00000| Complete 
|  29|0x0000000081d00000, 0x0000000081e00000, 0x0000000081e00000|100%|HS|  |TAMS 0x0000000081e00000, 0x0000000081d00000| Complete 
|  30|0x0000000081e00000, 0x0000000081f00000, 0x0000000081f00000|100%|HC|  |TAMS 0x0000000081f00000, 0x0000000081e00000| Complete 
|  31|0x0000000081f00000, 0x0000000082000000, 0x0000000082000000|100%| O|  |TAMS 0x0000000082000000, 0x0000000081f00000| Updating 
|  32|0x0000000082000000, 0x0000000082100000, 0x0000000082100000|100%| O|  |TAMS 0x0000000082100000, 0x0000000082000000| Updating 
|  33|0x0000000082100000, 0x0000000082200000, 0x0000000082200000|100%| O|  |TAMS 0x0000000082200000, 0x0000000082100000| Updating 
|  34|0x0000000082200000, 0x0000000082300000, 0x0000000082300000|100%| O|  |TAMS 0x0000000082300000, 0x0000000082200000| Updating 
|  35|0x0000000082300000, 0x0000000082400000, 0x0000000082400000|100%| O|  |TAMS 0x0000000082400000, 0x0000000082300000| Updating 
|  36|0x0000000082400000, 0x0000000082500000, 0x0000000082500000|100%| O|  |TAMS 0x0000000082500000, 0x0000000082400000| Updating 
|  37|0x0000000082500000, 0x0000000082600000, 0x0000000082600000|100%| O|  |TAMS 0x0000000082600000, 0x0000000082500000| Updating 
|  38|0x0000000082600000, 0x0000000082700000, 0x0000000082700000|100%| O|  |TAMS 0x0000000082700000, 0x0000000082600000| Updating 
|  39|0x0000000082700000, 0x0000000082800000, 0x0000000082800000|100%| O|  |TAMS 0x0000000082800000, 0x0000000082700000| Updating 
|  40|0x0000000082800000, 0x0000000082900000, 0x0000000082900000|100%| O|  |TAMS 0x0000000082900000, 0x0000000082800000| Updating 
|  41|0x0000000082900000, 0x0000000082a00000, 0x0000000082a00000|100%| O|  |TAMS 0x0000000082a00000, 0x0000000082900000| Updating 
|  42|0x0000000082a00000, 0x0000000082b00000, 0x0000000082b00000|100%| O|  |TAMS 0x0000000082b00000, 0x0000000082a00000| Updating 
|  43|0x0000000082b00000, 0x0000000082c00000, 0x0000000082c00000|100%| O|  |TAMS 0x0000000082c00000, 0x0000000082b00000| Updating 
|  44|0x0000000082c00000, 0x0000000082d00000, 0x0000000082d00000|100%| O|  |TAMS 0x0000000082d00000, 0x0000000082c00000| Updating 
|  45|0x0000000082d00000, 0x0000000082e00000, 0x0000000082e00000|100%| O|  |TAMS 0x0000000082e00000, 0x0000000082d00000| Updating 
|  46|0x0000000082e00000, 0x0000000082f00000, 0x0000000082f00000|100%| O|  |TAMS 0x0000000082f00000, 0x0000000082e00000| Updating 
|  47|0x0000000082f00000, 0x0000000083000000, 0x0000000083000000|100%| O|  |TAMS 0x0000000083000000, 0x0000000082f00000| Updating 
|  48|0x0000000083000000, 0x0000000083100000, 0x0000000083100000|100%| O|  |TAMS 0x0000000083100000, 0x0000000083000000| Updating 
|  49|0x0000000083100000, 0x0000000083200000, 0x0000000083200000|100%| O|  |TAMS 0x0000000083200000, 0x0000000083100000| Updating 
|  50|0x0000000083200000, 0x0000000083300000, 0x0000000083300000|100%| O|  |TAMS 0x0000000083300000, 0x0000000083200000| Updating 
|  51|0x0000000083300000, 0x0000000083400000, 0x0000000083400000|100%| O|  |TAMS 0x0000000083400000, 0x0000000083300000| Updating 
|  52|0x0000000083400000, 0x0000000083500000, 0x0000000083500000|100%|HS|  |TAMS 0x0000000083500000, 0x0000000083400000| Complete 
|  53|0x0000000083500000, 0x0000000083600000, 0x0000000083600000|100%| O|  |TAMS 0x0000000083600000, 0x0000000083500000| Updating 
|  54|0x0000000083600000, 0x0000000083700000, 0x0000000083700000|100%| O|  |TAMS 0x0000000083700000, 0x0000000083600000| Updating 
|  55|0x0000000083700000, 0x0000000083800000, 0x0000000083800000|100%| O|  |TAMS 0x0000000083800000, 0x0000000083700000| Updating 
|  56|0x0000000083800000, 0x0000000083900000, 0x0000000083900000|100%| O|  |TAMS 0x0000000083900000, 0x0000000083800000| Updating 
|  57|0x0000000083900000, 0x0000000083a00000, 0x0000000083a00000|100%| O|  |TAMS 0x0000000083a00000, 0x0000000083900000| Updating 
|  58|0x0000000083a00000, 0x0000000083b00000, 0x0000000083b00000|100%| O|  |TAMS 0x0000000083b00000, 0x0000000083a00000| Updating 
|  59|0x0000000083b00000, 0x0000000083c00000, 0x0000000083c00000|100%| O|  |TAMS 0x0000000083c00000, 0x0000000083b00000| Updating 
|  60|0x0000000083c00000, 0x0000000083d00000, 0x0000000083d00000|100%| O|  |TAMS 0x0000000083d00000, 0x0000000083c00000| Updating 
|  61|0x0000000083d00000, 0x0000000083e00000, 0x0000000083e00000|100%| O|  |TAMS 0x0000000083e00000, 0x0000000083d00000| Updating 
|  62|0x0000000083e00000, 0x0000000083f00000, 0x0000000083f00000|100%| O|  |TAMS 0x0000000083f00000, 0x0000000083e00000| Updating 
|  63|0x0000000083f00000, 0x0000000084000000, 0x0000000084000000|100%| O|  |TAMS 0x0000000084000000, 0x0000000083f00000| Updating 
|  64|0x0000000084000000, 0x0000000084100000, 0x0000000084100000|100%| O|  |TAMS 0x0000000084100000, 0x0000000084000000| Updating 
|  65|0x0000000084100000, 0x0000000084200000, 0x0000000084200000|100%| O|  |TAMS 0x0000000084200000, 0x0000000084100000| Updating 
|  66|0x0000000084200000, 0x0000000084300000, 0x0000000084300000|100%| O|  |TAMS 0x0000000084300000, 0x0000000084200000| Updating 
|  67|0x0000000084300000, 0x0000000084400000, 0x0000000084400000|100%| O|  |TAMS 0x0000000084400000, 0x0000000084300000| Updating 
|  68|0x0000000084400000, 0x0000000084500000, 0x0000000084500000|100%| O|  |TAMS 0x0000000084500000, 0x0000000084400000| Updating 
|  69|0x0000000084500000, 0x0000000084600000, 0x0000000084600000|100%| O|  |TAMS 0x0000000084600000, 0x0000000084500000| Updating 
|  70|0x0000000084600000, 0x0000000084700000, 0x0000000084700000|100%| O|  |TAMS 0x0000000084700000, 0x0000000084600000| Updating 
|  71|0x0000000084700000, 0x0000000084800000, 0x0000000084800000|100%| O|  |TAMS 0x0000000084800000, 0x0000000084700000| Updating 
|  72|0x0000000084800000, 0x0000000084900000, 0x0000000084900000|100%| O|  |TAMS 0x0000000084900000, 0x0000000084800000| Updating 
|  73|0x0000000084900000, 0x0000000084a00000, 0x0000000084a00000|100%| O|  |TAMS 0x0000000084a00000, 0x0000000084900000| Updating 
|  74|0x0000000084a00000, 0x0000000084b00000, 0x0000000084b00000|100%| O|  |TAMS 0x0000000084b00000, 0x0000000084a00000| Updating 
|  75|0x0000000084b00000, 0x0000000084c00000, 0x0000000084c00000|100%| O|  |TAMS 0x0000000084c00000, 0x0000000084b00000| Updating 
|  76|0x0000000084c00000, 0x0000000084d00000, 0x0000000084d00000|100%| O|  |TAMS 0x0000000084d00000, 0x0000000084c00000| Updating 
|  77|0x0000000084d00000, 0x0000000084e00000, 0x0000000084e00000|100%| O|  |TAMS 0x0000000084e00000, 0x0000000084d00000| Updating 
|  78|0x0000000084e00000, 0x0000000084f00000, 0x0000000084f00000|100%| O|  |TAMS 0x0000000084f00000, 0x0000000084e00000| Updating 
|  79|0x0000000084f00000, 0x0000000085000000, 0x0000000085000000|100%| O|  |TAMS 0x0000000085000000, 0x0000000084f00000| Updating 
|  80|0x0000000085000000, 0x0000000085100000, 0x0000000085100000|100%| O|  |TAMS 0x0000000085100000, 0x0000000085000000| Updating 
|  81|0x0000000085100000, 0x0000000085200000, 0x0000000085200000|100%| O|  |TAMS 0x0000000085200000, 0x0000000085100000| Updating 
|  82|0x0000000085200000, 0x0000000085300000, 0x0000000085300000|100%| O|  |TAMS 0x0000000085300000, 0x0000000085200000| Updating 
|  83|0x0000000085300000, 0x0000000085400000, 0x0000000085400000|100%| O|  |TAMS 0x0000000085400000, 0x0000000085300000| Updating 
|  84|0x0000000085400000, 0x0000000085500000, 0x0000000085500000|100%| O|  |TAMS 0x0000000085500000, 0x0000000085400000| Updating 
|  85|0x0000000085500000, 0x0000000085600000, 0x0000000085600000|100%| O|  |TAMS 0x0000000085600000, 0x0000000085500000| Updating 
|  86|0x0000000085600000, 0x0000000085700000, 0x0000000085700000|100%| O|  |TAMS 0x0000000085700000, 0x0000000085600000| Updating 
|  87|0x0000000085700000, 0x0000000085800000, 0x0000000085800000|100%| O|  |TAMS 0x0000000085800000, 0x0000000085700000| Updating 
|  88|0x0000000085800000, 0x0000000085900000, 0x0000000085900000|100%| O|  |TAMS 0x0000000085900000, 0x0000000085800000| Updating 
|  89|0x0000000085900000, 0x0000000085a00000, 0x0000000085a00000|100%| O|  |TAMS 0x0000000085a00000, 0x0000000085900000| Updating 
|  90|0x0000000085a00000, 0x0000000085b00000, 0x0000000085b00000|100%|HS|  |TAMS 0x0000000085b00000, 0x0000000085a00000| Complete 
|  91|0x0000000085b00000, 0x0000000085c00000, 0x0000000085c00000|100%|HC|  |TAMS 0x0000000085c00000, 0x0000000085b00000| Complete 
|  92|0x0000000085c00000, 0x0000000085d00000, 0x0000000085d00000|100%|HS|  |TAMS 0x0000000085d00000, 0x0000000085c00000| Complete 
|  93|0x0000000085d00000, 0x0000000085e00000, 0x0000000085e00000|100%|HC|  |TAMS 0x0000000085e00000, 0x0000000085d00000| Complete 
|  94|0x0000000085e00000, 0x0000000085f00000, 0x0000000085f00000|100%|HC|  |TAMS 0x0000000085f00000, 0x0000000085e00000| Complete 
|  95|0x0000000085f00000, 0x0000000086000000, 0x0000000086000000|100%| O|  |TAMS 0x0000000086000000, 0x0000000085f00000| Updating 
|  96|0x0000000086000000, 0x0000000086100000, 0x0000000086100000|100%| O|  |TAMS 0x0000000086100000, 0x0000000086000000| Updating 
|  97|0x0000000086100000, 0x0000000086200000, 0x0000000086200000|100%| O|  |TAMS 0x0000000086200000, 0x0000000086100000| Updating 
|  98|0x0000000086200000, 0x0000000086300000, 0x0000000086300000|100%| O|  |TAMS 0x0000000086300000, 0x0000000086200000| Updating 
|  99|0x0000000086300000, 0x0000000086400000, 0x0000000086400000|100%| O|  |TAMS 0x0000000086400000, 0x0000000086300000| Updating 
| 100|0x0000000086400000, 0x0000000086500000, 0x0000000086500000|100%|HS|  |TAMS 0x0000000086500000, 0x0000000086400000| Complete 
| 101|0x0000000086500000, 0x0000000086600000, 0x0000000086600000|100%|HC|  |TAMS 0x0000000086600000, 0x0000000086500000| Complete 
| 102|0x0000000086600000, 0x0000000086700000, 0x0000000086700000|100%|HC|  |TAMS 0x0000000086700000, 0x0000000086600000| Complete 
| 103|0x0000000086700000, 0x0000000086800000, 0x0000000086800000|100%| O|  |TAMS 0x0000000086800000, 0x0000000086700000| Updating 
| 104|0x0000000086800000, 0x0000000086900000, 0x0000000086900000|100%| O|  |TAMS 0x0000000086900000, 0x0000000086800000| Updating 
| 105|0x0000000086900000, 0x0000000086a00000, 0x0000000086a00000|100%| O|  |TAMS 0x0000000086a00000, 0x0000000086900000| Updating 
| 106|0x0000000086a00000, 0x0000000086b00000, 0x0000000086b00000|100%| O|  |TAMS 0x0000000086b00000, 0x0000000086a00000| Updating 
| 107|0x0000000086b00000, 0x0000000086c00000, 0x0000000086c00000|100%| O|  |TAMS 0x0000000086c00000, 0x0000000086b00000| Updating 
| 108|0x0000000086c00000, 0x0000000086d00000, 0x0000000086d00000|100%| O|  |TAMS 0x0000000086d00000, 0x0000000086c00000| Updating 
| 109|0x0000000086d00000, 0x0000000086e00000, 0x0000000086e00000|100%| O|  |TAMS 0x0000000086e00000, 0x0000000086d00000| Updating 
| 110|0x0000000086e00000, 0x0000000086f00000, 0x0000000086f00000|100%| O|  |TAMS 0x0000000086f00000, 0x0000000086e00000| Updating 
| 111|0x0000000086f00000, 0x0000000087000000, 0x0000000087000000|100%| O|  |TAMS 0x0000000087000000, 0x0000000086f00000| Updating 
| 112|0x0000000087000000, 0x0000000087100000, 0x0000000087100000|100%| O|  |TAMS 0x0000000087100000, 0x0000000087000000| Updating 
| 113|0x0000000087100000, 0x0000000087200000, 0x0000000087200000|100%| O|  |TAMS 0x0000000087200000, 0x0000000087100000| Updating 
| 114|0x0000000087200000, 0x0000000087300000, 0x0000000087300000|100%| O|  |TAMS 0x0000000087300000, 0x0000000087200000| Updating 
| 115|0x0000000087300000, 0x0000000087400000, 0x0000000087400000|100%|HS|  |TAMS 0x0000000087400000, 0x0000000087300000| Complete 
| 116|0x0000000087400000, 0x0000000087500000, 0x0000000087500000|100%|HC|  |TAMS 0x0000000087500000, 0x0000000087400000| Complete 
| 117|0x0000000087500000, 0x0000000087600000, 0x0000000087600000|100%|HC|  |TAMS 0x0000000087600000, 0x0000000087500000| Complete 
| 118|0x0000000087600000, 0x0000000087700000, 0x0000000087700000|100%| O|  |TAMS 0x0000000087700000, 0x0000000087600000| Updating 
| 119|0x0000000087700000, 0x0000000087800000, 0x0000000087800000|100%| O|  |TAMS 0x0000000087800000, 0x0000000087700000| Updating 
| 120|0x0000000087800000, 0x0000000087900000, 0x0000000087900000|100%| O|  |TAMS 0x0000000087900000, 0x0000000087800000| Updating 
| 121|0x0000000087900000, 0x0000000087a00000, 0x0000000087a00000|100%|HS|  |TAMS 0x0000000087a00000, 0x0000000087900000| Complete 
| 122|0x0000000087a00000, 0x0000000087b00000, 0x0000000087b00000|100%| O|  |TAMS 0x0000000087b00000, 0x0000000087a00000| Updating 
| 123|0x0000000087b00000, 0x0000000087c00000, 0x0000000087c00000|100%| O|  |TAMS 0x0000000087c00000, 0x0000000087b00000| Updating 
| 124|0x0000000087c00000, 0x0000000087d00000, 0x0000000087d00000|100%| O|  |TAMS 0x0000000087d00000, 0x0000000087c00000| Updating 
| 125|0x0000000087d00000, 0x0000000087e00000, 0x0000000087e00000|100%| O|  |TAMS 0x0000000087e00000, 0x0000000087d00000| Updating 
| 126|0x0000000087e00000, 0x0000000087f00000, 0x0000000087f00000|100%|HS|  |TAMS 0x0000000087f00000, 0x0000000087e00000| Complete 
| 127|0x0000000087f00000, 0x0000000088000000, 0x0000000088000000|100%|HC|  |TAMS 0x0000000088000000, 0x0000000087f00000| Complete 
| 128|0x0000000088000000, 0x0000000088100000, 0x0000000088100000|100%|HC|  |TAMS 0x0000000088100000, 0x0000000088000000| Complete 
| 129|0x0000000088100000, 0x0000000088200000, 0x0000000088200000|100%|HC|  |TAMS 0x0000000088200000, 0x0000000088100000| Complete 
| 130|0x0000000088200000, 0x0000000088300000, 0x0000000088300000|100%|HC|  |TAMS 0x0000000088300000, 0x0000000088200000| Complete 
| 131|0x0000000088300000, 0x0000000088400000, 0x0000000088400000|100%|HS|  |TAMS 0x0000000088400000, 0x0000000088300000| Complete 
| 132|0x0000000088400000, 0x0000000088500000, 0x0000000088500000|100%|HC|  |TAMS 0x0000000088500000, 0x0000000088400000| Complete 
| 133|0x0000000088500000, 0x0000000088600000, 0x0000000088600000|100%|HC|  |TAMS 0x0000000088600000, 0x0000000088500000| Complete 
| 134|0x0000000088600000, 0x0000000088700000, 0x0000000088700000|100%|HC|  |TAMS 0x0000000088700000, 0x0000000088600000| Complete 
| 135|0x0000000088700000, 0x0000000088800000, 0x0000000088800000|100%|HC|  |TAMS 0x0000000088800000, 0x0000000088700000| Complete 
| 136|0x0000000088800000, 0x0000000088900000, 0x0000000088900000|100%| O|  |TAMS 0x0000000088900000, 0x0000000088800000| Updating 
| 137|0x0000000088900000, 0x0000000088a00000, 0x0000000088a00000|100%| O|  |TAMS 0x0000000088a00000, 0x0000000088900000| Updating 
| 138|0x0000000088a00000, 0x0000000088b00000, 0x0000000088b00000|100%| O|  |TAMS 0x0000000088b00000, 0x0000000088a00000| Updating 
| 139|0x0000000088b00000, 0x0000000088c00000, 0x0000000088c00000|100%| O|  |TAMS 0x0000000088c00000, 0x0000000088b00000| Updating 
| 140|0x0000000088c00000, 0x0000000088d00000, 0x0000000088d00000|100%| O|  |TAMS 0x0000000088d00000, 0x0000000088c00000| Updating 
| 141|0x0000000088d00000, 0x0000000088e00000, 0x0000000088e00000|100%| O|  |TAMS 0x0000000088e00000, 0x0000000088d00000| Updating 
| 142|0x0000000088e00000, 0x0000000088f00000, 0x0000000088f00000|100%| O|  |TAMS 0x0000000088f00000, 0x0000000088e00000| Updating 
| 143|0x0000000088f00000, 0x0000000089000000, 0x0000000089000000|100%| O|  |TAMS 0x0000000089000000, 0x0000000088f00000| Updating 
| 144|0x0000000089000000, 0x0000000089100000, 0x0000000089100000|100%| O|  |TAMS 0x0000000089100000, 0x0000000089000000| Updating 
| 145|0x0000000089100000, 0x0000000089200000, 0x0000000089200000|100%| O|  |TAMS 0x0000000089200000, 0x0000000089100000| Updating 
| 146|0x0000000089200000, 0x0000000089300000, 0x0000000089300000|100%| O|  |TAMS 0x0000000089300000, 0x0000000089200000| Updating 
| 147|0x0000000089300000, 0x0000000089400000, 0x0000000089400000|100%| O|  |TAMS 0x0000000089400000, 0x0000000089300000| Updating 
| 148|0x0000000089400000, 0x0000000089500000, 0x0000000089500000|100%| O|  |TAMS 0x0000000089500000, 0x0000000089400000| Updating 
| 149|0x0000000089500000, 0x0000000089600000, 0x0000000089600000|100%| O|  |TAMS 0x0000000089600000, 0x0000000089500000| Updating 
| 150|0x0000000089600000, 0x0000000089700000, 0x0000000089700000|100%| O|  |TAMS 0x0000000089700000, 0x0000000089600000| Updating 
| 151|0x0000000089700000, 0x0000000089800000, 0x0000000089800000|100%| O|  |TAMS 0x0000000089800000, 0x0000000089700000| Updating 
| 152|0x0000000089800000, 0x0000000089900000, 0x0000000089900000|100%| O|  |TAMS 0x0000000089900000, 0x0000000089800000| Updating 
| 153|0x0000000089900000, 0x0000000089a00000, 0x0000000089a00000|100%| O|  |TAMS 0x0000000089a00000, 0x0000000089900000| Updating 
| 154|0x0000000089a00000, 0x0000000089b00000, 0x0000000089b00000|100%| O|  |TAMS 0x0000000089b00000, 0x0000000089a00000| Updating 
| 155|0x0000000089b00000, 0x0000000089c00000, 0x0000000089c00000|100%| O|  |TAMS 0x0000000089c00000, 0x0000000089b00000| Updating 
| 156|0x0000000089c00000, 0x0000000089d00000, 0x0000000089d00000|100%| O|  |TAMS 0x0000000089d00000, 0x0000000089c00000| Updating 
| 157|0x0000000089d00000, 0x0000000089e00000, 0x0000000089e00000|100%| O|  |TAMS 0x0000000089e00000, 0x0000000089d00000| Updating 
| 158|0x0000000089e00000, 0x0000000089f00000, 0x0000000089f00000|100%| O|  |TAMS 0x0000000089f00000, 0x0000000089e00000| Updating 
| 159|0x0000000089f00000, 0x000000008a000000, 0x000000008a000000|100%| O|  |TAMS 0x000000008a000000, 0x0000000089f00000| Updating 
| 160|0x000000008a000000, 0x000000008a100000, 0x000000008a100000|100%| O|  |TAMS 0x000000008a100000, 0x000000008a000000| Updating 
| 161|0x000000008a100000, 0x000000008a200000, 0x000000008a200000|100%| O|  |TAMS 0x000000008a200000, 0x000000008a100000| Updating 
| 162|0x000000008a200000, 0x000000008a300000, 0x000000008a300000|100%| O|  |TAMS 0x000000008a300000, 0x000000008a200000| Updating 
| 163|0x000000008a300000, 0x000000008a400000, 0x000000008a400000|100%| O|  |TAMS 0x000000008a400000, 0x000000008a300000| Updating 
| 164|0x000000008a400000, 0x000000008a500000, 0x000000008a500000|100%| O|  |TAMS 0x000000008a500000, 0x000000008a400000| Updating 
| 165|0x000000008a500000, 0x000000008a600000, 0x000000008a600000|100%| O|  |TAMS 0x000000008a600000, 0x000000008a500000| Updating 
| 166|0x000000008a600000, 0x000000008a700000, 0x000000008a700000|100%| O|  |TAMS 0x000000008a700000, 0x000000008a600000| Updating 
| 167|0x000000008a700000, 0x000000008a800000, 0x000000008a800000|100%| O|  |TAMS 0x000000008a800000, 0x000000008a700000| Updating 
| 168|0x000000008a800000, 0x000000008a900000, 0x000000008a900000|100%| O|  |TAMS 0x000000008a900000, 0x000000008a800000| Updating 
| 169|0x000000008a900000, 0x000000008aa00000, 0x000000008aa00000|100%| O|  |TAMS 0x000000008aa00000, 0x000000008a900000| Updating 
| 170|0x000000008aa00000, 0x000000008ab00000, 0x000000008ab00000|100%| O|  |TAMS 0x000000008ab00000, 0x000000008aa00000| Updating 
| 171|0x000000008ab00000, 0x000000008ac00000, 0x000000008ac00000|100%| O|  |TAMS 0x000000008ac00000, 0x000000008ab00000| Updating 
| 172|0x000000008ac00000, 0x000000008ad00000, 0x000000008ad00000|100%| O|  |TAMS 0x000000008ad00000, 0x000000008ac00000| Updating 
| 173|0x000000008ad00000, 0x000000008ae00000, 0x000000008ae00000|100%| O|  |TAMS 0x000000008ae00000, 0x000000008ad00000| Updating 
| 174|0x000000008ae00000, 0x000000008af00000, 0x000000008af00000|100%| O|  |TAMS 0x000000008af00000, 0x000000008ae00000| Updating 
| 175|0x000000008af00000, 0x000000008b000000, 0x000000008b000000|100%| O|  |TAMS 0x000000008b000000, 0x000000008af00000| Updating 
| 176|0x000000008b000000, 0x000000008b100000, 0x000000008b100000|100%| O|  |TAMS 0x000000008b100000, 0x000000008b000000| Updating 
| 177|0x000000008b100000, 0x000000008b200000, 0x000000008b200000|100%| O|  |TAMS 0x000000008b200000, 0x000000008b100000| Updating 
| 178|0x000000008b200000, 0x000000008b300000, 0x000000008b300000|100%| O|  |TAMS 0x000000008b300000, 0x000000008b200000| Updating 
| 179|0x000000008b300000, 0x000000008b400000, 0x000000008b400000|100%| O|  |TAMS 0x000000008b400000, 0x000000008b300000| Updating 
| 180|0x000000008b400000, 0x000000008b500000, 0x000000008b500000|100%| O|  |TAMS 0x000000008b500000, 0x000000008b400000| Updating 
| 181|0x000000008b500000, 0x000000008b600000, 0x000000008b600000|100%| O|  |TAMS 0x000000008b600000, 0x000000008b500000| Updating 
| 182|0x000000008b600000, 0x000000008b700000, 0x000000008b700000|100%| O|  |TAMS 0x000000008b700000, 0x000000008b600000| Updating 
| 183|0x000000008b700000, 0x000000008b800000, 0x000000008b800000|100%| O|  |TAMS 0x000000008b800000, 0x000000008b700000| Updating 
| 184|0x000000008b800000, 0x000000008b900000, 0x000000008b900000|100%| O|  |TAMS 0x000000008b900000, 0x000000008b800000| Updating 
| 185|0x000000008b900000, 0x000000008ba00000, 0x000000008ba00000|100%| O|  |TAMS 0x000000008ba00000, 0x000000008b900000| Updating 
| 186|0x000000008ba00000, 0x000000008bb00000, 0x000000008bb00000|100%| O|  |TAMS 0x000000008bb00000, 0x000000008ba00000| Updating 
| 187|0x000000008bb00000, 0x000000008bc00000, 0x000000008bc00000|100%| O|  |TAMS 0x000000008bc00000, 0x000000008bb00000| Updating 
| 188|0x000000008bc00000, 0x000000008bd00000, 0x000000008bd00000|100%| O|  |TAMS 0x000000008bd00000, 0x000000008bc00000| Updating 
| 189|0x000000008bd00000, 0x000000008be00000, 0x000000008be00000|100%| O|  |TAMS 0x000000008be00000, 0x000000008bd00000| Updating 
| 190|0x000000008be00000, 0x000000008beffff8, 0x000000008bf00000| 99%| O|  |TAMS 0x000000008beffff8, 0x000000008be00000| Updating 
| 191|0x000000008bf00000, 0x000000008c000000, 0x000000008c000000|100%| O|  |TAMS 0x000000008c000000, 0x000000008bf00000| Updating 
| 192|0x000000008c000000, 0x000000008c100000, 0x000000008c100000|100%| O|  |TAMS 0x000000008c100000, 0x000000008c000000| Updating 
| 193|0x000000008c100000, 0x000000008c200000, 0x000000008c200000|100%| O|  |TAMS 0x000000008c200000, 0x000000008c100000| Updating 
| 194|0x000000008c200000, 0x000000008c300000, 0x000000008c300000|100%| O|  |TAMS 0x000000008c300000, 0x000000008c200000| Updating 
| 195|0x000000008c300000, 0x000000008c400000, 0x000000008c400000|100%| O|  |TAMS 0x000000008c400000, 0x000000008c300000| Updating 
| 196|0x000000008c400000, 0x000000008c500000, 0x000000008c500000|100%| O|  |TAMS 0x000000008c500000, 0x000000008c400000| Updating 
| 197|0x000000008c500000, 0x000000008c600000, 0x000000008c600000|100%| O|  |TAMS 0x000000008c600000, 0x000000008c500000| Updating 
| 198|0x000000008c600000, 0x000000008c700000, 0x000000008c700000|100%| O|  |TAMS 0x000000008c700000, 0x000000008c600000| Updating 
| 199|0x000000008c700000, 0x000000008c800000, 0x000000008c800000|100%| O|  |TAMS 0x000000008c800000, 0x000000008c700000| Updating 
| 200|0x000000008c800000, 0x000000008c900000, 0x000000008c900000|100%| O|  |TAMS 0x000000008c900000, 0x000000008c800000| Updating 
| 201|0x000000008c900000, 0x000000008ca00000, 0x000000008ca00000|100%| O|  |TAMS 0x000000008ca00000, 0x000000008c900000| Updating 
| 202|0x000000008ca00000, 0x000000008cb00000, 0x000000008cb00000|100%| O|  |TAMS 0x000000008cb00000, 0x000000008ca00000| Updating 
| 203|0x000000008cb00000, 0x000000008cc00000, 0x000000008cc00000|100%| O|  |TAMS 0x000000008cb75e00, 0x000000008cb00000| Updating 
| 204|0x000000008cc00000, 0x000000008cd00000, 0x000000008cd00000|100%| O|  |TAMS 0x000000008cc00000, 0x000000008cc00000| Untracked 
| 205|0x000000008cd00000, 0x000000008ce00000, 0x000000008ce00000|100%| O|  |TAMS 0x000000008cd00000, 0x000000008cd00000| Untracked 
| 206|0x000000008ce00000, 0x000000008cf00000, 0x000000008cf00000|100%| O|  |TAMS 0x000000008ce00000, 0x000000008ce00000| Untracked 
| 207|0x000000008cf00000, 0x000000008d000000, 0x000000008d000000|100%| O|  |TAMS 0x000000008cf00000, 0x000000008cf00000| Untracked 
| 208|0x000000008d000000, 0x000000008d100000, 0x000000008d100000|100%| O|  |TAMS 0x000000008d000000, 0x000000008d000000| Untracked 
| 209|0x000000008d100000, 0x000000008d200000, 0x000000008d200000|100%| O|  |TAMS 0x000000008d100000, 0x000000008d100000| Updating 
| 210|0x000000008d200000, 0x000000008d300000, 0x000000008d300000|100%| O|  |TAMS 0x000000008d200000, 0x000000008d200000| Untracked 
| 211|0x000000008d300000, 0x000000008d400000, 0x000000008d400000|100%| O|  |TAMS 0x000000008d300000, 0x000000008d300000| Untracked 
| 212|0x000000008d400000, 0x000000008d500000, 0x000000008d500000|100%| O|  |TAMS 0x000000008d400000, 0x000000008d400000| Untracked 
| 213|0x000000008d500000, 0x000000008d600000, 0x000000008d600000|100%| O|  |TAMS 0x000000008d500000, 0x000000008d500000| Untracked 
| 214|0x000000008d600000, 0x000000008d6ece00, 0x000000008d700000| 92%| O|  |TAMS 0x000000008d600000, 0x000000008d600000| Untracked 
| 215|0x000000008d700000, 0x000000008d700000, 0x000000008d800000|  0%| F|  |TAMS 0x000000008d700000, 0x000000008d700000| Untracked 
| 216|0x000000008d800000, 0x000000008d800000, 0x000000008d900000|  0%| F|  |TAMS 0x000000008d800000, 0x000000008d800000| Untracked 
| 217|0x000000008d900000, 0x000000008d900000, 0x000000008da00000|  0%| F|  |TAMS 0x000000008d900000, 0x000000008d900000| Untracked 
| 218|0x000000008da00000, 0x000000008da00000, 0x000000008db00000|  0%| F|  |TAMS 0x000000008da00000, 0x000000008da00000| Untracked 
| 219|0x000000008db00000, 0x000000008db00000, 0x000000008dc00000|  0%| F|  |TAMS 0x000000008db00000, 0x000000008db00000| Untracked 
| 220|0x000000008dc00000, 0x000000008dc00000, 0x000000008dd00000|  0%| F|  |TAMS 0x000000008dc00000, 0x000000008dc00000| Untracked 
| 221|0x000000008dd00000, 0x000000008dd00000, 0x000000008de00000|  0%| F|  |TAMS 0x000000008dd00000, 0x000000008dd00000| Untracked 
| 222|0x000000008de00000, 0x000000008de00000, 0x000000008df00000|  0%| F|  |TAMS 0x000000008de00000, 0x000000008de00000| Untracked 
| 223|0x000000008df00000, 0x000000008df00000, 0x000000008e000000|  0%| F|  |TAMS 0x000000008df00000, 0x000000008df00000| Untracked 
| 224|0x000000008e000000, 0x000000008e000000, 0x000000008e100000|  0%| F|  |TAMS 0x000000008e000000, 0x000000008e000000| Untracked 
| 225|0x000000008e100000, 0x000000008e100000, 0x000000008e200000|  0%| F|  |TAMS 0x000000008e100000, 0x000000008e100000| Untracked 
| 226|0x000000008e200000, 0x000000008e200000, 0x000000008e300000|  0%| F|  |TAMS 0x000000008e200000, 0x000000008e200000| Untracked 
| 227|0x000000008e300000, 0x000000008e300000, 0x000000008e400000|  0%| F|  |TAMS 0x000000008e300000, 0x000000008e300000| Untracked 
| 228|0x000000008e400000, 0x000000008e400000, 0x000000008e500000|  0%| F|  |TAMS 0x000000008e400000, 0x000000008e400000| Untracked 
| 229|0x000000008e500000, 0x000000008e500000, 0x000000008e600000|  0%| F|  |TAMS 0x000000008e500000, 0x000000008e500000| Untracked 
| 230|0x000000008e600000, 0x000000008e600000, 0x000000008e700000|  0%| F|  |TAMS 0x000000008e600000, 0x000000008e600000| Untracked 
| 231|0x000000008e700000, 0x000000008e700000, 0x000000008e800000|  0%| F|  |TAMS 0x000000008e700000, 0x000000008e700000| Untracked 
| 232|0x000000008e800000, 0x000000008e800000, 0x000000008e900000|  0%| F|  |TAMS 0x000000008e800000, 0x000000008e800000| Untracked 
| 233|0x000000008e900000, 0x000000008e900000, 0x000000008ea00000|  0%| F|  |TAMS 0x000000008e900000, 0x000000008e900000| Untracked 
| 234|0x000000008ea00000, 0x000000008ea00000, 0x000000008eb00000|  0%| F|  |TAMS 0x000000008ea00000, 0x000000008ea00000| Untracked 
| 235|0x000000008eb00000, 0x000000008eb00000, 0x000000008ec00000|  0%| F|  |TAMS 0x000000008eb00000, 0x000000008eb00000| Untracked 
| 236|0x000000008ec00000, 0x000000008ec00000, 0x000000008ed00000|  0%| F|  |TAMS 0x000000008ec00000, 0x000000008ec00000| Untracked 
| 237|0x000000008ed00000, 0x000000008ed00000, 0x000000008ee00000|  0%| F|  |TAMS 0x000000008ed00000, 0x000000008ed00000| Untracked 
| 238|0x000000008ee00000, 0x000000008ee00000, 0x000000008ef00000|  0%| F|  |TAMS 0x000000008ee00000, 0x000000008ee00000| Untracked 
| 239|0x000000008ef00000, 0x000000008ef00000, 0x000000008f000000|  0%| F|  |TAMS 0x000000008ef00000, 0x000000008ef00000| Untracked 
| 240|0x000000008f000000, 0x000000008f000000, 0x000000008f100000|  0%| F|  |TAMS 0x000000008f000000, 0x000000008f000000| Untracked 
| 241|0x000000008f100000, 0x000000008f100000, 0x000000008f200000|  0%| F|  |TAMS 0x000000008f100000, 0x000000008f100000| Untracked 
| 242|0x000000008f200000, 0x000000008f200000, 0x000000008f300000|  0%| F|  |TAMS 0x000000008f200000, 0x000000008f200000| Untracked 
| 243|0x000000008f300000, 0x000000008f300000, 0x000000008f400000|  0%| F|  |TAMS 0x000000008f300000, 0x000000008f300000| Untracked 
| 244|0x000000008f400000, 0x000000008f400000, 0x000000008f500000|  0%| F|  |TAMS 0x000000008f400000, 0x000000008f400000| Untracked 
| 245|0x000000008f500000, 0x000000008f500000, 0x000000008f600000|  0%| F|  |TAMS 0x000000008f500000, 0x000000008f500000| Untracked 
| 246|0x000000008f600000, 0x000000008f600000, 0x000000008f700000|  0%| F|  |TAMS 0x000000008f600000, 0x000000008f600000| Untracked 
| 247|0x000000008f700000, 0x000000008f700000, 0x000000008f800000|  0%| F|  |TAMS 0x000000008f700000, 0x000000008f700000| Untracked 
| 248|0x000000008f800000, 0x000000008f800000, 0x000000008f900000|  0%| F|  |TAMS 0x000000008f800000, 0x000000008f800000| Untracked 
| 249|0x000000008f900000, 0x000000008f900000, 0x000000008fa00000|  0%| F|  |TAMS 0x000000008f900000, 0x000000008f900000| Untracked 
| 250|0x000000008fa00000, 0x000000008fa00000, 0x000000008fb00000|  0%| F|  |TAMS 0x000000008fa00000, 0x000000008fa00000| Untracked 
| 251|0x000000008fb00000, 0x000000008fb00000, 0x000000008fc00000|  0%| F|  |TAMS 0x000000008fb00000, 0x000000008fb00000| Untracked 
| 252|0x000000008fc00000, 0x000000008fc00000, 0x000000008fd00000|  0%| F|  |TAMS 0x000000008fc00000, 0x000000008fc00000| Untracked 
| 253|0x000000008fd00000, 0x000000008fd00000, 0x000000008fe00000|  0%| F|  |TAMS 0x000000008fd00000, 0x000000008fd00000| Untracked 
| 254|0x000000008fe00000, 0x000000008fe00000, 0x000000008ff00000|  0%| F|  |TAMS 0x000000008fe00000, 0x000000008fe00000| Untracked 
| 255|0x000000008ff00000, 0x000000008ff00000, 0x0000000090000000|  0%| F|  |TAMS 0x000000008ff00000, 0x000000008ff00000| Untracked 
| 256|0x0000000090000000, 0x0000000090000000, 0x0000000090100000|  0%| F|  |TAMS 0x0000000090000000, 0x0000000090000000| Untracked 
| 257|0x0000000090100000, 0x0000000090100000, 0x0000000090200000|  0%| F|  |TAMS 0x0000000090100000, 0x0000000090100000| Untracked 
| 258|0x0000000090200000, 0x0000000090200000, 0x0000000090300000|  0%| F|  |TAMS 0x0000000090200000, 0x0000000090200000| Untracked 
| 259|0x0000000090300000, 0x0000000090300000, 0x0000000090400000|  0%| F|  |TAMS 0x0000000090300000, 0x0000000090300000| Untracked 
| 260|0x0000000090400000, 0x0000000090400000, 0x0000000090500000|  0%| F|  |TAMS 0x0000000090400000, 0x0000000090400000| Untracked 
| 261|0x0000000090500000, 0x0000000090500000, 0x0000000090600000|  0%| F|  |TAMS 0x0000000090500000, 0x0000000090500000| Untracked 
| 262|0x0000000090600000, 0x0000000090600000, 0x0000000090700000|  0%| F|  |TAMS 0x0000000090600000, 0x0000000090600000| Untracked 
| 263|0x0000000090700000, 0x0000000090700000, 0x0000000090800000|  0%| F|  |TAMS 0x0000000090700000, 0x0000000090700000| Untracked 
| 264|0x0000000090800000, 0x0000000090800000, 0x0000000090900000|  0%| F|  |TAMS 0x0000000090800000, 0x0000000090800000| Untracked 
| 265|0x0000000090900000, 0x0000000090a00000, 0x0000000090a00000|100%| S|CS|TAMS 0x0000000090900000, 0x0000000090900000| Complete 
| 266|0x0000000090a00000, 0x0000000090b00000, 0x0000000090b00000|100%| S|CS|TAMS 0x0000000090a00000, 0x0000000090a00000| Complete 
| 267|0x0000000090b00000, 0x0000000090c00000, 0x0000000090c00000|100%| S|CS|TAMS 0x0000000090b00000, 0x0000000090b00000| Complete 
| 268|0x0000000090c00000, 0x0000000090d00000, 0x0000000090d00000|100%| S|CS|TAMS 0x0000000090c00000, 0x0000000090c00000| Complete 
| 269|0x0000000090d00000, 0x0000000090e00000, 0x0000000090e00000|100%| S|CS|TAMS 0x0000000090d00000, 0x0000000090d00000| Complete 
| 270|0x0000000090e00000, 0x0000000090e00000, 0x0000000090f00000|  0%| F|  |TAMS 0x0000000090e00000, 0x0000000090e00000| Untracked 
| 271|0x0000000090f00000, 0x0000000090f00000, 0x0000000091000000|  0%| F|  |TAMS 0x0000000090f00000, 0x0000000090f00000| Untracked 
| 272|0x0000000091000000, 0x0000000091000000, 0x0000000091100000|  0%| F|  |TAMS 0x0000000091000000, 0x0000000091000000| Untracked 
| 273|0x0000000091100000, 0x0000000091200000, 0x0000000091200000|100%| S|CS|TAMS 0x0000000091100000, 0x0000000091100000| Complete 
| 274|0x0000000091200000, 0x0000000091300000, 0x0000000091300000|100%| S|CS|TAMS 0x0000000091200000, 0x0000000091200000| Complete 
| 275|0x0000000091300000, 0x0000000091300000, 0x0000000091400000|  0%| F|  |TAMS 0x0000000091300000, 0x0000000091300000| Untracked 
| 276|0x0000000091400000, 0x0000000091400000, 0x0000000091500000|  0%| F|  |TAMS 0x0000000091400000, 0x0000000091400000| Untracked 
| 277|0x0000000091500000, 0x0000000091500000, 0x0000000091600000|  0%| F|  |TAMS 0x0000000091500000, 0x0000000091500000| Untracked 
| 278|0x0000000091600000, 0x0000000091600000, 0x0000000091700000|  0%| F|  |TAMS 0x0000000091600000, 0x0000000091600000| Untracked 
| 279|0x0000000091700000, 0x0000000091700000, 0x0000000091800000|  0%| F|  |TAMS 0x0000000091700000, 0x0000000091700000| Untracked 
| 280|0x0000000091800000, 0x0000000091800000, 0x0000000091900000|  0%| F|  |TAMS 0x0000000091800000, 0x0000000091800000| Untracked 
| 281|0x0000000091900000, 0x0000000091900000, 0x0000000091a00000|  0%| F|  |TAMS 0x0000000091900000, 0x0000000091900000| Untracked 
| 282|0x0000000091a00000, 0x0000000091a00000, 0x0000000091b00000|  0%| F|  |TAMS 0x0000000091a00000, 0x0000000091a00000| Untracked 
| 283|0x0000000091b00000, 0x0000000091b00000, 0x0000000091c00000|  0%| F|  |TAMS 0x0000000091b00000, 0x0000000091b00000| Untracked 
| 284|0x0000000091c00000, 0x0000000091c00000, 0x0000000091d00000|  0%| F|  |TAMS 0x0000000091c00000, 0x0000000091c00000| Untracked 
| 285|0x0000000091d00000, 0x0000000091d00000, 0x0000000091e00000|  0%| F|  |TAMS 0x0000000091d00000, 0x0000000091d00000| Untracked 
| 286|0x0000000091e00000, 0x0000000091e00000, 0x0000000091f00000|  0%| F|  |TAMS 0x0000000091e00000, 0x0000000091e00000| Untracked 
| 287|0x0000000091f00000, 0x0000000091f00000, 0x0000000092000000|  0%| F|  |TAMS 0x0000000091f00000, 0x0000000091f00000| Untracked 
| 288|0x0000000092000000, 0x0000000092000000, 0x0000000092100000|  0%| F|  |TAMS 0x0000000092000000, 0x0000000092000000| Untracked 
| 289|0x0000000092100000, 0x0000000092100000, 0x0000000092200000|  0%| F|  |TAMS 0x0000000092100000, 0x0000000092100000| Untracked 
| 290|0x0000000092200000, 0x0000000092200000, 0x0000000092300000|  0%| F|  |TAMS 0x0000000092200000, 0x0000000092200000| Untracked 
| 291|0x0000000092300000, 0x0000000092300000, 0x0000000092400000|  0%| F|  |TAMS 0x0000000092300000, 0x0000000092300000| Untracked 
| 292|0x0000000092400000, 0x0000000092400000, 0x0000000092500000|  0%| F|  |TAMS 0x0000000092400000, 0x0000000092400000| Untracked 
| 293|0x0000000092500000, 0x0000000092500000, 0x0000000092600000|  0%| F|  |TAMS 0x0000000092500000, 0x0000000092500000| Untracked 
| 294|0x0000000092600000, 0x0000000092600000, 0x0000000092700000|  0%| F|  |TAMS 0x0000000092600000, 0x0000000092600000| Untracked 
| 295|0x0000000092700000, 0x0000000092700000, 0x0000000092800000|  0%| F|  |TAMS 0x0000000092700000, 0x0000000092700000| Untracked 
| 296|0x0000000092800000, 0x0000000092800000, 0x0000000092900000|  0%| F|  |TAMS 0x0000000092800000, 0x0000000092800000| Untracked 
| 297|0x0000000092900000, 0x0000000092900000, 0x0000000092a00000|  0%| F|  |TAMS 0x0000000092900000, 0x0000000092900000| Untracked 
| 298|0x0000000092a00000, 0x0000000092a00000, 0x0000000092b00000|  0%| F|  |TAMS 0x0000000092a00000, 0x0000000092a00000| Untracked 
| 299|0x0000000092b00000, 0x0000000092b00000, 0x0000000092c00000|  0%| F|  |TAMS 0x0000000092b00000, 0x0000000092b00000| Untracked 
| 300|0x0000000092c00000, 0x0000000092c00000, 0x0000000092d00000|  0%| F|  |TAMS 0x0000000092c00000, 0x0000000092c00000| Untracked 
| 301|0x0000000092d00000, 0x0000000092d00000, 0x0000000092e00000|  0%| F|  |TAMS 0x0000000092d00000, 0x0000000092d00000| Untracked 
| 302|0x0000000092e00000, 0x0000000092e00000, 0x0000000092f00000|  0%| F|  |TAMS 0x0000000092e00000, 0x0000000092e00000| Untracked 
| 303|0x0000000092f00000, 0x0000000092f00000, 0x0000000093000000|  0%| F|  |TAMS 0x0000000092f00000, 0x0000000092f00000| Untracked 
| 304|0x0000000093000000, 0x0000000093000000, 0x0000000093100000|  0%| F|  |TAMS 0x0000000093000000, 0x0000000093000000| Untracked 
| 305|0x0000000093100000, 0x0000000093100000, 0x0000000093200000|  0%| F|  |TAMS 0x0000000093100000, 0x0000000093100000| Untracked 
| 306|0x0000000093200000, 0x0000000093200000, 0x0000000093300000|  0%| F|  |TAMS 0x0000000093200000, 0x0000000093200000| Untracked 
| 307|0x0000000093300000, 0x0000000093300000, 0x0000000093400000|  0%| F|  |TAMS 0x0000000093300000, 0x0000000093300000| Untracked 
| 308|0x0000000093400000, 0x0000000093400000, 0x0000000093500000|  0%| F|  |TAMS 0x0000000093400000, 0x0000000093400000| Untracked 
| 309|0x0000000093500000, 0x0000000093500000, 0x0000000093600000|  0%| F|  |TAMS 0x0000000093500000, 0x0000000093500000| Untracked 
| 310|0x0000000093600000, 0x0000000093600000, 0x0000000093700000|  0%| F|  |TAMS 0x0000000093600000, 0x0000000093600000| Untracked 
| 311|0x0000000093700000, 0x0000000093700000, 0x0000000093800000|  0%| F|  |TAMS 0x0000000093700000, 0x0000000093700000| Untracked 
| 312|0x0000000093800000, 0x0000000093800000, 0x0000000093900000|  0%| F|  |TAMS 0x0000000093800000, 0x0000000093800000| Untracked 
| 313|0x0000000093900000, 0x0000000093900000, 0x0000000093a00000|  0%| F|  |TAMS 0x0000000093900000, 0x0000000093900000| Untracked 
| 314|0x0000000093a00000, 0x0000000093a00000, 0x0000000093b00000|  0%| F|  |TAMS 0x0000000093a00000, 0x0000000093a00000| Untracked 
| 315|0x0000000093b00000, 0x0000000093b00000, 0x0000000093c00000|  0%| F|  |TAMS 0x0000000093b00000, 0x0000000093b00000| Untracked 
| 316|0x0000000093c00000, 0x0000000093c00000, 0x0000000093d00000|  0%| F|  |TAMS 0x0000000093c00000, 0x0000000093c00000| Untracked 
| 317|0x0000000093d00000, 0x0000000093d00000, 0x0000000093e00000|  0%| F|  |TAMS 0x0000000093d00000, 0x0000000093d00000| Untracked 
| 318|0x0000000093e00000, 0x0000000093e00000, 0x0000000093f00000|  0%| F|  |TAMS 0x0000000093e00000, 0x0000000093e00000| Untracked 
| 319|0x0000000093f00000, 0x0000000093f00000, 0x0000000094000000|  0%| F|  |TAMS 0x0000000093f00000, 0x0000000093f00000| Untracked 
| 320|0x0000000094000000, 0x0000000094000000, 0x0000000094100000|  0%| F|  |TAMS 0x0000000094000000, 0x0000000094000000| Untracked 
| 321|0x0000000094100000, 0x0000000094100000, 0x0000000094200000|  0%| F|  |TAMS 0x0000000094100000, 0x0000000094100000| Untracked 
| 322|0x0000000094200000, 0x0000000094200000, 0x0000000094300000|  0%| F|  |TAMS 0x0000000094200000, 0x0000000094200000| Untracked 
| 323|0x0000000094300000, 0x0000000094300000, 0x0000000094400000|  0%| F|  |TAMS 0x0000000094300000, 0x0000000094300000| Untracked 
| 324|0x0000000094400000, 0x0000000094400000, 0x0000000094500000|  0%| F|  |TAMS 0x0000000094400000, 0x0000000094400000| Untracked 
| 325|0x0000000094500000, 0x0000000094500000, 0x0000000094600000|  0%| F|  |TAMS 0x0000000094500000, 0x0000000094500000| Untracked 
| 326|0x0000000094600000, 0x0000000094600000, 0x0000000094700000|  0%| F|  |TAMS 0x0000000094600000, 0x0000000094600000| Untracked 
| 327|0x0000000094700000, 0x0000000094700000, 0x0000000094800000|  0%| F|  |TAMS 0x0000000094700000, 0x0000000094700000| Untracked 
| 328|0x0000000094800000, 0x0000000094800000, 0x0000000094900000|  0%| F|  |TAMS 0x0000000094800000, 0x0000000094800000| Untracked 
| 329|0x0000000094900000, 0x0000000094900000, 0x0000000094a00000|  0%| F|  |TAMS 0x0000000094900000, 0x0000000094900000| Untracked 
| 330|0x0000000094a00000, 0x0000000094a00000, 0x0000000094b00000|  0%| F|  |TAMS 0x0000000094a00000, 0x0000000094a00000| Untracked 
| 331|0x0000000094b00000, 0x0000000094b00000, 0x0000000094c00000|  0%| F|  |TAMS 0x0000000094b00000, 0x0000000094b00000| Untracked 
| 332|0x0000000094c00000, 0x0000000094c00000, 0x0000000094d00000|  0%| F|  |TAMS 0x0000000094c00000, 0x0000000094c00000| Untracked 
| 333|0x0000000094d00000, 0x0000000094d00000, 0x0000000094e00000|  0%| F|  |TAMS 0x0000000094d00000, 0x0000000094d00000| Untracked 
| 334|0x0000000094e00000, 0x0000000094e00000, 0x0000000094f00000|  0%| F|  |TAMS 0x0000000094e00000, 0x0000000094e00000| Untracked 
| 335|0x0000000094f00000, 0x0000000094f00000, 0x0000000095000000|  0%| F|  |TAMS 0x0000000094f00000, 0x0000000094f00000| Untracked 
| 336|0x0000000095000000, 0x0000000095000000, 0x0000000095100000|  0%| F|  |TAMS 0x0000000095000000, 0x0000000095000000| Untracked 
| 337|0x0000000095100000, 0x0000000095100000, 0x0000000095200000|  0%| F|  |TAMS 0x0000000095100000, 0x0000000095100000| Untracked 
| 338|0x0000000095200000, 0x0000000095200000, 0x0000000095300000|  0%| F|  |TAMS 0x0000000095200000, 0x0000000095200000| Untracked 
| 339|0x0000000095300000, 0x0000000095300000, 0x0000000095400000|  0%| F|  |TAMS 0x0000000095300000, 0x0000000095300000| Untracked 
| 340|0x0000000095400000, 0x0000000095400000, 0x0000000095500000|  0%| F|  |TAMS 0x0000000095400000, 0x0000000095400000| Untracked 
| 341|0x0000000095500000, 0x0000000095500000, 0x0000000095600000|  0%| F|  |TAMS 0x0000000095500000, 0x0000000095500000| Untracked 
| 342|0x0000000095600000, 0x0000000095600000, 0x0000000095700000|  0%| F|  |TAMS 0x0000000095600000, 0x0000000095600000| Untracked 
| 343|0x0000000095700000, 0x0000000095700000, 0x0000000095800000|  0%| F|  |TAMS 0x0000000095700000, 0x0000000095700000| Untracked 
| 344|0x0000000095800000, 0x0000000095800000, 0x0000000095900000|  0%| F|  |TAMS 0x0000000095800000, 0x0000000095800000| Untracked 

Card table byte_map: [0x000001f2a2810000,0x000001f2a2c10000] _byte_map_base: 0x000001f2a2410000

Marking Bits (Prev, Next): (CMBitMap*) 0x000001f28f95dad8, (CMBitMap*) 0x000001f28f95db10
 Prev Bits: [0x000001f2a3010000, 0x000001f2a5010000)
 Next Bits: [0x000001f2a5010000, 0x000001f2a7010000)

Polling page: 0x000001f28d940000

Metaspace:

Usage:
  Non-class:    164.89 MB capacity,   161.57 MB ( 98%) used,     2.70 MB (  2%) free+waste,   623.75 KB ( <1%) overhead. 
      Class:     24.85 MB capacity,    22.98 MB ( 92%) used,     1.61 MB (  6%) free+waste,   269.19 KB (  1%) overhead. 
       Both:    189.74 MB capacity,   184.55 MB ( 97%) used,     4.32 MB (  2%) free+waste,   892.94 KB ( <1%) overhead. 

Virtual space:
  Non-class space:      166.00 MB reserved,     164.95 MB (>99%) committed 
      Class space:        1.00 GB reserved,      24.95 MB (  2%) committed 
             Both:        1.16 GB reserved,     189.90 MB ( 16%) committed 

Chunk freelists:
   Non-Class:  0 bytes
       Class:  25.00 KB
        Both:  25.00 KB

MaxMetaspaceSize: 17179869184.00 GB
CompressedClassSpaceSize: 1.00 GB

CodeHeap 'non-profiled nmethods': size=120064Kb used=16117Kb max_used=16117Kb free=103946Kb
 bounds [0x000001f29aed0000, 0x000001f29bea0000, 0x000001f2a2410000]
CodeHeap 'profiled nmethods': size=120000Kb used=64268Kb max_used=64268Kb free=55731Kb
 bounds [0x000001f2939a0000, 0x000001f2978a0000, 0x000001f29aed0000]
CodeHeap 'non-nmethods': size=5696Kb used=2409Kb max_used=2472Kb free=3287Kb
 bounds [0x000001f293410000, 0x000001f293690000, 0x000001f2939a0000]
 total_blobs=28298 nmethods=27251 adapters=955
 compilation: enabled
              stopped_count=0, restarted_count=0
 full_count=0

Compilation events (20 events):
Event: 2078.888 Thread 0x000001f2a952b000 32073       2       com.android.tools.r8.internal.D::iterator (6 bytes)
Event: 2078.889 Thread 0x000001f2a952b000 nmethod 32073 0x000001f29788db90 code [0x000001f29788dd40, 0x000001f29788de68]
Event: 2078.893 Thread 0x000001f2a952b000 32074       3       java.util.AbstractQueue::addAll (67 bytes)
Event: 2078.894 Thread 0x000001f2a952b000 nmethod 32074 0x000001f29788df10 code [0x000001f29788e140, 0x000001f29788e818]
Event: 2078.933 Thread 0x000001f2a952b000 32075 %     3       com.android.tools.r8.internal.qr::f @ 16 (65 bytes)
Event: 2078.935 Thread 0x000001f2a952b000 nmethod 32075% 0x000001f29788ea10 code [0x000001f29788eca0, 0x000001f29788fbc8]
Event: 2078.942 Thread 0x000001f2a952b000 32076 %     3       com.android.tools.r8.internal.b5::<init> @ 48 (144 bytes)
Event: 2078.943 Thread 0x000001f2a952b000 nmethod 32076% 0x000001f297890010 code [0x000001f297890260, 0x000001f297890d78]
Event: 2078.943 Thread 0x000001f2a952b000 32077       3       com.android.tools.r8.internal.b5::<init> (144 bytes)
Event: 2078.944 Thread 0x000001f2a952b000 nmethod 32077 0x000001f297891190 code [0x000001f2978913e0, 0x000001f297891e38]
Event: 2078.961 Thread 0x000001f2a952b000 32078       2       com.android.tools.r8.internal.hA::add (124 bytes)
Event: 2078.962 Thread 0x000001f2a952b000 nmethod 32078 0x000001f297892190 code [0x000001f297892380, 0x000001f297892748]
Event: 2078.965 Thread 0x000001f2a952b000 32079       2       com.android.tools.r8.internal.p4::a (58 bytes)
Event: 2078.966 Thread 0x000001f2a952b000 nmethod 32079 0x000001f297892910 code [0x000001f297892b40, 0x000001f297893188]
Event: 2078.967 Thread 0x000001f2a952b000 32080       2       com.android.tools.r8.internal.p4::a (61 bytes)
Event: 2078.968 Thread 0x000001f2a952b000 nmethod 32080 0x000001f297893590 code [0x000001f297893800, 0x000001f297894288]
Event: 2078.971 Thread 0x000001f2a952b000 32081       2       com.android.tools.r8.code.N0::hashCode (28 bytes)
Event: 2078.971 Thread 0x000001f2a952b000 nmethod 32081 0x000001f297894710 code [0x000001f2978948c0, 0x000001f297894a08]
Event: 2078.974 Thread 0x000001f2a952b000 32082       2       com.android.tools.r8.internal.gr::b (18 bytes)
Event: 2078.974 Thread 0x000001f2a952b000 nmethod 32082 0x000001f297894a90 code [0x000001f297894c60, 0x000001f297894db8]

GC Heap History (20 events):
Event: 2076.422 GC heap after
{Heap after GC invocations=154 (full 0):
 garbage-first heap   total 282624K, used 194594K [0x0000000080000000, 0x0000000100000000)
  region size 1024K, 4 young (4096K), 4 survivors (4096K)
 Metaspace       used 188612K, capacity 193953K, committed 194200K, reserved 1218560K
  class space    used 23515K, capacity 25436K, committed 25548K, reserved 1048576K
}
Event: 2076.454 GC heap before
{Heap before GC invocations=154 (full 0):
 garbage-first heap   total 282624K, used 202786K [0x0000000080000000, 0x0000000100000000)
  region size 1024K, 13 young (13312K), 4 survivors (4096K)
 Metaspace       used 188615K, capacity 193954K, committed 194200K, reserved 1218560K
  class space    used 23515K, capacity 25436K, committed 25548K, reserved 1048576K
}
Event: 2076.498 GC heap after
{Heap after GC invocations=155 (full 0):
 garbage-first heap   total 282624K, used 193962K [0x0000000080000000, 0x0000000100000000)
  region size 1024K, 2 young (2048K), 2 survivors (2048K)
 Metaspace       used 188615K, capacity 193954K, committed 194200K, reserved 1218560K
  class space    used 23515K, capacity 25436K, committed 25548K, reserved 1048576K
}
Event: 2076.503 GC heap before
{Heap before GC invocations=155 (full 0):
 garbage-first heap   total 282624K, used 194986K [0x0000000080000000, 0x0000000100000000)
  region size 1024K, 4 young (4096K), 2 survivors (2048K)
 Metaspace       used 188615K, capacity 193954K, committed 194200K, reserved 1218560K
  class space    used 23515K, capacity 25436K, committed 25548K, reserved 1048576K
}
Event: 2076.511 GC heap after
{Heap after GC invocations=156 (full 0):
 garbage-first heap   total 282624K, used 194139K [0x0000000080000000, 0x0000000100000000)
  region size 1024K, 2 young (2048K), 2 survivors (2048K)
 Metaspace       used 188615K, capacity 193954K, committed 194200K, reserved 1218560K
  class space    used 23515K, capacity 25436K, committed 25548K, reserved 1048576K
}
Event: 2076.751 GC heap before
{Heap before GC invocations=156 (full 0):
 garbage-first heap   total 282624K, used 239195K [0x0000000080000000, 0x0000000100000000)
  region size 1024K, 45 young (46080K), 2 survivors (2048K)
 Metaspace       used 188664K, capacity 193957K, committed 194200K, reserved 1218560K
  class space    used 23521K, capacity 25436K, committed 25548K, reserved 1048576K
}
Event: 2076.756 GC heap after
{Heap after GC invocations=157 (full 0):
 garbage-first heap   total 282624K, used 198095K [0x0000000080000000, 0x0000000100000000)
  region size 1024K, 5 young (5120K), 5 survivors (5120K)
 Metaspace       used 188664K, capacity 193957K, committed 194200K, reserved 1218560K
  class space    used 23521K, capacity 25436K, committed 25548K, reserved 1048576K
}
Event: 2077.016 GC heap before
{Heap before GC invocations=157 (full 0):
 garbage-first heap   total 282624K, used 239055K [0x0000000080000000, 0x0000000100000000)
  region size 1024K, 46 young (47104K), 5 survivors (5120K)
 Metaspace       used 188729K, capacity 194032K, committed 194200K, reserved 1218560K
  class space    used 23521K, capacity 25436K, committed 25548K, reserved 1048576K
}
Event: 2077.030 GC heap after
{Heap after GC invocations=158 (full 0):
 garbage-first heap   total 282624K, used 201141K [0x0000000080000000, 0x0000000100000000)
  region size 1024K, 5 young (5120K), 5 survivors (5120K)
 Metaspace       used 188729K, capacity 194032K, committed 194200K, reserved 1218560K
  class space    used 23521K, capacity 25436K, committed 25548K, reserved 1048576K
}
Event: 2077.315 GC heap before
{Heap before GC invocations=158 (full 0):
 garbage-first heap   total 282624K, used 240053K [0x0000000080000000, 0x0000000100000000)
  region size 1024K, 44 young (45056K), 5 survivors (5120K)
 Metaspace       used 188878K, capacity 194202K, committed 194456K, reserved 1218560K
  class space    used 23524K, capacity 25441K, committed 25548K, reserved 1048576K
}
Event: 2077.333 GC heap after
{Heap after GC invocations=159 (full 0):
 garbage-first heap   total 282624K, used 204480K [0x0000000080000000, 0x0000000100000000)
  region size 1024K, 5 young (5120K), 5 survivors (5120K)
 Metaspace       used 188878K, capacity 194202K, committed 194456K, reserved 1218560K
  class space    used 23524K, capacity 25441K, committed 25548K, reserved 1048576K
}
Event: 2077.498 GC heap before
{Heap before GC invocations=160 (full 0):
 garbage-first heap   total 282624K, used 241344K [0x0000000080000000, 0x0000000100000000)
  region size 1024K, 41 young (41984K), 5 survivors (5120K)
 Metaspace       used 188891K, capacity 194202K, committed 194456K, reserved 1218560K
  class space    used 23524K, capacity 25441K, committed 25548K, reserved 1048576K
}
Event: 2077.523 GC heap after
{Heap after GC invocations=161 (full 0):
 garbage-first heap   total 353280K, used 208612K [0x0000000080000000, 0x0000000100000000)
  region size 1024K, 5 young (5120K), 5 survivors (5120K)
 Metaspace       used 188891K, capacity 194202K, committed 194456K, reserved 1218560K
  class space    used 23524K, capacity 25441K, committed 25548K, reserved 1048576K
}
Event: 2077.592 GC heap before
{Heap before GC invocations=161 (full 0):
 garbage-first heap   total 353280K, used 220900K [0x0000000080000000, 0x0000000100000000)
  region size 1024K, 17 young (17408K), 5 survivors (5120K)
 Metaspace       used 188899K, capacity 194202K, committed 194456K, reserved 1218560K
  class space    used 23524K, capacity 25441K, committed 25548K, reserved 1048576K
}
Event: 2077.609 GC heap after
{Heap after GC invocations=162 (full 0):
 garbage-first heap   total 353280K, used 209789K [0x0000000080000000, 0x0000000100000000)
  region size 1024K, 2 young (2048K), 2 survivors (2048K)
 Metaspace       used 188899K, capacity 194202K, committed 194456K, reserved 1218560K
  class space    used 23524K, capacity 25441K, committed 25548K, reserved 1048576K
}
Event: 2077.995 GC heap before
{Heap before GC invocations=162 (full 0):
 garbage-first heap   total 353280K, used 284541K [0x0000000080000000, 0x0000000100000000)
  region size 1024K, 75 young (76800K), 2 survivors (2048K)
 Metaspace       used 188924K, capacity 194207K, committed 194456K, reserved 1218560K
  class space    used 23524K, capacity 25441K, committed 25548K, reserved 1048576K
}
Event: 2078.019 GC heap after
{Heap after GC invocations=163 (full 0):
 garbage-first heap   total 353280K, used 215112K [0x0000000080000000, 0x0000000100000000)
  region size 1024K, 7 young (7168K), 7 survivors (7168K)
 Metaspace       used 188924K, capacity 194207K, committed 194456K, reserved 1218560K
  class space    used 23524K, capacity 25441K, committed 25548K, reserved 1048576K
}
Event: 2078.610 GC heap before
{Heap before GC invocations=163 (full 0):
 garbage-first heap   total 353280K, used 288840K [0x0000000080000000, 0x0000000100000000)
  region size 1024K, 79 young (80896K), 7 survivors (7168K)
 Metaspace       used 188963K, capacity 194291K, committed 194456K, reserved 1218560K
  class space    used 23528K, capacity 25447K, committed 25548K, reserved 1048576K
}
Event: 2078.647 GC heap after
{Heap after GC invocations=164 (full 0):
 garbage-first heap   total 353280K, used 220426K [0x0000000080000000, 0x0000000100000000)
  region size 1024K, 6 young (6144K), 6 survivors (6144K)
 Metaspace       used 188963K, capacity 194291K, committed 194456K, reserved 1218560K
  class space    used 23528K, capacity 25447K, committed 25548K, reserved 1048576K
}
Event: 2078.977 GC heap before
{Heap before GC invocations=164 (full 0):
 garbage-first heap   total 353280K, used 292106K [0x0000000080000000, 0x0000000100000000)
  region size 1024K, 76 young (77824K), 6 survivors (6144K)
 Metaspace       used 188979K, capacity 194291K, committed 194456K, reserved 1218560K
  class space    used 23528K, capacity 25447K, committed 25548K, reserved 1048576K
}

Deoptimization events (20 events):
Event: 2078.880 Thread 0x000001f2aafbe800 DEOPT PACKING pc=0x000001f29738abea sp=0x000000d91abf9d80
Event: 2078.880 Thread 0x000001f2aafbe800 DEOPT UNPACKING pc=0x000001f29343764e sp=0x000000d91abf92e8 mode 0
Event: 2078.892 Thread 0x000001f2b0b1b800 DEOPT PACKING pc=0x000001f2977a99ac sp=0x000000d91adf9670
Event: 2078.893 Thread 0x000001f2b0b1b800 DEOPT UNPACKING pc=0x000001f29343764e sp=0x000000d91adf8df8 mode 0
Event: 2078.894 Thread 0x000001f2aafb8000 DEOPT PACKING pc=0x000001f29618a27b sp=0x000000d91a6f9380
Event: 2078.894 Thread 0x000001f2aafb8000 DEOPT UNPACKING pc=0x000001f29343764e sp=0x000000d91a6f8820 mode 0
Event: 2078.900 Thread 0x000001f2b0b1b800 DEOPT PACKING pc=0x000001f2977a99ac sp=0x000000d91adf9670
Event: 2078.900 Thread 0x000001f2b0b1b800 DEOPT UNPACKING pc=0x000001f29343764e sp=0x000000d91adf8df8 mode 0
Event: 2078.907 Thread 0x000001f2b0b1b800 DEOPT PACKING pc=0x000001f2977a99ac sp=0x000000d91adf9670
Event: 2078.907 Thread 0x000001f2b0b1b800 DEOPT UNPACKING pc=0x000001f29343764e sp=0x000000d91adf8df8 mode 0
Event: 2078.915 Thread 0x000001f2b0b1b800 DEOPT PACKING pc=0x000001f2977a8693 sp=0x000000d91adf9670
Event: 2078.915 Thread 0x000001f2b0b1b800 DEOPT UNPACKING pc=0x000001f29343764e sp=0x000000d91adf8e00 mode 0
Event: 2078.922 Thread 0x000001f2b0b1b800 DEOPT PACKING pc=0x000001f2977a99ac sp=0x000000d91adf9670
Event: 2078.922 Thread 0x000001f2b0b1b800 DEOPT UNPACKING pc=0x000001f29343764e sp=0x000000d91adf8df8 mode 0
Event: 2078.944 Thread 0x000001f2aafbe800 DEOPT PACKING pc=0x000001f2971ff8cd sp=0x000000d91abf9870
Event: 2078.944 Thread 0x000001f2aafbe800 DEOPT UNPACKING pc=0x000001f29343764e sp=0x000000d91abf8d78 mode 0
Event: 2078.947 Thread 0x000001f2b0b1b800 DEOPT PACKING pc=0x000001f2977a99ac sp=0x000000d91adf9670
Event: 2078.947 Thread 0x000001f2b0b1b800 DEOPT UNPACKING pc=0x000001f29343764e sp=0x000000d91adf8df8 mode 0
Event: 2078.956 Thread 0x000001f2b0b1b800 DEOPT PACKING pc=0x000001f2977a8693 sp=0x000000d91adf9670
Event: 2078.956 Thread 0x000001f2b0b1b800 DEOPT UNPACKING pc=0x000001f29343764e sp=0x000000d91adf8e00 mode 0

Classes redefined (0 events):
No events

Internal exceptions (20 events):
Event: 2066.327 Thread 0x000001f2aafb8000 Exception <a 'sun/nio/fs/WindowsException'{0x000000008ed57308}> (0x000000008ed57308) thrown at [./src/hotspot/share/prims/jni.cpp, line 615]
Event: 2066.378 Thread 0x000001f2aafbe800 Exception <a 'sun/nio/fs/WindowsException'{0x000000008ec26570}> (0x000000008ec26570) thrown at [./src/hotspot/share/prims/jni.cpp, line 615]
Event: 2066.558 Thread 0x000001f2b0b1b800 Exception <a 'sun/nio/fs/WindowsException'{0x000000008e128738}> (0x000000008e128738) thrown at [./src/hotspot/share/prims/jni.cpp, line 615]
Event: 2066.561 Thread 0x000001f2b0b16000 Exception <a 'sun/nio/fs/WindowsException'{0x000000008e1a2050}> (0x000000008e1a2050) thrown at [./src/hotspot/share/prims/jni.cpp, line 615]
Event: 2066.652 Thread 0x000001f2aafbe800 Exception <a 'sun/nio/fs/WindowsException'{0x000000008d585048}> (0x000000008d585048) thrown at [./src/hotspot/share/prims/jni.cpp, line 615]
Event: 2066.678 Thread 0x000001f2aafbe800 Exception <a 'java/lang/IncompatibleClassChangeError'{0x000000008d343b90}: Found class java.lang.Object, but interface was expected> (0x000000008d343b90) thrown at [./src/hotspot/share/interpreter/linkResolver.cpp, line 839]
Event: 2066.710 Thread 0x000001f2b0b1b800 Exception <a 'java/lang/NoSuchMethodError'{0x000000008d2f6f98}: 'void java.lang.invoke.DirectMethodHandle$Holder.invokeStatic(java.lang.Object, java.lang.Object, int, java.lang.Object, java.lang.Object, java.lang.Object, java.lang.Object)'> (0x000000008d2f6f98) thrown at [./src/hotspot/share/interpreter/linkResolver.cpp, line 773]
Event: 2066.989 Thread 0x000001f2aafb8000 Exception <a 'sun/nio/fs/WindowsException'{0x00000000906e0900}> (0x00000000906e0900) thrown at [./src/hotspot/share/prims/jni.cpp, line 615]
Event: 2070.156 Thread 0x000001f2b0b1b800 Exception <a 'java/lang/IncompatibleClassChangeError'{0x00000000909f58b8}: Found class java.lang.Object, but interface was expected> (0x00000000909f58b8) thrown at [./src/hotspot/share/interpreter/linkResolver.cpp, line 839]
Event: 2070.159 Thread 0x000001f2b0b1b800 Exception <a 'java/lang/IncompatibleClassChangeError'{0x00000000908b98c8}: Found class java.lang.Object, but interface was expected> (0x00000000908b98c8) thrown at [./src/hotspot/share/interpreter/linkResolver.cpp, line 839]
Event: 2070.164 Thread 0x000001f2b0b16000 Exception <a 'java/lang/IncompatibleClassChangeError'{0x0000000090ad5e48}: Found class java.lang.Object, but interface was expected> (0x0000000090ad5e48) thrown at [./src/hotspot/share/interpreter/linkResolver.cpp, line 839]
Event: 2071.163 Thread 0x000001f2aafbe800 Exception <a 'java/lang/NoSuchMethodError'{0x000000008fdad710}: 'java.lang.Object java.lang.invoke.DirectMethodHandle$Holder.invokeInterface(java.lang.Object, java.lang.Object, int)'> (0x000000008fdad710) thrown at [./src/hotspot/share/interpreter/linkResolver.cpp, line 773]
Event: 2071.446 Thread 0x000001f2b0b1b800 Exception <a 'java/lang/IncompatibleClassChangeError'{0x00000000911cc9f8}: Found class java.lang.Object, but interface was expected> (0x00000000911cc9f8) thrown at [./src/hotspot/share/interpreter/linkResolver.cpp, line 839]
Event: 2071.987 Thread 0x000001f2b0b1b800 Exception <a 'sun/nio/fs/WindowsException'{0x00000000901675b0}> (0x00000000901675b0) thrown at [./src/hotspot/share/prims/jni.cpp, line 615]
Event: 2074.067 Thread 0x000001f2b0b1b800 Exception <a 'sun/nio/fs/WindowsException'{0x0000000090eb7478}> (0x0000000090eb7478) thrown at [./src/hotspot/share/prims/jni.cpp, line 615]
Event: 2075.022 Thread 0x000001f2aafbe800 Exception <a 'java/lang/NoSuchMethodError'{0x000000008f5c1588}: 'int java.lang.invoke.DirectMethodHandle$Holder.invokeInterface(java.lang.Object, java.lang.Object, int)'> (0x000000008f5c1588) thrown at [./src/hotspot/share/interpreter/linkResolver.cpp, line 773]
Event: 2076.004 Thread 0x000001f2b0b1b800 Exception <a 'sun/nio/fs/WindowsException'{0x000000008f9b90c8}> (0x000000008f9b90c8) thrown at [./src/hotspot/share/prims/jni.cpp, line 615]
Event: 2076.900 Thread 0x000001f2b0b1b800 Exception <a 'sun/nio/fs/WindowsException'{0x000000008ffde7e8}> (0x000000008ffde7e8) thrown at [./src/hotspot/share/prims/jni.cpp, line 615]
Event: 2077.260 Thread 0x000001f2b0b16000 Exception <a 'sun/nio/fs/WindowsException'{0x000000008f680f80}> (0x000000008f680f80) thrown at [./src/hotspot/share/prims/jni.cpp, line 615]
Event: 2077.721 Thread 0x000001f2b0b16000 Exception <a 'sun/nio/fs/WindowsException'{0x000000009405d518}> (0x000000009405d518) thrown at [./src/hotspot/share/prims/jni.cpp, line 615]

Events (20 events):
Event: 2078.575 loading class com/android/tools/r8/code/G0 done
Event: 2078.576 loading class com/android/tools/r8/internal/GE
Event: 2078.576 loading class com/android/tools/r8/internal/GE done
Event: 2078.576 loading class com/android/tools/r8/code/G0
Event: 2078.576 loading class com/android/tools/r8/code/G0 done
Event: 2078.576 loading class com/android/tools/r8/code/G0
Event: 2078.576 loading class com/android/tools/r8/code/G0 done
Event: 2078.576 loading class com/android/tools/r8/code/G0
Event: 2078.576 loading class com/android/tools/r8/code/G0 done
Event: 2078.576 loading class com/android/tools/r8/internal/tA
Event: 2078.576 loading class com/android/tools/r8/internal/tA done
Event: 2078.578 loading class com/android/tools/r8/internal/QG
Event: 2078.578 loading class com/android/tools/r8/internal/QG done
Event: 2078.578 loading class com/android/tools/r8/internal/tA
Event: 2078.578 loading class com/android/tools/r8/internal/tA done
Event: 2078.610 Executing VM operation: G1CollectForAllocation
Event: 2078.647 Executing VM operation: G1CollectForAllocation done
Event: 2078.707 Executing VM operation: CGC_Operation
Event: 2078.742 Executing VM operation: CGC_Operation done
Event: 2078.976 Executing VM operation: G1CollectForAllocation


Dynamic libraries:
0x00007ff705720000 - 0x00007ff70572a000 	C:\Program Files\Android\Android Studio\jre\bin\java.exe
0x00007ffcbcdb0000 - 0x00007ffcbcfa5000 	C:\Windows\SYSTEM32\ntdll.dll
0x00007ffcbcb70000 - 0x00007ffcbcc2d000 	C:\Windows\System32\KERNEL32.DLL
0x00007ffcbaa00000 - 0x00007ffcbaccd000 	C:\Windows\System32\KERNELBASE.dll
0x00007ffcbacd0000 - 0x00007ffcbadd0000 	C:\Windows\System32\ucrtbase.dll
0x00007ffca2570000 - 0x00007ffca2589000 	C:\Program Files\Android\Android Studio\jre\bin\jli.dll
0x00007ffc95e60000 - 0x00007ffc95e77000 	C:\Program Files\Android\Android Studio\jre\bin\VCRUNTIME140.dll
0x00007ffcbae00000 - 0x00007ffcbafa0000 	C:\Windows\System32\USER32.dll
0x00007ffcba720000 - 0x00007ffcba742000 	C:\Windows\System32\win32u.dll
0x00007ffcbc080000 - 0x00007ffcbc0aa000 	C:\Windows\System32\GDI32.dll
0x00007ffca8df0000 - 0x00007ffca908a000 	C:\Windows\WinSxS\amd64_microsoft.windows.common-controls_6595b64144ccf1df_6.0.19041.1110_none_60b5254171f9507e\COMCTL32.dll
0x00007ffcba750000 - 0x00007ffcba85b000 	C:\Windows\System32\gdi32full.dll
0x00007ffcbbe00000 - 0x00007ffcbbe9e000 	C:\Windows\System32\msvcrt.dll
0x00007ffcba960000 - 0x00007ffcba9fd000 	C:\Windows\System32\msvcp_win.dll
0x00007ffcbbf40000 - 0x00007ffcbbf70000 	C:\Windows\System32\IMM32.DLL
0x00007ffc8d660000 - 0x00007ffc8d6fd000 	C:\Program Files\Android\Android Studio\jre\bin\msvcp140.dll
0x00007ffc66210000 - 0x00007ffc66cdf000 	C:\Program Files\Android\Android Studio\jre\bin\server\jvm.dll
0x00007ffcbb440000 - 0x00007ffcbb4ee000 	C:\Windows\System32\ADVAPI32.dll
0x00007ffcbbea0000 - 0x00007ffcbbf3c000 	C:\Windows\System32\sechost.dll
0x00007ffcbbb20000 - 0x00007ffcbbc45000 	C:\Windows\System32\RPCRT4.dll
0x00007ffcbb500000 - 0x00007ffcbb508000 	C:\Windows\System32\PSAPI.DLL
0x00007ffcb3d30000 - 0x00007ffcb3d39000 	C:\Windows\SYSTEM32\WSOCK32.dll
0x00007ffcb0c90000 - 0x00007ffcb0c9a000 	C:\Windows\SYSTEM32\VERSION.dll
0x00007ffcb0c60000 - 0x00007ffcb0c87000 	C:\Windows\SYSTEM32\WINMM.dll
0x00007ffcbc1e0000 - 0x00007ffcbc24b000 	C:\Windows\System32\WS2_32.dll
0x00007ffcb8d50000 - 0x00007ffcb8d62000 	C:\Windows\SYSTEM32\kernel.appcore.dll
0x00007ffcafd20000 - 0x00007ffcafd31000 	C:\Program Files\Android\Android Studio\jre\bin\verify.dll
0x00007ffca9e40000 - 0x00007ffcaa024000 	C:\Windows\SYSTEM32\DBGHELP.DLL
0x00007ffca9ce0000 - 0x00007ffca9d0c000 	C:\Windows\SYSTEM32\dbgcore.DLL
0x00007ffcba860000 - 0x00007ffcba8e2000 	C:\Windows\System32\bcryptPrimitives.dll
0x00007ffca4100000 - 0x00007ffca4129000 	C:\Program Files\Android\Android Studio\jre\bin\java.dll
0x00007ffcb44c0000 - 0x00007ffcb44cb000 	C:\Program Files\Android\Android Studio\jre\bin\jimage.dll
0x00007ffca6d10000 - 0x00007ffca6d28000 	C:\Program Files\Android\Android Studio\jre\bin\zip.dll
0x00007ffcbc390000 - 0x00007ffcbcad4000 	C:\Windows\System32\SHELL32.dll
0x00007ffcb85a0000 - 0x00007ffcb8d34000 	C:\Windows\SYSTEM32\windows.storage.dll
0x00007ffcbb0e0000 - 0x00007ffcbb434000 	C:\Windows\System32\combase.dll
0x00007ffcb9eb0000 - 0x00007ffcb9edc000 	C:\Windows\SYSTEM32\Wldp.dll
0x00007ffcbba70000 - 0x00007ffcbbb1d000 	C:\Windows\System32\SHCORE.dll
0x00007ffcbc2d0000 - 0x00007ffcbc325000 	C:\Windows\System32\shlwapi.dll
0x00007ffcba400000 - 0x00007ffcba41f000 	C:\Windows\SYSTEM32\profapi.dll
0x00007ffca4780000 - 0x00007ffca479a000 	C:\Program Files\Android\Android Studio\jre\bin\net.dll
0x00007ffcac790000 - 0x00007ffcac89a000 	C:\Windows\SYSTEM32\WINHTTP.dll
0x00007ffcb9c10000 - 0x00007ffcb9c7a000 	C:\Windows\system32\mswsock.dll
0x00007ffc9b360000 - 0x00007ffc9b374000 	C:\Program Files\Android\Android Studio\jre\bin\nio.dll
0x00007ffc8e9e0000 - 0x00007ffc8ea07000 	C:\Users\Ahmed Farouk\.gradle\native\8bec1ad78214c89d9ad589b4d07fe93259594b29d510b10fafb7a158f7737e5d\windows-amd64\native-platform.dll
0x00007ffc8d700000 - 0x00007ffc8d83d000 	C:\Users\Ahmed Farouk\.gradle\native\53dbd7edfb1c66fb8903c78663c9afc45aea4f116125fa6feffd364cf09443e8\windows-amd64\native-platform-file-events.dll
0x00007ffcb3840000 - 0x00007ffcb384a000 	C:\Program Files\Android\Android Studio\jre\bin\management.dll
0x00007ffca5d30000 - 0x00007ffca5d3c000 	C:\Program Files\Android\Android Studio\jre\bin\management_ext.dll
0x00007ffcb9e00000 - 0x00007ffcb9e18000 	C:\Windows\SYSTEM32\CRYPTSP.dll
0x00007ffcb9530000 - 0x00007ffcb9564000 	C:\Windows\system32\rsaenh.dll
0x00007ffcbadd0000 - 0x00007ffcbadf7000 	C:\Windows\System32\bcrypt.dll
0x00007ffcba380000 - 0x00007ffcba3ae000 	C:\Windows\SYSTEM32\USERENV.dll
0x00007ffcb9e20000 - 0x00007ffcb9e2c000 	C:\Windows\SYSTEM32\CRYPTBASE.dll
0x00007ffcb9900000 - 0x00007ffcb993b000 	C:\Windows\SYSTEM32\IPHLPAPI.DLL
0x00007ffcbb0d0000 - 0x00007ffcbb0d8000 	C:\Windows\System32\NSI.dll
0x00007ffcb0af0000 - 0x00007ffcb0b07000 	C:\Windows\SYSTEM32\dhcpcsvc6.DLL
0x00007ffcb15b0000 - 0x00007ffcb15cd000 	C:\Windows\SYSTEM32\dhcpcsvc.DLL
0x00007ffcb9940000 - 0x00007ffcb9a0b000 	C:\Windows\SYSTEM32\DNSAPI.dll
0x00007ffc8df60000 - 0x00007ffc8df87000 	C:\Program Files\Android\Android Studio\jre\bin\sunec.dll
0x00007ffcac6d0000 - 0x00007ffcac6da000 	C:\Windows\System32\rasadhlp.dll
0x00007ffcac710000 - 0x00007ffcac790000 	C:\Windows\System32\fwpuclnt.dll

dbghelp: loaded successfully - version: 4.0.5 - missing functions: none
symbol engine: initialized successfully - sym options: 0x614 - pdb path: .;C:\Program Files\Android\Android Studio\jre\bin;C:\Windows\SYSTEM32;C:\Windows\WinSxS\amd64_microsoft.windows.common-controls_6595b64144ccf1df_6.0.19041.1110_none_60b5254171f9507e;C:\Program Files\Android\Android Studio\jre\bin\server;C:\Users\Ahmed Farouk\.gradle\native\8bec1ad78214c89d9ad589b4d07fe93259594b29d510b10fafb7a158f7737e5d\windows-amd64;C:\Users\Ahmed Farouk\.gradle\native\53dbd7edfb1c66fb8903c78663c9afc45aea4f116125fa6feffd364cf09443e8\windows-amd64

VM Arguments:
jvm_args: --add-opens=java.base/java.util=ALL-UNNAMED --add-opens=java.base/java.lang=ALL-UNNAMED --add-opens=java.base/java.lang.invoke=ALL-UNNAMED --add-opens=java.base/java.util=ALL-UNNAMED --add-opens=java.prefs/java.util.prefs=ALL-UNNAMED --add-opens=java.prefs/java.util.prefs=ALL-UNNAMED --add-opens=java.base/java.nio.charset=ALL-UNNAMED --add-opens=java.base/java.net=ALL-UNNAMED --add-opens=java.base/java.util.concurrent.atomic=ALL-UNNAMED -Xmx2048m -Dfile.encoding=UTF-8 -Duser.country=US -Duser.language=en -Duser.variant 
java_command: org.gradle.launcher.daemon.bootstrap.GradleDaemon 7.0.2
java_class_path (initial): C:\Users\Ahmed Farouk\.gradle\wrapper\dists\gradle-7.0.2-bin\857tjihv64xamwrf0h14cai3r\gradle-7.0.2\lib\gradle-launcher-7.0.2.jar
Launcher Type: SUN_STANDARD

[Global flags]
     intx CICompilerCount                          = 3                                         {product} {ergonomic}
     uint ConcGCThreads                            = 1                                         {product} {ergonomic}
     uint G1ConcRefinementThreads                  = 4                                         {product} {ergonomic}
   size_t G1HeapRegionSize                         = 1048576                                   {product} {ergonomic}
    uintx GCDrainStackTargetSize                   = 64                                        {product} {ergonomic}
   size_t InitialHeapSize                          = 67108864                                  {product} {ergonomic}
   size_t MarkStackSize                            = 4194304                                   {product} {ergonomic}
   size_t MaxHeapSize                              = 2147483648                                {product} {command line}
   size_t MaxNewSize                               = 1287651328                                {product} {ergonomic}
   size_t MinHeapDeltaBytes                        = 1048576                                   {product} {ergonomic}
    uintx NonNMethodCodeHeapSize                   = 5830732                                {pd product} {ergonomic}
    uintx NonProfiledCodeHeapSize                  = 122913754                              {pd product} {ergonomic}
    uintx ProfiledCodeHeapSize                     = 122913754                              {pd product} {ergonomic}
    uintx ReservedCodeCacheSize                    = 251658240                              {pd product} {ergonomic}
     bool SegmentedCodeCache                       = true                                      {product} {ergonomic}
     bool UseCompressedClassPointers               = true                                 {lp64_product} {ergonomic}
     bool UseCompressedOops                        = true                                 {lp64_product} {ergonomic}
     bool UseG1GC                                  = true                                      {product} {ergonomic}
     bool UseLargePagesIndividualAllocation        = false                                  {pd product} {ergonomic}

Logging:
Log output configuration:
 #0: stdout all=warning uptime,level,tags
 #1: stderr all=off uptime,level,tags

Environment Variables:
JAVA_HOME=C:\Program Files\Java\jdk-11.0.3\bin
PATH=C:\Program Files (x86)\Intel\iCLS Client\;C:\Program Files\Intel\iCLS Client\;C:\Windows\system32;C:\Windows;C:\Windows\System32\Wbem;C:\Windows\System32\WindowsPowerShell\v1.0\;C:\Windows\System32\OpenSSH\;C:\Program Files\dotnet\;C:\Program Files\Intel\Intel(R) Management Engine Components\DAL;C:\Program Files\Intel\Intel(R) Management Engine Components\IPT;C:\Program Files (x86)\Intel\Intel(R) Management Engine Components\DAL;C:\Program Files (x86)\Intel\Intel(R) Management Engine Components\IPT;C:\Program Files\Java\jdk-11.0.3\bin;C:\Program Files\Git\cmd;C:\Users\Ahmed Farouk\AppData\Local\Microsoft\WindowsApps;C:\Users\Ahmed Farouk\.dotnet\tools;C:\Users\Ahmed Farouk\AppData\Local\Programs\Microsoft VS Code\bin;C:\Program Files\CodeBlocks\MinGW\bin;
USERNAME=Ahmed Farouk
OS=Windows_NT
PROCESSOR_IDENTIFIER=Intel64 Family 6 Model 58 Stepping 9, GenuineIntel



---------------  S Y S T E M  ---------------

OS: Windows 10 , 64 bit Build 19041 (10.0.19041.1706)
OS uptime: 1 days 10:19 hours

CPU:total 4 (initial active 4) (2 cores per cpu, 2 threads per core) family 6 model 58 stepping 9 microcode 0x21, cmov, cx8, fxsr, mmx, sse, sse2, sse3, ssse3, sse4.1, sse4.2, popcnt, avx, aes, clmul, erms, ht, tsc, tscinvbit, tscinv

Memory: 4k page, system-wide physical 4031M (252M free)
TotalPageFile size 8062M (AvailPageFile size 98M)
current process WorkingSet (physical memory assigned to process): 576M, peak: 576M
current process commit charge ("private bytes"): 868M, peak: 1182M

vm_info: OpenJDK 64-Bit Server VM (11.0.10+0-b96-7249189) for windows-amd64 JRE (11.0.10+0-b96-7249189), built on Mar 31 2021 21:44:00 by "builder" with MS VC++ 14.0 (VS2015)

END.
