#
# There is insufficient memory for the Java Runtime Environment to continue.
# Native memory allocation (malloc) failed to allocate 1048576 bytes for AllocateHeap
# Possible reasons:
#   The system is out of physical RAM or swap space
#   The process is running with CompressedOops enabled, and the Java Heap may be blocking the growth of the native heap
# Possible solutions:
#   Reduce memory load on the system
#   Increase physical memory or swap space
#   Check if swap backing store is full
#   Decrease Java heap size (-Xmx/-Xms)
#   Decrease number of Java threads
#   Decrease Java thread stack sizes (-Xss)
#   Set larger code cache with -XX:ReservedCodeCacheSize=
#   JVM is running with Unscaled Compressed Oops mode in which the Java heap is
#     placed in the first 4GB address space. The Java Heap base address is the
#     maximum limit for the native heap growth. Please use -XX:HeapBaseMinAddress
#     to set the Java Heap base and to place the Java Heap above 4GB virtual address.
# This output file may be truncated or incomplete.
#
#  Out of Memory Error (./src/hotspot/share/memory/allocation.cpp:46), pid=6772, tid=10468
#
# JRE version: OpenJDK Runtime Environment (11.0.10) (build 11.0.10+0-b96-7249189)
# Java VM: OpenJDK 64-Bit Server VM (11.0.10+0-b96-7249189, mixed mode, tiered, compressed oops, g1 gc, windows-amd64)
# No core dump will be written. Minidumps are not enabled by default on client versions of Windows
#

---------------  S U M M A R Y ------------

Command Line: org.jetbrains.kotlin.cli.jvm.K2JVMCompiler @C:\Users\Ahmed Farouk\AndroidStudioProjects\Salem\app\build\20220715_15017967659455520307.compiler.options

Host: Intel(R) Core(TM) i5-3320M CPU @ 2.60GHz, 4 cores, 3G,  Windows 10 , 64 bit Build 19041 (10.0.19041.1706)
Time: Fri Jul 15 16:17:30 2022 Pacific Daylight Time elapsed time: 0.720698 seconds (0d 0h 0m 0s)

---------------  T H R E A D  ---------------

Current thread (0x000001eab050c800):  VMThread "VM Thread" [stack: 0x000000c2be000000,0x000000c2be100000] [id=10468]

Stack: [0x000000c2be000000,0x000000c2be100000]
[error occurred during error reporting (printing stack bounds), id 0xc0000005, EXCEPTION_ACCESS_VIOLATION (0xc0000005) at pc=0x000001ea9c300f2d]

Native frames: (J=compiled Java code, j=interpreted, Vv=VM code, C=native code)
V  [jvm.dll+0x5ecfaa]
V  [jvm.dll+0x722bd5]
V  [jvm.dll+0x72412d]
V  [jvm.dll+0x724745]
V  [jvm.dll+0x7246fb]
V  [jvm.dll+0x5ec348]
V  [jvm.dll+0x5ecad8]
C  [ntdll.dll+0xa209f]
C  [ntdll.dll+0x51454]
C  [ntdll.dll+0xa0bce]
C  0x000001ea9c300f2d

VM_Operation (0x000000c2bdaf8b50): CollectForMetadataAllocation, mode: safepoint, requested by thread 0x000001ea9880c800


---------------  P R O C E S S  ---------------

Threads class SMR info:
_java_thread_list=0x000001eab07cfcd0, length=10, elements={
0x000001ea9880c800, 0x000001eab0512800, 0x000001eab051b000, 0x000001eab0576000,
0x000001eab0577000, 0x000001eab0579000, 0x000001eab057d800, 0x000001eab0583000,
0x000001eab0598800, 0x000001eab07d9800
}

Java Threads: ( => current thread )
  0x000001ea9880c800 JavaThread "main" [_thread_blocked, id=13636, stack(0x000000c2bda00000,0x000000c2bdb00000)]
  0x000001eab0512800 JavaThread "Reference Handler" daemon [_thread_blocked, id=5336, stack(0x000000c2be100000,0x000000c2be200000)]
  0x000001eab051b000 JavaThread "Finalizer" daemon [_thread_blocked, id=6252, stack(0x000000c2be200000,0x000000c2be300000)]
  0x000001eab0576000 JavaThread "Signal Dispatcher" daemon [_thread_blocked, id=12836, stack(0x000000c2be300000,0x000000c2be400000)]
  0x000001eab0577000 JavaThread "Attach Listener" daemon [_thread_blocked, id=5932, stack(0x000000c2be400000,0x000000c2be500000)]
  0x000001eab0579000 JavaThread "Service Thread" daemon [_thread_blocked, id=5724, stack(0x000000c2be500000,0x000000c2be600000)]
  0x000001eab057d800 JavaThread "C2 CompilerThread0" daemon [_thread_blocked, id=10356, stack(0x000000c2be600000,0x000000c2be700000)]
  0x000001eab0583000 JavaThread "C1 CompilerThread0" daemon [_thread_blocked, id=3616, stack(0x000000c2be700000,0x000000c2be800000)]
  0x000001eab0598800 JavaThread "Sweeper thread" daemon [_thread_blocked, id=11876, stack(0x000000c2be800000,0x000000c2be900000)]
  0x000001eab07d9800 JavaThread "Common-Cleaner" daemon [_thread_blocked, id=11544, stack(0x000000c2bea00000,0x000000c2beb00000)]

Other Threads:
=>0x000001eab050c800 VMThread "VM Thread" [stack: 0x000000c2be000000,0x000000c2be100000] [id=10468]
  0x000001eab07d6800 WatcherThread [stack: 0x000000c2be900000,0x000000c2bea00000] [id=7288]
  0x000001ea98824800 GCTaskThread "GC Thread#0" [stack: 0x000000c2bdb00000,0x000000c2bdc00000] [id=7880]
  0x000001eab0c87000 GCTaskThread "GC Thread#1" [stack: 0x000000c2beb00000,0x000000c2bec00000] [id=12196]
  0x000001ea9883f800 ConcurrentGCThread "G1 Main Marker" [stack: 0x000000c2bdc00000,0x000000c2bdd00000] [id=7012]
  0x000001ea98841800 ConcurrentGCThread "G1 Conc#0" [stack: 0x000000c2bdd00000,0x000000c2bde00000] [id=10756]
  0x000001ea98898000 ConcurrentGCThread "G1 Refine#0" [stack: 0x000000c2bde00000,0x000000c2bdf00000] [id=6864]
  0x000001ea98899000 ConcurrentGCThread "G1 Young RemSet Sampling" [stack: 0x000000c2bdf00000,0x000000c2be000000] [id=13680]

Threads with active compile tasks:

VM state:at safepoint (normal execution)

VM Mutex/Monitor currently owned by a thread:  ([mutex/lock_event])
[0x000001ea98809240] Threads_lock - owner thread: 0x000001eab050c800
[0x000001ea98808430] Heap_lock - owner thread: 0x000001ea9880c800

Heap address: 0x00000000c1000000, size: 1008 MB, Compressed Oops mode: 32-bit
Narrow klass base: 0x0000000000000000, Narrow klass shift: 3
Compressed class space size: 1073741824 Address: 0x0000000100000000

Heap:
 garbage-first heap   total 65536K, used 4991K [0x00000000c1000000, 0x0000000100000000)
  region size 1024K, 2 young (2048K), 2 survivors (2048K)
 Metaspace       used 9395K, capacity 9487K, committed 9600K, reserved 1067008K
  class space    used 792K, capacity 820K, committed 896K, reserved 1048576K
Heap Regions: E=young(eden), S=young(survivor), O=old, HS=humongous(starts), HC=humongous(continues), CS=collection set, F=free, A=archive, TAMS=top-at-mark-start (previous, next)
|   0|0x00000000c1000000, 0x00000000c1100000, 0x00000000c1100000|100%|HS|  |TAMS 0x00000000c1000000, 0x00000000c1100000| Complete 
|   1|0x00000000c1100000, 0x00000000c1200000, 0x00000000c1200000|100%|HC|  |TAMS 0x00000000c1100000, 0x00000000c1200000| Complete 
|   2|0x00000000c1200000, 0x00000000c1300000, 0x00000000c1300000|100%|HC|  |TAMS 0x00000000c1200000, 0x00000000c1300000| Complete 
|   3|0x00000000c1300000, 0x00000000c1300000, 0x00000000c1400000|  0%| F|  |TAMS 0x00000000c1300000, 0x00000000c1300000| Untracked 
|   4|0x00000000c1400000, 0x00000000c1400000, 0x00000000c1500000|  0%| F|  |TAMS 0x00000000c1400000, 0x00000000c1400000| Untracked 
|   5|0x00000000c1500000, 0x00000000c1500000, 0x00000000c1600000|  0%| F|  |TAMS 0x00000000c1500000, 0x00000000c1500000| Untracked 
|   6|0x00000000c1600000, 0x00000000c1600000, 0x00000000c1700000|  0%| F|  |TAMS 0x00000000c1600000, 0x00000000c1600000| Untracked 
|   7|0x00000000c1700000, 0x00000000c1700000, 0x00000000c1800000|  0%| F|  |TAMS 0x00000000c1700000, 0x00000000c1700000| Untracked 
|   8|0x00000000c1800000, 0x00000000c1800000, 0x00000000c1900000|  0%| F|  |TAMS 0x00000000c1800000, 0x00000000c1800000| Untracked 
|   9|0x00000000c1900000, 0x00000000c1900000, 0x00000000c1a00000|  0%| F|  |TAMS 0x00000000c1900000, 0x00000000c1900000| Untracked 
|  10|0x00000000c1a00000, 0x00000000c1a00000, 0x00000000c1b00000|  0%| F|  |TAMS 0x00000000c1a00000, 0x00000000c1a00000| Untracked 
|  11|0x00000000c1b00000, 0x00000000c1b00000, 0x00000000c1c00000|  0%| F|  |TAMS 0x00000000c1b00000, 0x00000000c1b00000| Untracked 
|  12|0x00000000c1c00000, 0x00000000c1c00000, 0x00000000c1d00000|  0%| F|  |TAMS 0x00000000c1c00000, 0x00000000c1c00000| Untracked 
|  13|0x00000000c1d00000, 0x00000000c1d00000, 0x00000000c1e00000|  0%| F|  |TAMS 0x00000000c1d00000, 0x00000000c1d00000| Untracked 
|  14|0x00000000c1e00000, 0x00000000c1e00000, 0x00000000c1f00000|  0%| F|  |TAMS 0x00000000c1e00000, 0x00000000c1e00000| Untracked 
|  15|0x00000000c1f00000, 0x00000000c1f00000, 0x00000000c2000000|  0%| F|  |TAMS 0x00000000c1f00000, 0x00000000c1f00000| Untracked 
|  16|0x00000000c2000000, 0x00000000c2000000, 0x00000000c2100000|  0%| F|  |TAMS 0x00000000c2000000, 0x00000000c2000000| Untracked 
|  17|0x00000000c2100000, 0x00000000c2100000, 0x00000000c2200000|  0%| F|  |TAMS 0x00000000c2100000, 0x00000000c2100000| Untracked 
|  18|0x00000000c2200000, 0x00000000c2200000, 0x00000000c2300000|  0%| F|  |TAMS 0x00000000c2200000, 0x00000000c2200000| Untracked 
|  19|0x00000000c2300000, 0x00000000c2300000, 0x00000000c2400000|  0%| F|  |TAMS 0x00000000c2300000, 0x00000000c2300000| Untracked 
|  20|0x00000000c2400000, 0x00000000c2400000, 0x00000000c2500000|  0%| F|  |TAMS 0x00000000c2400000, 0x00000000c2400000| Untracked 
|  21|0x00000000c2500000, 0x00000000c2500000, 0x00000000c2600000|  0%| F|  |TAMS 0x00000000c2500000, 0x00000000c2500000| Untracked 
|  22|0x00000000c2600000, 0x00000000c2600000, 0x00000000c2700000|  0%| F|  |TAMS 0x00000000c2600000, 0x00000000c2600000| Untracked 
|  23|0x00000000c2700000, 0x00000000c2700000, 0x00000000c2800000|  0%| F|  |TAMS 0x00000000c2700000, 0x00000000c2700000| Untracked 
|  24|0x00000000c2800000, 0x00000000c2800000, 0x00000000c2900000|  0%| F|  |TAMS 0x00000000c2800000, 0x00000000c2800000| Untracked 
|  25|0x00000000c2900000, 0x00000000c2900000, 0x00000000c2a00000|  0%| F|  |TAMS 0x00000000c2900000, 0x00000000c2900000| Untracked 
|  26|0x00000000c2a00000, 0x00000000c2a00000, 0x00000000c2b00000|  0%| F|  |TAMS 0x00000000c2a00000, 0x00000000c2a00000| Untracked 
|  27|0x00000000c2b00000, 0x00000000c2b00000, 0x00000000c2c00000|  0%| F|  |TAMS 0x00000000c2b00000, 0x00000000c2b00000| Untracked 
|  28|0x00000000c2c00000, 0x00000000c2c00000, 0x00000000c2d00000|  0%| F|  |TAMS 0x00000000c2c00000, 0x00000000c2c00000| Untracked 
|  29|0x00000000c2d00000, 0x00000000c2d00000, 0x00000000c2e00000|  0%| F|  |TAMS 0x00000000c2d00000, 0x00000000c2d00000| Untracked 
|  30|0x00000000c2e00000, 0x00000000c2e00000, 0x00000000c2f00000|  0%| F|  |TAMS 0x00000000c2e00000, 0x00000000c2e00000| Untracked 
|  31|0x00000000c2f00000, 0x00000000c2f00000, 0x00000000c3000000|  0%| F|  |TAMS 0x00000000c2f00000, 0x00000000c2f00000| Untracked 
|  32|0x00000000c3000000, 0x00000000c3000000, 0x00000000c3100000|  0%| F|  |TAMS 0x00000000c3000000, 0x00000000c3000000| Untracked 
|  33|0x00000000c3100000, 0x00000000c3100000, 0x00000000c3200000|  0%| F|  |TAMS 0x00000000c3100000, 0x00000000c3100000| Untracked 
|  34|0x00000000c3200000, 0x00000000c3200000, 0x00000000c3300000|  0%| F|  |TAMS 0x00000000c3200000, 0x00000000c3200000| Untracked 
|  35|0x00000000c3300000, 0x00000000c3300000, 0x00000000c3400000|  0%| F|  |TAMS 0x00000000c3300000, 0x00000000c3300000| Untracked 
|  36|0x00000000c3400000, 0x00000000c3400000, 0x00000000c3500000|  0%| F|  |TAMS 0x00000000c3400000, 0x00000000c3400000| Untracked 
|  37|0x00000000c3500000, 0x00000000c3500000, 0x00000000c3600000|  0%| F|  |TAMS 0x00000000c3500000, 0x00000000c3500000| Untracked 
|  38|0x00000000c3600000, 0x00000000c3600000, 0x00000000c3700000|  0%| F|  |TAMS 0x00000000c3600000, 0x00000000c3600000| Untracked 
|  39|0x00000000c3700000, 0x00000000c3700000, 0x00000000c3800000|  0%| F|  |TAMS 0x00000000c3700000, 0x00000000c3700000| Untracked 
|  40|0x00000000c3800000, 0x00000000c3800000, 0x00000000c3900000|  0%| F|  |TAMS 0x00000000c3800000, 0x00000000c3800000| Untracked 
|  41|0x00000000c3900000, 0x00000000c3900000, 0x00000000c3a00000|  0%| F|  |TAMS 0x00000000c3900000, 0x00000000c3900000| Untracked 
|  42|0x00000000c3a00000, 0x00000000c3a00000, 0x00000000c3b00000|  0%| F|  |TAMS 0x00000000c3a00000, 0x00000000c3a00000| Untracked 
|  43|0x00000000c3b00000, 0x00000000c3b00000, 0x00000000c3c00000|  0%| F|  |TAMS 0x00000000c3b00000, 0x00000000c3b00000| Untracked 
|  44|0x00000000c3c00000, 0x00000000c3c00000, 0x00000000c3d00000|  0%| F|  |TAMS 0x00000000c3c00000, 0x00000000c3c00000| Untracked 
|  45|0x00000000c3d00000, 0x00000000c3d00000, 0x00000000c3e00000|  0%| F|  |TAMS 0x00000000c3d00000, 0x00000000c3d00000| Untracked 
|  46|0x00000000c3e00000, 0x00000000c3e00000, 0x00000000c3f00000|  0%| F|  |TAMS 0x00000000c3e00000, 0x00000000c3e00000| Untracked 
|  47|0x00000000c3f00000, 0x00000000c3f00000, 0x00000000c4000000|  0%| F|  |TAMS 0x00000000c3f00000, 0x00000000c3f00000| Untracked 
|  48|0x00000000c4000000, 0x00000000c40dfdf0, 0x00000000c4100000| 87%| S|CS|TAMS 0x00000000c4000000, 0x00000000c4000000| Complete 
|  49|0x00000000c4100000, 0x00000000c4200000, 0x00000000c4200000|100%| S|CS|TAMS 0x00000000c4100000, 0x00000000c4100000| Complete 
|  50|0x00000000c4200000, 0x00000000c4200000, 0x00000000c4300000|  0%| F|  |TAMS 0x00000000c4200000, 0x00000000c4200000| Untracked 
|  51|0x00000000c4300000, 0x00000000c4300000, 0x00000000c4400000|  0%| F|  |TAMS 0x00000000c4300000, 0x00000000c4300000| Untracked 
|  52|0x00000000c4400000, 0x00000000c4400000, 0x00000000c4500000|  0%| F|  |TAMS 0x00000000c4400000, 0x00000000c4400000| Untracked 
|  53|0x00000000c4500000, 0x00000000c4500000, 0x00000000c4600000|  0%| F|  |TAMS 0x00000000c4500000, 0x00000000c4500000| Untracked 
|  54|0x00000000c4600000, 0x00000000c4600000, 0x00000000c4700000|  0%| F|  |TAMS 0x00000000c4600000, 0x00000000c4600000| Untracked 
|  55|0x00000000c4700000, 0x00000000c4700000, 0x00000000c4800000|  0%| F|  |TAMS 0x00000000c4700000, 0x00000000c4700000| Untracked 
|  56|0x00000000c4800000, 0x00000000c4800000, 0x00000000c4900000|  0%| F|  |TAMS 0x00000000c4800000, 0x00000000c4800000| Untracked 
|  57|0x00000000c4900000, 0x00000000c4900000, 0x00000000c4a00000|  0%| F|  |TAMS 0x00000000c4900000, 0x00000000c4900000| Untracked 
|  58|0x00000000c4a00000, 0x00000000c4a00000, 0x00000000c4b00000|  0%| F|  |TAMS 0x00000000c4a00000, 0x00000000c4a00000| Untracked 
|  59|0x00000000c4b00000, 0x00000000c4b00000, 0x00000000c4c00000|  0%| F|  |TAMS 0x00000000c4b00000, 0x00000000c4b00000| Untracked 
|  60|0x00000000c4c00000, 0x00000000c4c00000, 0x00000000c4d00000|  0%| F|  |TAMS 0x00000000c4c00000, 0x00000000c4c00000| Untracked 
|  61|0x00000000c4d00000, 0x00000000c4d00000, 0x00000000c4e00000|  0%| F|  |TAMS 0x00000000c4d00000, 0x00000000c4d00000| Untracked 
|  62|0x00000000c4e00000, 0x00000000c4e00000, 0x00000000c4f00000|  0%| F|  |TAMS 0x00000000c4e00000, 0x00000000c4e00000| Untracked 
|  63|0x00000000c4f00000, 0x00000000c4f00000, 0x00000000c5000000|  0%| F|  |TAMS 0x00000000c4f00000, 0x00000000c4f00000| Untracked 

Card table byte_map: [0x000001eaab500000,0x000001eaab700000] _byte_map_base: 0x000001eaaaef8000

Marking Bits (Prev, Next): (CMBitMap*) 0x000001ea9883a8b8, (CMBitMap*) 0x000001ea9883a8f0
 Prev Bits: [0x000001eaab900000, 0x000001eaac8c0000)
 Next Bits: [0x000001eaac8c0000, 0x000001eaad880000)

Polling page: 0x000001ea96690000

Metaspace:

Usage:
  Non-class:      8.46 MB capacity,     8.40 MB (>99%) used,    58.99 KB ( <1%) free+waste,     5.25 KB ( <1%) overhead. 
      Class:    820.00 KB capacity,   792.92 KB ( 97%) used,    25.45 KB (  3%) free+waste,     1.63 KB ( <1%) overhead. 
       Both:      9.26 MB capacity,     9.18 MB (>99%) used,    84.45 KB ( <1%) free+waste,     6.88 KB ( <1%) overhead. 

Virtual space:
  Non-class space:       18.00 MB reserved,       8.50 MB ( 47%) committed 
      Class space:        1.00 GB reserved,     896.00 KB ( <1%) committed 
             Both:        1.02 GB reserved,       9.38 MB ( <1%) committed 

Chunk freelists:
   Non-Class:  37.00 KB
       Class:  12.00 KB
        Both:  49.00 KB

MaxMetaspaceSize: 17179869184.00 GB
CompressedClassSpaceSize: 1.00 GB

CodeHeap 'non-profiled nmethods': size=120064Kb used=125Kb max_used=125Kb free=119939Kb
 bounds [0x000001eaa3dc0000, 0x000001eaa4030000, 0x000001eaab300000]
CodeHeap 'profiled nmethods': size=120000Kb used=690Kb max_used=690Kb free=119309Kb
 bounds [0x000001ea9c890000, 0x000001ea9cb00000, 0x000001eaa3dc0000]
CodeHeap 'non-nmethods': size=5696Kb used=1068Kb max_used=1080Kb free=4628Kb
 bounds [0x000001ea9c300000, 0x000001ea9c570000, 0x000001ea9c890000]
 total_blobs=797 nmethods=431 adapters=278
 compilation: enabled
              stopped_count=0, restarted_count=0
 full_count=0

Compilation events (20 events):
Event: 0.705 Thread 0x000001eab0583000  418       3       java.util.jar.Manifest::getTrustedAttributes (57 bytes)
Event: 0.706 Thread 0x000001eab0583000 nmethod 418 0x000001ea9c939610 code [0x000001ea9c9398a0, 0x000001ea9c93a3b8]
Event: 0.710 Thread 0x000001eab0583000  419       3       java.lang.Enum::<init> (15 bytes)
Event: 0.710 Thread 0x000001eab0583000 nmethod 419 0x000001ea9c93a790 code [0x000001ea9c93a940, 0x000001ea9c93aaf8]
Event: 0.711 Thread 0x000001eab057d800  420       4       java.lang.Integer::valueOf (32 bytes)
Event: 0.712 Thread 0x000001eab0583000  422       1       java.lang.invoke.MemberName::getDeclaringClass (5 bytes)
Event: 0.712 Thread 0x000001eab0583000 nmethod 422 0x000001eaa3dde110 code [0x000001eaa3dde2c0, 0x000001eaa3dde378]
Event: 0.712 Thread 0x000001eab057d800 nmethod 420 0x000001eaa3dde410 code [0x000001eaa3dde5c0, 0x000001eaa3dde6b8]
Event: 0.712 Thread 0x000001eab0583000  426       3       java.lang.invoke.MemberName::isInvocable (7 bytes)
Event: 0.713 Thread 0x000001eab0583000 nmethod 426 0x000001ea9c93ab90 code [0x000001ea9c93ad60, 0x000001ea9c93afd8]
Event: 0.713 Thread 0x000001eab0583000  427       3       java.lang.invoke.MemberName::testAnyFlags (15 bytes)
Event: 0.713 Thread 0x000001eab0583000 nmethod 427 0x000001ea9c93b110 code [0x000001ea9c93b2c0, 0x000001ea9c93b4d8]
Event: 0.713 Thread 0x000001eab0583000  428       1       java.lang.Module::getDescriptor (5 bytes)
Event: 0.713 Thread 0x000001eab0583000 nmethod 428 0x000001eaa3dded90 code [0x000001eaa3ddef40, 0x000001eaa3ddeff8]
Event: 0.713 Thread 0x000001eab0583000  430       3       java.util.ArrayList::add (25 bytes)
Event: 0.713 Thread 0x000001eab0583000 nmethod 430 0x000001ea9c93b590 code [0x000001ea9c93b7a0, 0x000001ea9c93bd58]
Event: 0.713 Thread 0x000001eab0583000  431       3       java.util.ArrayList::add (23 bytes)
Event: 0.713 Thread 0x000001eab0583000 nmethod 431 0x000001ea9c93bf90 code [0x000001ea9c93c1a0, 0x000001ea9c93c6d8]
Event: 0.713 Thread 0x000001eab0583000  429       1       java.util.concurrent.CopyOnWriteArrayList::setArray (6 bytes)
Event: 0.714 Thread 0x000001eab0583000 nmethod 429 0x000001eaa3ddf090 code [0x000001eaa3ddf240, 0x000001eaa3ddf358]

GC Heap History (2 events):
Event: 0.715 GC heap before
{Heap before GC invocations=0 (full 0):
 garbage-first heap   total 65536K, used 16384K [0x00000000c1000000, 0x0000000100000000)
  region size 1024K, 14 young (14336K), 0 survivors (0K)
 Metaspace       used 9395K, capacity 9487K, committed 9600K, reserved 1064960K
  class space    used 792K, capacity 820K, committed 896K, reserved 1048576K
}
Event: 0.718 GC heap after
{Heap after GC invocations=1 (full 0):
 garbage-first heap   total 65536K, used 4991K [0x00000000c1000000, 0x0000000100000000)
  region size 1024K, 2 young (2048K), 2 survivors (2048K)
 Metaspace       used 9395K, capacity 9487K, committed 9600K, reserved 1064960K
  class space    used 792K, capacity 820K, committed 896K, reserved 1048576K
}

Deoptimization events (20 events):
Event: 0.274 Thread 0x000001ea9880c800 DEOPT PACKING pc=0x000001ea9c8b363b sp=0x000000c2bdafaa50
Event: 0.274 Thread 0x000001ea9880c800 DEOPT UNPACKING pc=0x000001ea9c32764e sp=0x000000c2bdaf9f20 mode 0
Event: 0.307 Thread 0x000001ea9880c800 Uncommon trap: trap_request=0xffffff4d fr.pc=0x000001eaa3dc6100 relative=0x0000000000000160
Event: 0.307 Thread 0x000001ea9880c800 Uncommon trap: reason=unstable_if action=reinterpret pc=0x000001eaa3dc6100 method=java.util.zip.ZipFile$Source.checkUTF8([BII)V @ 12 c2
Event: 0.307 Thread 0x000001ea9880c800 DEOPT PACKING pc=0x000001eaa3dc6100 sp=0x000000c2bdafaa90
Event: 0.307 Thread 0x000001ea9880c800 DEOPT UNPACKING pc=0x000001ea9c32782f sp=0x000000c2bdafaa28 mode 2
Event: 0.309 Thread 0x000001ea9880c800 DEOPT PACKING pc=0x000001ea9c8b72bb sp=0x000000c2bdafaa50
Event: 0.310 Thread 0x000001ea9880c800 DEOPT UNPACKING pc=0x000001ea9c32764e sp=0x000000c2bdaf9f20 mode 0
Event: 0.310 Thread 0x000001ea9880c800 DEOPT PACKING pc=0x000001ea9c8b72bb sp=0x000000c2bdafaa50
Event: 0.310 Thread 0x000001ea9880c800 DEOPT UNPACKING pc=0x000001ea9c32764e sp=0x000000c2bdaf9f20 mode 0
Event: 0.312 Thread 0x000001ea9880c800 DEOPT PACKING pc=0x000001ea9c8b72bb sp=0x000000c2bdafaa50
Event: 0.312 Thread 0x000001ea9880c800 DEOPT UNPACKING pc=0x000001ea9c32764e sp=0x000000c2bdaf9f20 mode 0
Event: 0.316 Thread 0x000001ea9880c800 DEOPT PACKING pc=0x000001ea9c8b72bb sp=0x000000c2bdafaa50
Event: 0.316 Thread 0x000001ea9880c800 DEOPT UNPACKING pc=0x000001ea9c32764e sp=0x000000c2bdaf9f20 mode 0
Event: 0.330 Thread 0x000001ea9880c800 DEOPT PACKING pc=0x000001ea9c8b72bb sp=0x000000c2bdafaa50
Event: 0.330 Thread 0x000001ea9880c800 DEOPT UNPACKING pc=0x000001ea9c32764e sp=0x000000c2bdaf9f20 mode 0
Event: 0.477 Thread 0x000001ea9880c800 DEOPT PACKING pc=0x000001ea9c8d37a2 sp=0x000000c2bdafcbf0
Event: 0.477 Thread 0x000001ea9880c800 DEOPT UNPACKING pc=0x000001ea9c32764e sp=0x000000c2bdafc058 mode 0
Event: 0.528 Thread 0x000001ea9880c800 DEOPT PACKING pc=0x000001ea9c8b7e50 sp=0x000000c2bdaefa20
Event: 0.528 Thread 0x000001ea9880c800 DEOPT UNPACKING pc=0x000001ea9c32764e sp=0x000000c2bdaeeea8 mode 0

Classes redefined (0 events):
No events

Internal exceptions (0 events):
No events

Events (20 events):
Event: 0.713 loading class jdk/internal/module/Resources done
Event: 0.714 loading class jdk/internal/loader/BuiltinClassLoader$2
Event: 0.714 loading class jdk/internal/loader/BuiltinClassLoader$2 done
Event: 0.714 loading class jdk/internal/loader/BuiltinClassLoader$5
Event: 0.714 loading class jdk/internal/loader/BuiltinClassLoader$5 done
Event: 0.714 loading class jdk/internal/module/SystemModuleFinders$SystemModuleReader
Event: 0.714 loading class java/lang/module/ModuleReader
Event: 0.714 loading class java/lang/module/ModuleReader done
Event: 0.714 loading class jdk/internal/module/SystemModuleFinders$SystemModuleReader done
Event: 0.714 loading class jdk/internal/module/SystemModuleFinders$SystemImage
Event: 0.714 loading class jdk/internal/module/SystemModuleFinders$SystemImage done
Event: 0.714 loading class jdk/internal/jimage/ImageReaderFactory
Event: 0.714 loading class jdk/internal/jimage/ImageReaderFactory done
Event: 0.714 loading class java/nio/file/Paths
Event: 0.714 loading class java/nio/file/Paths done
Event: 0.714 loading class jdk/internal/jimage/ImageReaderFactory$1
Event: 0.714 loading class jdk/internal/jimage/ImageReaderFactory$1 done
Event: 0.714 loading class jdk/internal/jimage/ImageReader
Event: 0.715 loading class jdk/internal/jimage/ImageReader done
Event: 0.715 Executing VM operation: CollectForMetadataAllocation


Dynamic libraries:
0x00007ff6c5fc0000 - 0x00007ff6c5fca000 	C:\Program Files\Android\Android Studio\jre\bin\java.exe
0x00007ffcfb270000 - 0x00007ffcfb465000 	C:\Windows\SYSTEM32\ntdll.dll
0x00007ffcfa150000 - 0x00007ffcfa20d000 	C:\Windows\System32\KERNEL32.DLL
0x00007ffcf8d70000 - 0x00007ffcf903d000 	C:\Windows\System32\KERNELBASE.dll
0x00007ffcf9190000 - 0x00007ffcf9290000 	C:\Windows\System32\ucrtbase.dll
0x00007ffce25b0000 - 0x00007ffce25c7000 	C:\Program Files\Android\Android Studio\jre\bin\VCRUNTIME140.dll
0x00007ffce27c0000 - 0x00007ffce27d9000 	C:\Program Files\Android\Android Studio\jre\bin\jli.dll
0x00007ffcf92c0000 - 0x00007ffcf9460000 	C:\Windows\System32\USER32.dll
0x00007ffce7900000 - 0x00007ffce7b9a000 	C:\Windows\WinSxS\amd64_microsoft.windows.common-controls_6595b64144ccf1df_6.0.19041.1110_none_60b5254171f9507e\COMCTL32.dll
0x00007ffcf8980000 - 0x00007ffcf89a2000 	C:\Windows\System32\win32u.dll
0x00007ffcfa4c0000 - 0x00007ffcfa55e000 	C:\Windows\System32\msvcrt.dll
0x00007ffcf9db0000 - 0x00007ffcf9dda000 	C:\Windows\System32\GDI32.dll
0x00007ffcf8a60000 - 0x00007ffcf8b6b000 	C:\Windows\System32\gdi32full.dll
0x00007ffcf8cd0000 - 0x00007ffcf8d6d000 	C:\Windows\System32\msvcp_win.dll
0x00007ffcfa110000 - 0x00007ffcfa140000 	C:\Windows\System32\IMM32.DLL
0x00007ffce23c0000 - 0x00007ffce245d000 	C:\Program Files\Android\Android Studio\jre\bin\msvcp140.dll
0x00007ffcc3680000 - 0x00007ffcc414f000 	C:\Program Files\Android\Android Studio\jre\bin\server\jvm.dll
0x00007ffcf9510000 - 0x00007ffcf95be000 	C:\Windows\System32\ADVAPI32.dll
0x00007ffcfa210000 - 0x00007ffcfa2ac000 	C:\Windows\System32\sechost.dll
0x00007ffcf9fe0000 - 0x00007ffcfa105000 	C:\Windows\System32\RPCRT4.dll
0x00007ffcf9de0000 - 0x00007ffcf9de8000 	C:\Windows\System32\PSAPI.DLL
0x00007ffcf3f10000 - 0x00007ffcf3f19000 	C:\Windows\SYSTEM32\WSOCK32.dll
0x00007ffceee90000 - 0x00007ffceeeb7000 	C:\Windows\SYSTEM32\WINMM.dll
0x00007ffcfa5c0000 - 0x00007ffcfa62b000 	C:\Windows\System32\WS2_32.dll
0x00007ffceeec0000 - 0x00007ffceeeca000 	C:\Windows\SYSTEM32\VERSION.dll
0x00007ffcf7210000 - 0x00007ffcf7222000 	C:\Windows\SYSTEM32\kernel.appcore.dll
0x00007ffcf3e40000 - 0x00007ffcf3e51000 	C:\Program Files\Android\Android Studio\jre\bin\verify.dll
0x00007ffce7040000 - 0x00007ffce7224000 	C:\Windows\SYSTEM32\DBGHELP.DLL
0x00007ffce7010000 - 0x00007ffce703c000 	C:\Windows\SYSTEM32\dbgcore.DLL
0x00007ffcf9040000 - 0x00007ffcf90c2000 	C:\Windows\System32\bcryptPrimitives.dll
0x00007ffcf3de0000 - 0x00007ffcf3e09000 	C:\Program Files\Android\Android Studio\jre\bin\java.dll
0x00007ffcf2a50000 - 0x00007ffcf2a5b000 	C:\Program Files\Android\Android Studio\jre\bin\jimage.dll
0x00007ffcf2a30000 - 0x00007ffcf2a48000 	C:\Program Files\Android\Android Studio\jre\bin\zip.dll
0x00007ffcfaa00000 - 0x00007ffcfb144000 	C:\Windows\System32\SHELL32.dll
0x00007ffcf69b0000 - 0x00007ffcf7144000 	C:\Windows\SYSTEM32\windows.storage.dll
0x00007ffcf95c0000 - 0x00007ffcf9914000 	C:\Windows\System32\combase.dll
0x00007ffcf8370000 - 0x00007ffcf839c000 	C:\Windows\SYSTEM32\Wldp.dll
0x00007ffcf9460000 - 0x00007ffcf950d000 	C:\Windows\System32\SHCORE.dll
0x00007ffcfb150000 - 0x00007ffcfb1a5000 	C:\Windows\System32\shlwapi.dll
0x00007ffcf88c0000 - 0x00007ffcf88df000 	C:\Windows\SYSTEM32\profapi.dll
0x00007ffcf2970000 - 0x00007ffcf298a000 	C:\Program Files\Android\Android Studio\jre\bin\net.dll
0x00007ffceab60000 - 0x00007ffceac6a000 	C:\Windows\SYSTEM32\WINHTTP.dll
0x00007ffcf80d0000 - 0x00007ffcf813a000 	C:\Windows\system32\mswsock.dll
0x00007ffcf2240000 - 0x00007ffcf2254000 	C:\Program Files\Android\Android Studio\jre\bin\nio.dll

dbghelp: loaded successfully - version: 4.0.5 - missing functions: none
symbol engine: initialized successfully - sym options: 0x614 - pdb path: .;C:\Program Files\Android\Android Studio\jre\bin;C:\Windows\SYSTEM32;C:\Windows\WinSxS\amd64_microsoft.windows.common-controls_6595b64144ccf1df_6.0.19041.1110_none_60b5254171f9507e;C:\Program Files\Android\Android Studio\jre\bin\server

VM Arguments:
java_command: org.jetbrains.kotlin.cli.jvm.K2JVMCompiler @C:\Users\Ahmed Farouk\AndroidStudioProjects\Salem\app\build\20220715_15017967659455520307.compiler.options
java_class_path (initial): C:\Users\Ahmed Farouk\.gradle\caches\modules-2\files-2.1\org.jetbrains.kotlin\kotlin-compiler-embeddable\1.5.20\1900e8b9aca0a9caffd45b99b36e3720a0a284f8\kotlin-compiler-embeddable-1.5.20.jar;C:\Users\Ahmed Farouk\.gradle\caches\modules-2\files-2.1\org.jetbrains.kotlin\kotlin-reflect\1.5.20\63810951f09a27f7827977f1bc21094042a915e\kotlin-reflect-1.5.20.jar;C:\Users\Ahmed Farouk\.gradle\caches\modules-2\files-2.1\org.jetbrains.kotlin\kotlin-stdlib\1.5.20\9de35cc611bcecec8edce1d56d8e659953806751\kotlin-stdlib-1.5.20.jar;C:\Users\Ahmed Farouk\.gradle\caches\modules-2\files-2.1\org.jetbrains.kotlin\kotlin-script-runtime\1.5.20\4381bb58d37b84d4d1afe55ec35542dd9b77e101\kotlin-script-runtime-1.5.20.jar;C:\Users\Ahmed Farouk\.gradle\caches\modules-2\files-2.1\org.jetbrains.kotlin\kotlin-daemon-embeddable\1.5.20\36c38cda019834dcd2959cc33a12768adcd94256\kotlin-daemon-embeddable-1.5.20.jar;C:\Users\Ahmed Farouk\.gradle\caches\modules-2\files-2.1\org.jetbrains.intellij.deps\trove4j\1.0.20181211\216c2e14b070f334479d800987affe4054cd563f\trove4j-1.0.20181211.jar;C:\Users\Ahmed Farouk\.gradle\caches\modules-2\files-2.1\org.jetbrains\annotations\13.0\919f0dfe192fb4e063e7dacadee7f8bb9a2672a9\annotations-13.0.jar;C:\Users\Ahmed Farouk\.gradle\caches\modules-2\files-2.1\org.jetbrains.kotlin\kotlin-stdlib-common\1.5.20\3d79dbd48bf605f4aac1e7028981a1953e245cbb\kotlin-stdlib-common-1.5.20.jar
Launcher Type: SUN_STANDARD

[Global flags]
     intx CICompilerCount                          = 3                                         {product} {ergonomic}
     uint ConcGCThreads                            = 1                                         {product} {ergonomic}
     uint G1ConcRefinementThreads                  = 4                                         {product} {ergonomic}
   size_t G1HeapRegionSize                         = 1048576                                   {product} {ergonomic}
    uintx GCDrainStackTargetSize                   = 64                                        {product} {ergonomic}
   size_t InitialHeapSize                          = 67108864                                  {product} {ergonomic}
   size_t MarkStackSize                            = 4194304                                   {product} {ergonomic}
   size_t MaxHeapSize                              = 1056964608                                {product} {ergonomic}
   size_t MaxNewSize                               = 633339904                                 {product} {ergonomic}
   size_t MinHeapDeltaBytes                        = 1048576                                   {product} {ergonomic}
    uintx NonNMethodCodeHeapSize                   = 5830732                                {pd product} {ergonomic}
    uintx NonProfiledCodeHeapSize                  = 122913754                              {pd product} {ergonomic}
    uintx ProfiledCodeHeapSize                     = 122913754                              {pd product} {ergonomic}
    uintx ReservedCodeCacheSize                    = 251658240                              {pd product} {ergonomic}
     bool SegmentedCodeCache                       = true                                      {product} {ergonomic}
     bool UseCompressedClassPointers               = true                                 {lp64_product} {ergonomic}
     bool UseCompressedOops                        = true                                 {lp64_product} {ergonomic}
     bool UseG1GC                                  = true                                      {product} {ergonomic}
     bool UseLargePagesIndividualAllocation        = false                                  {pd product} {ergonomic}

Logging:
Log output configuration:
 #0: stdout all=warning uptime,level,tags
 #1: stderr all=off uptime,level,tags

Environment Variables:
JAVA_HOME=C:\Program Files\Java\jdk-11.0.3\bin
PATH=C:\Program Files (x86)\Intel\iCLS Client\;C:\Program Files\Intel\iCLS Client\;C:\Windows\system32;C:\Windows;C:\Windows\System32\Wbem;C:\Windows\System32\WindowsPowerShell\v1.0\;C:\Windows\System32\OpenSSH\;C:\Program Files\dotnet\;C:\Program Files\Intel\Intel(R) Management Engine Components\DAL;C:\Program Files\Intel\Intel(R) Management Engine Components\IPT;C:\Program Files (x86)\Intel\Intel(R) Management Engine Components\DAL;C:\Program Files (x86)\Intel\Intel(R) Management Engine Components\IPT;C:\Program Files\Java\jdk-11.0.3\bin;C:\Program Files\Git\cmd;C:\Users\Ahmed Farouk\AppData\Local\Microsoft\WindowsApps;C:\Users\Ahmed Farouk\.dotnet\tools;C:\Users\Ahmed Farouk\AppData\Local\Programs\Microsoft VS Code\bin;C:\Program Files\CodeBlocks\MinGW\bin;
USERNAME=Ahmed Farouk
OS=Windows_NT
PROCESSOR_IDENTIFIER=Intel64 Family 6 Model 58 Stepping 9, GenuineIntel



---------------  S Y S T E M  ---------------

OS: Windows 10 , 64 bit Build 19041 (10.0.19041.1706)
OS uptime: 0 days 12:23 hours

CPU:total 4 (initial active 4) (2 cores per cpu, 2 threads per core) family 6 model 58 stepping 9 microcode 0x21, cmov, cx8, fxsr, mmx, sse, sse2, sse3, ssse3, sse4.1, sse4.2, popcnt, avx, aes, clmul, erms, ht, tsc, tscinvbit, tscinv

Memory: 4k page, system-wide physical 4031M (346M free)
TotalPageFile size 8062M (AvailPageFile size 3M)
current process WorkingSet (physical memory assigned to process): 59M, peak: 59M
current process commit charge ("private bytes"): 137M, peak: 138M

vm_info: OpenJDK 64-Bit Server VM (11.0.10+0-b96-7249189) for windows-amd64 JRE (11.0.10+0-b96-7249189), built on Mar 31 2021 21:44:00 by "builder" with MS VC++ 14.0 (VS2015)

END.
