#
# There is insufficient memory for the Java Runtime Environment to continue.
# Native memory allocation (malloc) failed to allocate 692976 bytes for Chunk::new
# Possible reasons:
#   The system is out of physical RAM or swap space
#   The process is running with CompressedOops enabled, and the Java Heap may be blocking the growth of the native heap
# Possible solutions:
#   Reduce memory load on the system
#   Increase physical memory or swap space
#   Check if swap backing store is full
#   Decrease Java heap size (-Xmx/-Xms)
#   Decrease number of Java threads
#   Decrease Java thread stack sizes (-Xss)
#   Set larger code cache with -XX:ReservedCodeCacheSize=
#   JVM is running with Unscaled Compressed Oops mode in which the Java heap is
#     placed in the first 4GB address space. The Java Heap base address is the
#     maximum limit for the native heap growth. Please use -XX:HeapBaseMinAddress
#     to set the Java Heap base and to place the Java Heap above 4GB virtual address.
# This output file may be truncated or incomplete.
#
#  Out of Memory Error (./src/hotspot/share/memory/arena.cpp:197), pid=12564, tid=8168
#
# JRE version: OpenJDK Runtime Environment (11.0.10) (build 11.0.10+0-b96-7249189)
# Java VM: OpenJDK 64-Bit Server VM (11.0.10+0-b96-7249189, mixed mode, tiered, compressed oops, g1 gc, windows-amd64)
# No core dump will be written. Minidumps are not enabled by default on client versions of Windows
#

---------------  S U M M A R Y ------------

Command Line: --add-opens=java.base/java.util=ALL-UNNAMED --add-opens=java.base/java.lang=ALL-UNNAMED --add-opens=java.base/java.lang.invoke=ALL-UNNAMED --add-opens=java.base/java.util=ALL-UNNAMED --add-opens=java.prefs/java.util.prefs=ALL-UNNAMED --add-opens=java.prefs/java.util.prefs=ALL-UNNAMED --add-opens=java.base/java.nio.charset=ALL-UNNAMED --add-opens=java.base/java.net=ALL-UNNAMED --add-opens=java.base/java.util.concurrent.atomic=ALL-UNNAMED -Xmx2048m -Dfile.encoding=UTF-8 -Duser.country=US -Duser.language=en -Duser.variant org.gradle.launcher.daemon.bootstrap.GradleDaemon 7.0.2

Host: Intel(R) Core(TM) i5-3320M CPU @ 2.60GHz, 4 cores, 3G,  Windows 10 , 64 bit Build 19041 (10.0.19041.1706)
Time: Thu Jul 28 02:07:14 2022 Pacific Daylight Time elapsed time: 29.500621 seconds (0d 0h 0m 29s)

---------------  T H R E A D  ---------------

Current thread (0x00000174ff644000):  JavaThread "C2 CompilerThread0" daemon [_thread_in_native, id=8168, stack(0x000000501b100000,0x000000501b200000)]


Current CompileTask:
C2:  29500 10270       4       org.gradle.internal.fingerprint.classpath.impl.ClasspathFingerprintingStrategy$ClasspathFingerprintingVisitor::visitEntry (20 bytes)

Stack: [0x000000501b100000,0x000000501b200000]
Native frames: (J=compiled Java code, j=interpreted, Vv=VM code, C=native code)
V  [jvm.dll+0x5ecfaa]
V  [jvm.dll+0x722bd5]
V  [jvm.dll+0x72412d]
V  [jvm.dll+0x7247e3]
V  [jvm.dll+0x242928]
V  [jvm.dll+0xbc4fc]
V  [jvm.dll+0xbca0c]
V  [jvm.dll+0x352d3b]
V  [jvm.dll+0x320ad3]
V  [jvm.dll+0x31ffca]
V  [jvm.dll+0x1fb602]
V  [jvm.dll+0x1fa7f4]
V  [jvm.dll+0x18354c]
V  [jvm.dll+0x208ee7]
V  [jvm.dll+0x207731]
V  [jvm.dll+0x6eb1cf]
V  [jvm.dll+0x6e3d45]
V  [jvm.dll+0x5ebe96]
C  [ucrtbase.dll+0x21bb2]
C  [KERNEL32.DLL+0x17034]
C  [ntdll.dll+0x52651]


---------------  P R O C E S S  ---------------

Threads class SMR info:
_java_thread_list=0x000001748a86aac0, length=51, elements={
0x00000174e9a7d800, 0x00000174ff61c000, 0x00000174ff621000, 0x00000174ff63f800,
0x00000174ff640800, 0x00000174ff641800, 0x00000174ff644000, 0x00000174ff688000,
0x00000174ff68e000, 0x0000017484158800, 0x0000017486a34800, 0x00000174842d3000,
0x0000017486b1c800, 0x00000174872e7800, 0x00000174870c7800, 0x0000017486017800,
0x0000017485b17000, 0x0000017486b19000, 0x0000017487066800, 0x00000174850be000,
0x00000174850bc800, 0x00000174850bd800, 0x000001748780d800, 0x0000017487811800,
0x0000017487811000, 0x000001748780d000, 0x000001748780c000, 0x000001748780e800,
0x0000017487813800, 0x0000017487814000, 0x0000017487815000, 0x0000017487816000,
0x0000017487810000, 0x0000017487818000, 0x0000017487819000, 0x000001748781a000,
0x000001748781a800, 0x000001748a0e9000, 0x000001748a0e7800, 0x000001748a0e6800,
0x000001748a0ed000, 0x000001748a0e8000, 0x000001748a0eb800, 0x000001748a0e9800,
0x000001748a0ec000, 0x000001748a0ea800, 0x000001748a9cf000, 0x000001748a9d0000,
0x000001748a9cb000, 0x000001748a9ca800, 0x000001748a9d1000
}

Java Threads: ( => current thread )
  0x00000174e9a7d800 JavaThread "main" [_thread_blocked, id=14092, stack(0x000000501a500000,0x000000501a600000)]
  0x00000174ff61c000 JavaThread "Reference Handler" daemon [_thread_blocked, id=15216, stack(0x000000501ac00000,0x000000501ad00000)]
  0x00000174ff621000 JavaThread "Finalizer" daemon [_thread_blocked, id=5208, stack(0x000000501ad00000,0x000000501ae00000)]
  0x00000174ff63f800 JavaThread "Signal Dispatcher" daemon [_thread_blocked, id=900, stack(0x000000501ae00000,0x000000501af00000)]
  0x00000174ff640800 JavaThread "Attach Listener" daemon [_thread_blocked, id=12488, stack(0x000000501af00000,0x000000501b000000)]
  0x00000174ff641800 JavaThread "Service Thread" daemon [_thread_blocked, id=10020, stack(0x000000501b000000,0x000000501b100000)]
=>0x00000174ff644000 JavaThread "C2 CompilerThread0" daemon [_thread_in_native, id=8168, stack(0x000000501b100000,0x000000501b200000)]
  0x00000174ff688000 JavaThread "C1 CompilerThread0" daemon [_thread_blocked, id=10236, stack(0x000000501b200000,0x000000501b300000)]
  0x00000174ff68e000 JavaThread "Sweeper thread" daemon [_thread_blocked, id=15044, stack(0x000000501b300000,0x000000501b400000)]
  0x0000017484158800 JavaThread "Common-Cleaner" daemon [_thread_blocked, id=216, stack(0x000000501b400000,0x000000501b500000)]
  0x0000017486a34800 JavaThread "Daemon health stats" [_thread_blocked, id=12316, stack(0x000000501b800000,0x000000501b900000)]
  0x00000174842d3000 JavaThread "Incoming local TCP Connector on port 53154" [_thread_in_native, id=4780, stack(0x000000501b600000,0x000000501b700000)]
  0x0000017486b1c800 JavaThread "Daemon periodic checks" [_thread_blocked, id=15208, stack(0x000000501b900000,0x000000501ba00000)]
  0x00000174872e7800 JavaThread "Daemon" [_thread_blocked, id=13144, stack(0x000000501ba00000,0x000000501bb00000)]
  0x00000174870c7800 JavaThread "Handler for socket connection from /127.0.0.1:53154 to /127.0.0.1:53155" [_thread_in_native, id=7296, stack(0x000000501bb00000,0x000000501bc00000)]
  0x0000017486017800 JavaThread "Cancel handler" [_thread_blocked, id=240, stack(0x000000501bc00000,0x000000501bd00000)]
  0x0000017485b17000 JavaThread "Daemon worker" [_thread_blocked, id=9780, stack(0x000000501bd00000,0x000000501be00000)]
  0x0000017486b19000 JavaThread "Asynchronous log dispatcher for DefaultDaemonConnection: socket connection from /127.0.0.1:53154 to /127.0.0.1:53155" [_thread_blocked, id=2924, stack(0x000000501be00000,0x000000501bf00000)]
  0x0000017487066800 JavaThread "Stdin handler" [_thread_blocked, id=11964, stack(0x000000501bf00000,0x000000501c000000)]
  0x00000174850be000 JavaThread "Daemon client event forwarder" [_thread_blocked, id=13092, stack(0x000000501c000000,0x000000501c100000)]
  0x00000174850bc800 JavaThread "Cache worker for file hash cache (C:\Users\Ahmed Farouk\.gradle\caches\7.0.2\fileHashes)" [_thread_blocked, id=7488, stack(0x000000501c300000,0x000000501c400000)]
  0x00000174850bd800 JavaThread "File lock request listener" [_thread_in_native, id=12776, stack(0x000000501c400000,0x000000501c500000)]
  0x000001748780d800 JavaThread "Cache worker for journal cache (C:\Users\Ahmed Farouk\.gradle\caches\journal-1)" [_thread_blocked, id=4480, stack(0x000000501c500000,0x000000501c600000)]
  0x0000017487811800 JavaThread "Cache worker for file hash cache (C:\Users\Ahmed Farouk\AndroidStudioProjects\Salem\.gradle\7.0.2\fileHashes)" [_thread_blocked, id=6360, stack(0x000000501c600000,0x000000501c700000)]
  0x0000017487811000 JavaThread "File watcher server" daemon [_thread_in_native, id=6032, stack(0x000000501c700000,0x000000501c800000)]
  0x000001748780d000 JavaThread "File watcher consumer" daemon [_thread_blocked, id=13060, stack(0x000000501c800000,0x000000501c900000)]
  0x000001748780c000 JavaThread "Cache worker for checksums cache (C:\Users\Ahmed Farouk\AndroidStudioProjects\Salem\.gradle\checksums)" [_thread_blocked, id=10180, stack(0x000000501c900000,0x000000501ca00000)]
  0x000001748780e800 JavaThread "Cache worker for cache directory md-supplier (C:\Users\Ahmed Farouk\.gradle\caches\7.0.2\md-supplier)" [_thread_blocked, id=14212, stack(0x000000501ca00000,0x000000501cb00000)]
  0x0000017487813800 JavaThread "Cache worker for cache directory md-rule (C:\Users\Ahmed Farouk\.gradle\caches\7.0.2\md-rule)" [_thread_blocked, id=8880, stack(0x000000501cb00000,0x000000501cc00000)]
  0x0000017487814000 JavaThread "Cache worker for execution history cache (C:\Users\Ahmed Farouk\.gradle\caches\7.0.2\executionHistory)" [_thread_blocked, id=6824, stack(0x000000501cc00000,0x000000501cd00000)]
  0x0000017487815000 JavaThread "jar transforms" [_thread_blocked, id=14768, stack(0x000000501cd00000,0x000000501ce00000)]
  0x0000017487816000 JavaThread "jar transforms Thread 2" [_thread_blocked, id=13744, stack(0x000000501ce00000,0x000000501cf00000)]
  0x0000017487810000 JavaThread "Cache worker for file content cache (C:\Users\Ahmed Farouk\.gradle\caches\7.0.2\fileContent)" [_thread_blocked, id=15120, stack(0x000000501cf00000,0x000000501d000000)]
  0x0000017487818000 JavaThread "Cache worker for dependencies-accessors (C:\Users\Ahmed Farouk\AndroidStudioProjects\Salem\.gradle\7.0.2\dependencies-accessors)" [_thread_blocked, id=7632, stack(0x000000501d000000,0x000000501d100000)]
  0x0000017487819000 JavaThread "jar transforms Thread 3" [_thread_blocked, id=8184, stack(0x000000501d100000,0x000000501d200000)]
  0x000001748781a000 JavaThread "Cache worker for Build Output Cleanup Cache (C:\Users\Ahmed Farouk\AndroidStudioProjects\Salem\.gradle\buildOutputCleanup)" [_thread_blocked, id=12076, stack(0x000000501d200000,0x000000501d300000)]
  0x000001748781a800 JavaThread "Build operations" [_thread_blocked, id=8940, stack(0x000000501d300000,0x000000501d400000)]
  0x000001748a0e9000 JavaThread "Build operations Thread 2" [_thread_blocked, id=9360, stack(0x000000501d400000,0x000000501d500000)]
  0x000001748a0e7800 JavaThread "Build operations Thread 3" [_thread_in_native, id=12284, stack(0x000000501d500000,0x000000501d600000)]
  0x000001748a0e6800 JavaThread "Build operations Thread 4" [_thread_in_native, id=6796, stack(0x000000501d600000,0x000000501d700000)]
  0x000001748a0ed000 JavaThread "jar transforms Thread 4" [_thread_blocked, id=14244, stack(0x000000501d700000,0x000000501d800000)]
  0x000001748a0e8000 JavaThread "Memory manager" [_thread_blocked, id=8648, stack(0x000000501d800000,0x000000501d900000)]
  0x000001748a0eb800 JavaThread "build event listener" [_thread_blocked, id=9468, stack(0x000000501d900000,0x000000501da00000)]
  0x000001748a0e9800 JavaThread "pool-3-thread-1" [_thread_blocked, id=8292, stack(0x000000501da00000,0x000000501db00000)]
  0x000001748a0ec000 JavaThread "build event listener" [_thread_blocked, id=14956, stack(0x000000501db00000,0x000000501dc00000)]
  0x000001748a0ea800 JavaThread "Execution worker for ':'" [_thread_blocked, id=6996, stack(0x000000501dc00000,0x000000501dd00000)]
  0x000001748a9cf000 JavaThread "Execution worker for ':' Thread 2" [_thread_blocked, id=15280, stack(0x000000501dd00000,0x000000501de00000)]
  0x000001748a9d0000 JavaThread "Execution worker for ':' Thread 3" [_thread_blocked, id=14932, stack(0x000000501de00000,0x000000501df00000)]
  0x000001748a9cb000 JavaThread "Cache worker for execution history cache (C:\Users\Ahmed Farouk\AndroidStudioProjects\Salem\.gradle\7.0.2\executionHistory)" [_thread_blocked, id=15356, stack(0x000000501df00000,0x000000501e000000)]
  0x000001748a9ca800 JavaThread "C2 CompilerThread1" daemon [_thread_in_native, id=9496, stack(0x000000501e000000,0x000000501e100000)]
  0x000001748a9d1000 JavaThread "WorkerExecutor Queue" [_thread_blocked, id=6288, stack(0x000000501e100000,0x000000501e200000)]

Other Threads:
  0x00000174ff616000 VMThread "VM Thread" [stack: 0x000000501ab00000,0x000000501ac00000] [id=5224]
  0x0000017484168000 WatcherThread [stack: 0x000000501b500000,0x000000501b600000] [id=4608]
  0x00000174e9a95800 GCTaskThread "GC Thread#0" [stack: 0x000000501a600000,0x000000501a700000] [id=14288]
  0x0000017484b87800 GCTaskThread "GC Thread#1" [stack: 0x000000501b700000,0x000000501b800000] [id=12988]
  0x0000017486770000 GCTaskThread "GC Thread#2" [stack: 0x000000501c100000,0x000000501c200000] [id=8188]
  0x00000174868cd800 GCTaskThread "GC Thread#3" [stack: 0x000000501c200000,0x000000501c300000] [id=7196]
  0x00000174e9ac7800 ConcurrentGCThread "G1 Main Marker" [stack: 0x000000501a700000,0x000000501a800000] [id=12868]
  0x00000174e9ac9800 ConcurrentGCThread "G1 Conc#0" [stack: 0x000000501a800000,0x000000501a900000] [id=13656]
  0x00000174e9b21000 ConcurrentGCThread "G1 Refine#0" [stack: 0x000000501a900000,0x000000501aa00000] [id=3604]
  0x00000174e9b24000 ConcurrentGCThread "G1 Young RemSet Sampling" [stack: 0x000000501aa00000,0x000000501ab00000] [id=6584]

Threads with active compile tasks:
C2 CompilerThread0  29528 10270       4       org.gradle.internal.fingerprint.classpath.impl.ClasspathFingerprintingStrategy$ClasspathFingerprintingVisitor::visitEntry (20 bytes)
C2 CompilerThread1  29529 10281   !   4       com.google.common.cache.LocalCache::processPendingNotifications (47 bytes)

VM state:not at safepoint (normal execution)

VM Mutex/Monitor currently owned by a thread: None

Heap address: 0x0000000080000000, size: 2048 MB, Compressed Oops mode: 32-bit
Narrow klass base: 0x0000000000000000, Narrow klass shift: 3
Compressed class space size: 1073741824 Address: 0x0000000100000000

Heap:
 garbage-first heap   total 146432K, used 111902K [0x0000000080000000, 0x0000000100000000)
  region size 1024K, 40 young (40960K), 4 survivors (4096K)
 Metaspace       used 89070K, capacity 91123K, committed 91428K, reserved 1128448K
  class space    used 11433K, capacity 12166K, committed 12288K, reserved 1048576K
Heap Regions: E=young(eden), S=young(survivor), O=old, HS=humongous(starts), HC=humongous(continues), CS=collection set, F=free, A=archive, TAMS=top-at-mark-start (previous, next)
|   0|0x0000000080000000, 0x0000000080100000, 0x0000000080100000|100%|HS|  |TAMS 0x0000000080100000, 0x0000000080000000| Complete 
|   1|0x0000000080100000, 0x0000000080200000, 0x0000000080200000|100%|HC|  |TAMS 0x0000000080200000, 0x0000000080100000| Complete 
|   2|0x0000000080200000, 0x0000000080300000, 0x0000000080300000|100%|HC|  |TAMS 0x0000000080300000, 0x0000000080200000| Complete 
|   3|0x0000000080300000, 0x0000000080400000, 0x0000000080400000|100%| O|  |TAMS 0x0000000080400000, 0x0000000080300000| Untracked 
|   4|0x0000000080400000, 0x0000000080500000, 0x0000000080500000|100%| O|  |TAMS 0x0000000080500000, 0x0000000080400000| Untracked 
|   5|0x0000000080500000, 0x0000000080600000, 0x0000000080600000|100%| O|  |TAMS 0x0000000080600000, 0x0000000080500000| Untracked 
|   6|0x0000000080600000, 0x0000000080700000, 0x0000000080700000|100%| O|  |TAMS 0x0000000080700000, 0x0000000080600000| Untracked 
|   7|0x0000000080700000, 0x0000000080800000, 0x0000000080800000|100%| O|  |TAMS 0x0000000080800000, 0x0000000080700000| Untracked 
|   8|0x0000000080800000, 0x0000000080900000, 0x0000000080900000|100%| O|  |TAMS 0x0000000080900000, 0x0000000080800000| Untracked 
|   9|0x0000000080900000, 0x0000000080a00000, 0x0000000080a00000|100%| O|  |TAMS 0x0000000080a00000, 0x0000000080900000| Untracked 
|  10|0x0000000080a00000, 0x0000000080b00000, 0x0000000080b00000|100%| O|  |TAMS 0x0000000080b00000, 0x0000000080a00000| Untracked 
|  11|0x0000000080b00000, 0x0000000080c00000, 0x0000000080c00000|100%| O|  |TAMS 0x0000000080c00000, 0x0000000080b00000| Untracked 
|  12|0x0000000080c00000, 0x0000000080d00000, 0x0000000080d00000|100%| O|  |TAMS 0x0000000080d00000, 0x0000000080c00000| Untracked 
|  13|0x0000000080d00000, 0x0000000080e00000, 0x0000000080e00000|100%| O|  |TAMS 0x0000000080e00000, 0x0000000080d00000| Untracked 
|  14|0x0000000080e00000, 0x0000000080f00000, 0x0000000080f00000|100%| O|  |TAMS 0x0000000080f00000, 0x0000000080e00000| Untracked 
|  15|0x0000000080f00000, 0x0000000081000000, 0x0000000081000000|100%| O|  |TAMS 0x0000000081000000, 0x0000000080f00000| Untracked 
|  16|0x0000000081000000, 0x0000000081100000, 0x0000000081100000|100%| O|  |TAMS 0x0000000081100000, 0x0000000081000000| Untracked 
|  17|0x0000000081100000, 0x0000000081200000, 0x0000000081200000|100%| O|  |TAMS 0x0000000081200000, 0x0000000081100000| Untracked 
|  18|0x0000000081200000, 0x0000000081300000, 0x0000000081300000|100%| O|  |TAMS 0x0000000081300000, 0x0000000081200000| Untracked 
|  19|0x0000000081300000, 0x0000000081400000, 0x0000000081400000|100%| O|  |TAMS 0x0000000081400000, 0x0000000081300000| Untracked 
|  20|0x0000000081400000, 0x0000000081500000, 0x0000000081500000|100%| O|  |TAMS 0x0000000081500000, 0x0000000081400000| Untracked 
|  21|0x0000000081500000, 0x0000000081600000, 0x0000000081600000|100%| O|  |TAMS 0x0000000081600000, 0x0000000081500000| Untracked 
|  22|0x0000000081600000, 0x0000000081700000, 0x0000000081700000|100%| O|  |TAMS 0x0000000081700000, 0x0000000081600000| Untracked 
|  23|0x0000000081700000, 0x0000000081800000, 0x0000000081800000|100%| O|  |TAMS 0x0000000081800000, 0x0000000081700000| Untracked 
|  24|0x0000000081800000, 0x0000000081900000, 0x0000000081900000|100%| O|  |TAMS 0x0000000081900000, 0x0000000081800000| Untracked 
|  25|0x0000000081900000, 0x0000000081a00000, 0x0000000081a00000|100%| O|  |TAMS 0x0000000081a00000, 0x0000000081900000| Untracked 
|  26|0x0000000081a00000, 0x0000000081b00000, 0x0000000081b00000|100%|HS|  |TAMS 0x0000000081b00000, 0x0000000081a00000| Complete 
|  27|0x0000000081b00000, 0x0000000081c00000, 0x0000000081c00000|100%|HS|  |TAMS 0x0000000081c00000, 0x0000000081b00000| Complete 
|  28|0x0000000081c00000, 0x0000000081d00000, 0x0000000081d00000|100%|HS|  |TAMS 0x0000000081d00000, 0x0000000081c00000| Complete 
|  29|0x0000000081d00000, 0x0000000081e00000, 0x0000000081e00000|100%|HS|  |TAMS 0x0000000081e00000, 0x0000000081d00000| Complete 
|  30|0x0000000081e00000, 0x0000000081f00000, 0x0000000081f00000|100%|HC|  |TAMS 0x0000000081f00000, 0x0000000081e00000| Complete 
|  31|0x0000000081f00000, 0x0000000082000000, 0x0000000082000000|100%|HC|  |TAMS 0x0000000082000000, 0x0000000081f00000| Complete 
|  32|0x0000000082000000, 0x0000000082100000, 0x0000000082100000|100%|HS|  |TAMS 0x0000000082100000, 0x0000000082000000| Complete 
|  33|0x0000000082100000, 0x0000000082200000, 0x0000000082200000|100%|HC|  |TAMS 0x0000000082200000, 0x0000000082100000| Complete 
|  34|0x0000000082200000, 0x0000000082300000, 0x0000000082300000|100%| O|  |TAMS 0x0000000082300000, 0x0000000082200000| Untracked 
|  35|0x0000000082300000, 0x0000000082400000, 0x0000000082400000|100%| O|  |TAMS 0x0000000082400000, 0x0000000082300000| Untracked 
|  36|0x0000000082400000, 0x0000000082500000, 0x0000000082500000|100%| O|  |TAMS 0x0000000082500000, 0x0000000082400000| Untracked 
|  37|0x0000000082500000, 0x0000000082600000, 0x0000000082600000|100%| O|  |TAMS 0x0000000082600000, 0x0000000082500000| Untracked 
|  38|0x0000000082600000, 0x0000000082700000, 0x0000000082700000|100%| O|  |TAMS 0x0000000082700000, 0x0000000082600000| Untracked 
|  39|0x0000000082700000, 0x0000000082800000, 0x0000000082800000|100%| O|  |TAMS 0x0000000082800000, 0x0000000082700000| Untracked 
|  40|0x0000000082800000, 0x0000000082900000, 0x0000000082900000|100%| O|  |TAMS 0x0000000082900000, 0x0000000082800000| Untracked 
|  41|0x0000000082900000, 0x0000000082a00000, 0x0000000082a00000|100%| O|  |TAMS 0x0000000082a00000, 0x0000000082900000| Untracked 
|  42|0x0000000082a00000, 0x0000000082b00000, 0x0000000082b00000|100%| O|  |TAMS 0x0000000082b00000, 0x0000000082a00000| Untracked 
|  43|0x0000000082b00000, 0x0000000082c00000, 0x0000000082c00000|100%| O|  |TAMS 0x0000000082c00000, 0x0000000082b00000| Untracked 
|  44|0x0000000082c00000, 0x0000000082d00000, 0x0000000082d00000|100%| O|  |TAMS 0x0000000082d00000, 0x0000000082c00000| Untracked 
|  45|0x0000000082d00000, 0x0000000082e00000, 0x0000000082e00000|100%| O|  |TAMS 0x0000000082e00000, 0x0000000082d00000| Untracked 
|  46|0x0000000082e00000, 0x0000000082f00000, 0x0000000082f00000|100%| O|  |TAMS 0x0000000082f00000, 0x0000000082e00000| Untracked 
|  47|0x0000000082f00000, 0x0000000083000000, 0x0000000083000000|100%| O|  |TAMS 0x0000000083000000, 0x0000000082f00000| Untracked 
|  48|0x0000000083000000, 0x0000000083100000, 0x0000000083100000|100%| O|  |TAMS 0x0000000083100000, 0x0000000083000000| Untracked 
|  49|0x0000000083100000, 0x0000000083200000, 0x0000000083200000|100%| O|  |TAMS 0x0000000083200000, 0x0000000083100000| Untracked 
|  50|0x0000000083200000, 0x0000000083300000, 0x0000000083300000|100%| O|  |TAMS 0x0000000083300000, 0x0000000083200000| Untracked 
|  51|0x0000000083300000, 0x0000000083400000, 0x0000000083400000|100%| O|  |TAMS 0x0000000083400000, 0x0000000083300000| Untracked 
|  52|0x0000000083400000, 0x0000000083500000, 0x0000000083500000|100%| O|  |TAMS 0x0000000083500000, 0x0000000083400000| Untracked 
|  53|0x0000000083500000, 0x0000000083600000, 0x0000000083600000|100%| O|  |TAMS 0x0000000083600000, 0x0000000083500000| Untracked 
|  54|0x0000000083600000, 0x0000000083700000, 0x0000000083700000|100%| O|  |TAMS 0x0000000083700000, 0x0000000083600000| Untracked 
|  55|0x0000000083700000, 0x0000000083800000, 0x0000000083800000|100%| O|  |TAMS 0x0000000083800000, 0x0000000083700000| Untracked 
|  56|0x0000000083800000, 0x0000000083900000, 0x0000000083900000|100%| O|  |TAMS 0x0000000083900000, 0x0000000083800000| Untracked 
|  57|0x0000000083900000, 0x0000000083a00000, 0x0000000083a00000|100%| O|  |TAMS 0x0000000083a00000, 0x0000000083900000| Untracked 
|  58|0x0000000083a00000, 0x0000000083b00000, 0x0000000083b00000|100%| O|  |TAMS 0x0000000083b00000, 0x0000000083a00000| Untracked 
|  59|0x0000000083b00000, 0x0000000083c00000, 0x0000000083c00000|100%| O|  |TAMS 0x0000000083c00000, 0x0000000083b00000| Untracked 
|  60|0x0000000083c00000, 0x0000000083d00000, 0x0000000083d00000|100%| O|  |TAMS 0x0000000083d00000, 0x0000000083c00000| Untracked 
|  61|0x0000000083d00000, 0x0000000083e00000, 0x0000000083e00000|100%| O|  |TAMS 0x0000000083e00000, 0x0000000083d00000| Untracked 
|  62|0x0000000083e00000, 0x0000000083f00000, 0x0000000083f00000|100%| O|  |TAMS 0x0000000083f00000, 0x0000000083e00000| Untracked 
|  63|0x0000000083f00000, 0x0000000084000000, 0x0000000084000000|100%| O|  |TAMS 0x0000000083fd8600, 0x0000000083f00000| Untracked 
|  64|0x0000000084000000, 0x0000000084100000, 0x0000000084100000|100%| O|  |TAMS 0x0000000084000000, 0x0000000084000000| Untracked 
|  65|0x0000000084100000, 0x0000000084200000, 0x0000000084200000|100%| O|  |TAMS 0x0000000084100000, 0x0000000084100000| Untracked 
|  66|0x0000000084200000, 0x0000000084295000, 0x0000000084300000| 58%| O|  |TAMS 0x0000000084200000, 0x0000000084200000| Untracked 
|  67|0x0000000084300000, 0x0000000084300000, 0x0000000084400000|  0%| F|  |TAMS 0x0000000084300000, 0x0000000084300000| Untracked 
|  68|0x0000000084400000, 0x0000000084400000, 0x0000000084500000|  0%| F|  |TAMS 0x0000000084400000, 0x0000000084400000| Untracked 
|  69|0x0000000084500000, 0x0000000084500000, 0x0000000084600000|  0%| F|  |TAMS 0x0000000084500000, 0x0000000084500000| Untracked 
|  70|0x0000000084600000, 0x0000000084600000, 0x0000000084700000|  0%| F|  |TAMS 0x0000000084600000, 0x0000000084600000| Untracked 
|  71|0x0000000084700000, 0x0000000084700000, 0x0000000084800000|  0%| F|  |TAMS 0x0000000084700000, 0x0000000084700000| Untracked 
|  72|0x0000000084800000, 0x0000000084800000, 0x0000000084900000|  0%| F|  |TAMS 0x0000000084800000, 0x0000000084800000| Untracked 
|  73|0x0000000084900000, 0x0000000084900000, 0x0000000084a00000|  0%| F|  |TAMS 0x0000000084900000, 0x0000000084900000| Untracked 
|  74|0x0000000084a00000, 0x0000000084a00000, 0x0000000084b00000|  0%| F|  |TAMS 0x0000000084a00000, 0x0000000084a00000| Untracked 
|  75|0x0000000084b00000, 0x0000000084b00000, 0x0000000084c00000|  0%| F|  |TAMS 0x0000000084b00000, 0x0000000084b00000| Untracked 
|  76|0x0000000084c00000, 0x0000000084c00000, 0x0000000084d00000|  0%| F|  |TAMS 0x0000000084c00000, 0x0000000084c00000| Untracked 
|  77|0x0000000084d00000, 0x0000000084e00000, 0x0000000084e00000|100%| O|  |TAMS 0x0000000084e00000, 0x0000000084d00000| Untracked 
|  78|0x0000000084e00000, 0x0000000084f00000, 0x0000000084f00000|100%| O|  |TAMS 0x0000000084f00000, 0x0000000084e00000| Untracked 
|  79|0x0000000084f00000, 0x0000000085000000, 0x0000000085000000|100%| O|  |TAMS 0x0000000085000000, 0x0000000084f00000| Untracked 
|  80|0x0000000085000000, 0x0000000085100000, 0x0000000085100000|100%| O|  |TAMS 0x0000000085100000, 0x0000000085000000| Untracked 
|  81|0x0000000085100000, 0x0000000085200000, 0x0000000085200000|100%| O|  |TAMS 0x0000000085200000, 0x0000000085100000| Untracked 
|  82|0x0000000085200000, 0x0000000085200000, 0x0000000085300000|  0%| F|  |TAMS 0x0000000085200000, 0x0000000085200000| Untracked 
|  83|0x0000000085300000, 0x0000000085300000, 0x0000000085400000|  0%| F|  |TAMS 0x0000000085300000, 0x0000000085300000| Untracked 
|  84|0x0000000085400000, 0x0000000085400000, 0x0000000085500000|  0%| F|  |TAMS 0x0000000085400000, 0x0000000085400000| Untracked 
|  85|0x0000000085500000, 0x0000000085500000, 0x0000000085600000|  0%| F|  |TAMS 0x0000000085500000, 0x0000000085500000| Untracked 
|  86|0x0000000085600000, 0x0000000085600000, 0x0000000085700000|  0%| F|  |TAMS 0x0000000085600000, 0x0000000085600000| Untracked 
|  87|0x0000000085700000, 0x0000000085700000, 0x0000000085800000|  0%| F|  |TAMS 0x0000000085700000, 0x0000000085700000| Untracked 
|  88|0x0000000085800000, 0x0000000085800000, 0x0000000085900000|  0%| F|  |TAMS 0x0000000085800000, 0x0000000085800000| Untracked 
|  89|0x0000000085900000, 0x0000000085900000, 0x0000000085a00000|  0%| F|  |TAMS 0x0000000085900000, 0x0000000085900000| Untracked 
|  90|0x0000000085a00000, 0x0000000085a00000, 0x0000000085b00000|  0%| F|  |TAMS 0x0000000085a00000, 0x0000000085a00000| Untracked 
|  91|0x0000000085b00000, 0x0000000085b00000, 0x0000000085c00000|  0%| F|  |TAMS 0x0000000085b00000, 0x0000000085b00000| Untracked 
|  92|0x0000000085c00000, 0x0000000085c00000, 0x0000000085d00000|  0%| F|  |TAMS 0x0000000085c00000, 0x0000000085c00000| Untracked 
|  93|0x0000000085d00000, 0x0000000085d00000, 0x0000000085e00000|  0%| F|  |TAMS 0x0000000085d00000, 0x0000000085d00000| Untracked 
|  94|0x0000000085e00000, 0x0000000085e00000, 0x0000000085f00000|  0%| F|  |TAMS 0x0000000085e00000, 0x0000000085e00000| Untracked 
|  95|0x0000000085f00000, 0x0000000085f00000, 0x0000000086000000|  0%| F|  |TAMS 0x0000000085f00000, 0x0000000085f00000| Untracked 
|  96|0x0000000086000000, 0x0000000086000000, 0x0000000086100000|  0%| F|  |TAMS 0x0000000086000000, 0x0000000086000000| Untracked 
|  97|0x0000000086100000, 0x0000000086100000, 0x0000000086200000|  0%| F|  |TAMS 0x0000000086100000, 0x0000000086100000| Untracked 
|  98|0x0000000086200000, 0x0000000086200000, 0x0000000086300000|  0%| F|  |TAMS 0x0000000086200000, 0x0000000086200000| Untracked 
|  99|0x0000000086300000, 0x0000000086300000, 0x0000000086400000|  0%| F|  |TAMS 0x0000000086300000, 0x0000000086300000| Untracked 
| 100|0x0000000086400000, 0x00000000864b2938, 0x0000000086500000| 69%| S|CS|TAMS 0x0000000086400000, 0x0000000086400000| Complete 
| 101|0x0000000086500000, 0x0000000086600000, 0x0000000086600000|100%| S|CS|TAMS 0x0000000086500000, 0x0000000086500000| Complete 
| 102|0x0000000086600000, 0x0000000086700000, 0x0000000086700000|100%| S|CS|TAMS 0x0000000086600000, 0x0000000086600000| Complete 
| 103|0x0000000086700000, 0x0000000086800000, 0x0000000086800000|100%| S|CS|TAMS 0x0000000086700000, 0x0000000086700000| Complete 
| 104|0x0000000086800000, 0x0000000086800000, 0x0000000086900000|  0%| F|  |TAMS 0x0000000086800000, 0x0000000086800000| Untracked 
| 105|0x0000000086900000, 0x0000000086900000, 0x0000000086a00000|  0%| F|  |TAMS 0x0000000086900000, 0x0000000086900000| Untracked 
| 106|0x0000000086a00000, 0x0000000086a00000, 0x0000000086b00000|  0%| F|  |TAMS 0x0000000086a00000, 0x0000000086a00000| Untracked 
| 107|0x0000000086b00000, 0x0000000086b1e688, 0x0000000086c00000| 11%| E|  |TAMS 0x0000000086b00000, 0x0000000086b00000| Complete 
| 108|0x0000000086c00000, 0x0000000086d00000, 0x0000000086d00000|100%| E|CS|TAMS 0x0000000086c00000, 0x0000000086c00000| Complete 
| 109|0x0000000086d00000, 0x0000000086e00000, 0x0000000086e00000|100%| E|CS|TAMS 0x0000000086d00000, 0x0000000086d00000| Complete 
| 110|0x0000000086e00000, 0x0000000086f00000, 0x0000000086f00000|100%| E|CS|TAMS 0x0000000086e00000, 0x0000000086e00000| Complete 
| 111|0x0000000086f00000, 0x0000000087000000, 0x0000000087000000|100%| E|CS|TAMS 0x0000000086f00000, 0x0000000086f00000| Complete 
| 112|0x0000000087000000, 0x0000000087100000, 0x0000000087100000|100%| E|CS|TAMS 0x0000000087000000, 0x0000000087000000| Complete 
| 113|0x0000000087100000, 0x0000000087200000, 0x0000000087200000|100%| E|CS|TAMS 0x0000000087100000, 0x0000000087100000| Complete 
| 114|0x0000000087200000, 0x0000000087300000, 0x0000000087300000|100%| E|CS|TAMS 0x0000000087200000, 0x0000000087200000| Complete 
| 115|0x0000000087300000, 0x0000000087400000, 0x0000000087400000|100%| E|CS|TAMS 0x0000000087300000, 0x0000000087300000| Complete 
| 116|0x0000000087400000, 0x0000000087500000, 0x0000000087500000|100%| E|CS|TAMS 0x0000000087400000, 0x0000000087400000| Complete 
| 117|0x0000000087500000, 0x0000000087600000, 0x0000000087600000|100%| E|  |TAMS 0x0000000087500000, 0x0000000087500000| Complete 
| 118|0x0000000087600000, 0x0000000087700000, 0x0000000087700000|100%| E|CS|TAMS 0x0000000087600000, 0x0000000087600000| Complete 
| 119|0x0000000087700000, 0x0000000087800000, 0x0000000087800000|100%| E|CS|TAMS 0x0000000087700000, 0x0000000087700000| Complete 
| 120|0x0000000087800000, 0x0000000087900000, 0x0000000087900000|100%| E|CS|TAMS 0x0000000087800000, 0x0000000087800000| Complete 
| 121|0x0000000087900000, 0x0000000087a00000, 0x0000000087a00000|100%| E|CS|TAMS 0x0000000087900000, 0x0000000087900000| Complete 
| 122|0x0000000087a00000, 0x0000000087b00000, 0x0000000087b00000|100%| E|CS|TAMS 0x0000000087a00000, 0x0000000087a00000| Complete 
| 123|0x0000000087b00000, 0x0000000087c00000, 0x0000000087c00000|100%| E|CS|TAMS 0x0000000087b00000, 0x0000000087b00000| Complete 
| 124|0x0000000087c00000, 0x0000000087d00000, 0x0000000087d00000|100%| E|CS|TAMS 0x0000000087c00000, 0x0000000087c00000| Complete 
| 125|0x0000000087d00000, 0x0000000087e00000, 0x0000000087e00000|100%| E|CS|TAMS 0x0000000087d00000, 0x0000000087d00000| Complete 
| 126|0x0000000087e00000, 0x0000000087f00000, 0x0000000087f00000|100%| E|CS|TAMS 0x0000000087e00000, 0x0000000087e00000| Complete 
| 127|0x0000000087f00000, 0x0000000088000000, 0x0000000088000000|100%| E|CS|TAMS 0x0000000087f00000, 0x0000000087f00000| Complete 
| 128|0x0000000088000000, 0x0000000088100000, 0x0000000088100000|100%| E|CS|TAMS 0x0000000088000000, 0x0000000088000000| Complete 
| 129|0x0000000088100000, 0x0000000088200000, 0x0000000088200000|100%| E|CS|TAMS 0x0000000088100000, 0x0000000088100000| Complete 
| 130|0x0000000088200000, 0x0000000088300000, 0x0000000088300000|100%| E|CS|TAMS 0x0000000088200000, 0x0000000088200000| Complete 
| 131|0x0000000088300000, 0x0000000088400000, 0x0000000088400000|100%| E|CS|TAMS 0x0000000088300000, 0x0000000088300000| Complete 
| 132|0x0000000088400000, 0x0000000088500000, 0x0000000088500000|100%| E|CS|TAMS 0x0000000088400000, 0x0000000088400000| Complete 
| 133|0x0000000088500000, 0x0000000088600000, 0x0000000088600000|100%| E|CS|TAMS 0x0000000088500000, 0x0000000088500000| Complete 
| 134|0x0000000088600000, 0x0000000088700000, 0x0000000088700000|100%| E|CS|TAMS 0x0000000088600000, 0x0000000088600000| Complete 
| 135|0x0000000088700000, 0x0000000088800000, 0x0000000088800000|100%| E|CS|TAMS 0x0000000088700000, 0x0000000088700000| Complete 
| 136|0x0000000088800000, 0x0000000088900000, 0x0000000088900000|100%| E|CS|TAMS 0x0000000088800000, 0x0000000088800000| Complete 
| 137|0x0000000088900000, 0x0000000088a00000, 0x0000000088a00000|100%| E|CS|TAMS 0x0000000088900000, 0x0000000088900000| Complete 
| 138|0x0000000088a00000, 0x0000000088b00000, 0x0000000088b00000|100%| E|CS|TAMS 0x0000000088a00000, 0x0000000088a00000| Complete 
| 139|0x0000000088b00000, 0x0000000088c00000, 0x0000000088c00000|100%| E|CS|TAMS 0x0000000088b00000, 0x0000000088b00000| Complete 
| 140|0x0000000088c00000, 0x0000000088d00000, 0x0000000088d00000|100%| E|CS|TAMS 0x0000000088c00000, 0x0000000088c00000| Complete 
| 141|0x0000000088d00000, 0x0000000088e00000, 0x0000000088e00000|100%| E|CS|TAMS 0x0000000088d00000, 0x0000000088d00000| Complete 
| 142|0x0000000088e00000, 0x0000000088f00000, 0x0000000088f00000|100%| E|CS|TAMS 0x0000000088e00000, 0x0000000088e00000| Complete 

Card table byte_map: [0x00000174fc970000,0x00000174fcd70000] _byte_map_base: 0x00000174fc570000

Marking Bits (Prev, Next): (CMBitMap*) 0x00000174e9abea10, (CMBitMap*) 0x00000174e9abe9d8
 Prev Bits: [0x0000017480000000, 0x0000017482000000)
 Next Bits: [0x00000174fd170000, 0x00000174ff170000)

Polling page: 0x00000174e78b0000

Metaspace:

Usage:
  Non-class:     77.11 MB capacity,    75.82 MB ( 98%) used,     1.05 MB (  1%) free+waste,   240.38 KB ( <1%) overhead. 
      Class:     11.88 MB capacity,    11.17 MB ( 94%) used,   624.38 KB (  5%) free+waste,   107.69 KB ( <1%) overhead. 
       Both:     88.99 MB capacity,    86.98 MB ( 98%) used,     1.66 MB (  2%) free+waste,   348.06 KB ( <1%) overhead. 

Virtual space:
  Non-class space:       78.00 MB reserved,      77.29 MB (>99%) committed 
      Class space:        1.00 GB reserved,      12.00 MB (  1%) committed 
             Both:        1.08 GB reserved,      89.29 MB (  8%) committed 

Chunk freelists:
   Non-Class:  55.00 KB
       Class:  26.00 KB
        Both:  81.00 KB

MaxMetaspaceSize: 17179869184.00 GB
CompressedClassSpaceSize: 1.00 GB

CodeHeap 'non-profiled nmethods': size=120064Kb used=4603Kb max_used=4603Kb free=115460Kb
 bounds [0x00000174f5030000, 0x00000174f54b0000, 0x00000174fc570000]
CodeHeap 'profiled nmethods': size=120000Kb used=19703Kb max_used=19703Kb free=100296Kb
 bounds [0x00000174edb00000, 0x00000174eee40000, 0x00000174f5030000]
CodeHeap 'non-nmethods': size=5696Kb used=2281Kb max_used=2316Kb free=3414Kb
 bounds [0x00000174ed570000, 0x00000174ed7e0000, 0x00000174edb00000]
 total_blobs=10998 nmethods=10112 adapters=797
 compilation: enabled
              stopped_count=0, restarted_count=0
 full_count=0

Compilation events (20 events):
Event: 29.441 Thread 0x00000174ff688000 nmethod 10271 0x00000174eee39290 code [0x00000174eee39480, 0x00000174eee398f8]
Event: 29.449 Thread 0x000001748a9ca800 10272       4       java.util.Optional::map (30 bytes)
Event: 29.450 Thread 0x00000174ff688000 10273       3       org.gradle.internal.resource.cached.AbstractCachedIndex::assertKeyNotNull (15 bytes)
Event: 29.450 Thread 0x00000174ff688000 nmethod 10273 0x00000174eee39b10 code [0x00000174eee39ce0, 0x00000174eee39ee8]
Event: 29.452 Thread 0x000001748a9ca800 nmethod 10272 0x00000174f54ac710 code [0x00000174f54ac8c0, 0x00000174f54aca78]
Event: 29.452 Thread 0x000001748a9ca800 10274       4       java.io.DataOutputStream::writeInt (65 bytes)
Event: 29.453 Thread 0x000001748a9ca800 nmethod 10274 0x00000174f54acb90 code [0x00000174f54acd40, 0x00000174f54ace78]
Event: 29.458 Thread 0x00000174ff688000 10275       3       org.gradle.internal.execution.steps.LoadExecutionStateStep$1::getWorkspace (10 bytes)
Event: 29.458 Thread 0x00000174ff688000 nmethod 10275 0x00000174eee3a010 code [0x00000174eee3a1c0, 0x00000174eee3a388]
Event: 29.459 Thread 0x00000174ff688000 10276       3       java.util.TimSort::countRunAndMakeAscending (128 bytes)
Event: 29.460 Thread 0x00000174ff688000 nmethod 10276 0x00000174eee3a490 code [0x00000174eee3a6e0, 0x00000174eee3b1e8]
Event: 29.463 Thread 0x000001748a9ca800 10277       4       org.gradle.internal.snapshot.MediumChildMap::withNode (67 bytes)
Event: 29.475 Thread 0x00000174ff688000 10278   !   3       sun.nio.ch.FileChannelImpl::position (273 bytes)
Event: 29.477 Thread 0x00000174ff688000 nmethod 10278 0x00000174eee3b510 code [0x00000174eee3b820, 0x00000174eee3ca28]
Event: 29.484 Thread 0x000001748a9ca800 nmethod 10277 0x00000174f54ad010 code [0x00000174f54ad240, 0x00000174f54ad978]
Event: 29.485 Thread 0x00000174ff688000 10279       3       org.gradle.internal.execution.steps.IdentityCacheStep$$Lambda$878/0x0000000100b51840::<init> (32 bytes)
Event: 29.486 Thread 0x00000174ff688000 nmethod 10279 0x00000174eee3d310 code [0x00000174eee3d4e0, 0x00000174eee3d818]
Event: 29.488 Thread 0x000001748a9ca800 10280   !   4       com.google.common.cache.LocalCache$Segment::runLockedCleanup (39 bytes)
Event: 29.495 Thread 0x00000174ff688000 10282       3       org.gradle.api.internal.artifacts.transform.DefaultTransformerInvocationFactory$1$$Lambda$882/0x0000000100b52040::<init> (26 bytes)
Event: 29.495 Thread 0x00000174ff688000 nmethod 10282 0x00000174eee3d910 code [0x00000174eee3dae0, 0x00000174eee3ddb8]

GC Heap History (20 events):
Event: 13.812 GC heap before
{Heap before GC invocations=24 (full 0):
 garbage-first heap   total 101376K, used 80922K [0x0000000080000000, 0x0000000100000000)
  region size 1024K, 26 young (26624K), 2 survivors (2048K)
 Metaspace       used 65956K, capacity 67503K, committed 67620K, reserved 1107968K
  class space    used 8329K, capacity 8884K, committed 8960K, reserved 1048576K
}
Event: 13.817 GC heap after
{Heap after GC invocations=25 (full 0):
 garbage-first heap   total 101376K, used 55717K [0x0000000080000000, 0x0000000100000000)
  region size 1024K, 3 young (3072K), 3 survivors (3072K)
 Metaspace       used 65956K, capacity 67503K, committed 67620K, reserved 1107968K
  class space    used 8329K, capacity 8884K, committed 8960K, reserved 1048576K
}
Event: 14.153 GC heap before
{Heap before GC invocations=25 (full 0):
 garbage-first heap   total 101376K, used 79269K [0x0000000080000000, 0x0000000100000000)
  region size 1024K, 27 young (27648K), 3 survivors (3072K)
 Metaspace       used 66601K, capacity 68271K, committed 68516K, reserved 1110016K
  class space    used 8413K, capacity 8988K, committed 9088K, reserved 1048576K
}
Event: 14.162 GC heap after
{Heap after GC invocations=26 (full 0):
 garbage-first heap   total 101376K, used 58385K [0x0000000080000000, 0x0000000100000000)
  region size 1024K, 4 young (4096K), 4 survivors (4096K)
 Metaspace       used 66601K, capacity 68271K, committed 68516K, reserved 1110016K
  class space    used 8413K, capacity 8988K, committed 9088K, reserved 1048576K
}
Event: 14.651 GC heap before
{Heap before GC invocations=27 (full 0):
 garbage-first heap   total 101376K, used 81937K [0x0000000080000000, 0x0000000100000000)
  region size 1024K, 27 young (27648K), 4 survivors (4096K)
 Metaspace       used 68421K, capacity 70072K, committed 70308K, reserved 1110016K
  class space    used 8634K, capacity 9246K, committed 9344K, reserved 1048576K
}
Event: 14.661 GC heap after
{Heap after GC invocations=28 (full 0):
 garbage-first heap   total 121856K, used 60334K [0x0000000080000000, 0x0000000100000000)
  region size 1024K, 2 young (2048K), 2 survivors (2048K)
 Metaspace       used 68421K, capacity 70072K, committed 70308K, reserved 1110016K
  class space    used 8634K, capacity 9246K, committed 9344K, reserved 1048576K
}
Event: 15.646 GC heap before
{Heap before GC invocations=28 (full 0):
 garbage-first heap   total 121856K, used 93102K [0x0000000080000000, 0x0000000100000000)
  region size 1024K, 34 young (34816K), 2 survivors (2048K)
 Metaspace       used 72263K, capacity 73940K, committed 74148K, reserved 1114112K
  class space    used 9273K, capacity 9849K, committed 9856K, reserved 1048576K
}
Event: 15.654 GC heap after
{Heap after GC invocations=29 (full 0):
 garbage-first heap   total 121856K, used 62205K [0x0000000080000000, 0x0000000100000000)
  region size 1024K, 4 young (4096K), 4 survivors (4096K)
 Metaspace       used 72263K, capacity 73940K, committed 74148K, reserved 1114112K
  class space    used 9273K, capacity 9849K, committed 9856K, reserved 1048576K
}
Event: 16.603 GC heap before
{Heap before GC invocations=30 (full 0):
 garbage-first heap   total 121856K, used 94973K [0x0000000080000000, 0x0000000100000000)
  region size 1024K, 36 young (36864K), 4 survivors (4096K)
 Metaspace       used 74897K, capacity 76754K, committed 76964K, reserved 1116160K
  class space    used 9665K, capacity 10347K, committed 10368K, reserved 1048576K
}
Event: 16.614 GC heap after
{Heap after GC invocations=31 (full 0):
 garbage-first heap   total 121856K, used 64449K [0x0000000080000000, 0x0000000100000000)
  region size 1024K, 5 young (5120K), 5 survivors (5120K)
 Metaspace       used 74897K, capacity 76754K, committed 76964K, reserved 1116160K
  class space    used 9665K, capacity 10347K, committed 10368K, reserved 1048576K
}
Event: 17.434 GC heap before
{Heap before GC invocations=31 (full 0):
 garbage-first heap   total 121856K, used 96193K [0x0000000080000000, 0x0000000100000000)
  region size 1024K, 36 young (36864K), 5 survivors (5120K)
 Metaspace       used 78088K, capacity 79897K, committed 80036K, reserved 1118208K
  class space    used 10124K, capacity 10789K, committed 10880K, reserved 1048576K
}
Event: 17.448 GC heap after
{Heap after GC invocations=32 (full 0):
 garbage-first heap   total 121856K, used 66396K [0x0000000080000000, 0x0000000100000000)
  region size 1024K, 5 young (5120K), 5 survivors (5120K)
 Metaspace       used 78088K, capacity 79897K, committed 80036K, reserved 1118208K
  class space    used 10124K, capacity 10789K, committed 10880K, reserved 1048576K
}
Event: 18.488 GC heap before
{Heap before GC invocations=33 (full 0):
 garbage-first heap   total 121856K, used 98140K [0x0000000080000000, 0x0000000100000000)
  region size 1024K, 36 young (36864K), 5 survivors (5120K)
 Metaspace       used 81545K, capacity 83367K, committed 83492K, reserved 1122304K
  class space    used 10505K, capacity 11165K, committed 11264K, reserved 1048576K
}
Event: 18.506 GC heap after
{Heap after GC invocations=34 (full 0):
 garbage-first heap   total 146432K, used 70226K [0x0000000080000000, 0x0000000100000000)
  region size 1024K, 5 young (5120K), 5 survivors (5120K)
 Metaspace       used 81545K, capacity 83367K, committed 83492K, reserved 1122304K
  class space    used 10505K, capacity 11165K, committed 11264K, reserved 1048576K
}
Event: 24.642 GC heap before
{Heap before GC invocations=34 (full 0):
 garbage-first heap   total 146432K, used 110162K [0x0000000080000000, 0x0000000100000000)
  region size 1024K, 45 young (46080K), 5 survivors (5120K)
 Metaspace       used 84355K, capacity 86447K, committed 86692K, reserved 1124352K
  class space    used 10884K, capacity 11639K, committed 11648K, reserved 1048576K
}
Event: 24.657 GC heap after
{Heap after GC invocations=35 (full 0):
 garbage-first heap   total 146432K, used 73808K [0x0000000080000000, 0x0000000100000000)
  region size 1024K, 4 young (4096K), 4 survivors (4096K)
 Metaspace       used 84355K, capacity 86447K, committed 86692K, reserved 1124352K
  class space    used 10884K, capacity 11639K, committed 11648K, reserved 1048576K
}
Event: 26.958 GC heap before
{Heap before GC invocations=35 (full 0):
 garbage-first heap   total 146432K, used 113744K [0x0000000080000000, 0x0000000100000000)
  region size 1024K, 44 young (45056K), 4 survivors (4096K)
 Metaspace       used 84932K, capacity 87026K, committed 87332K, reserved 1124352K
  class space    used 10920K, capacity 11691K, committed 11776K, reserved 1048576K
}
Event: 26.969 GC heap after
{Heap after GC invocations=36 (full 0):
 garbage-first heap   total 146432K, used 75952K [0x0000000080000000, 0x0000000100000000)
  region size 1024K, 6 young (6144K), 6 survivors (6144K)
 Metaspace       used 84932K, capacity 87026K, committed 87332K, reserved 1124352K
  class space    used 10920K, capacity 11691K, committed 11776K, reserved 1048576K
}
Event: 28.502 GC heap before
{Heap before GC invocations=37 (full 0):
 garbage-first heap   total 146432K, used 114864K [0x0000000080000000, 0x0000000100000000)
  region size 1024K, 45 young (46080K), 6 survivors (6144K)
 Metaspace       used 87720K, capacity 89805K, committed 90020K, reserved 1128448K
  class space    used 11315K, capacity 12063K, committed 12160K, reserved 1048576K
}
Event: 28.513 GC heap after
{Heap after GC invocations=38 (full 0):
 garbage-first heap   total 146432K, used 77086K [0x0000000080000000, 0x0000000100000000)
  region size 1024K, 4 young (4096K), 4 survivors (4096K)
 Metaspace       used 87720K, capacity 89805K, committed 90020K, reserved 1128448K
  class space    used 11315K, capacity 12063K, committed 12160K, reserved 1048576K
}

Deoptimization events (20 events):
Event: 29.093 Thread 0x0000017485b17000 DEOPT PACKING pc=0x00000174f5490f10 sp=0x000000501bdf89b0
Event: 29.093 Thread 0x0000017485b17000 DEOPT UNPACKING pc=0x00000174ed59782f sp=0x000000501bdf8940 mode 2
Event: 29.105 Thread 0x0000017485b17000 Uncommon trap: trap_request=0xfffffff4 fr.pc=0x00000174f5492b00 relative=0x00000000000004c0
Event: 29.105 Thread 0x0000017485b17000 Uncommon trap: reason=null_check action=make_not_entrant pc=0x00000174f5492b00 method=org.gradle.tooling.internal.provider.runner.SubtreeFilteringBuildOperationListener.finished(Lorg/gradle/internal/operations/BuildOperationDescriptor;Lorg/gradle/internal
Event: 29.105 Thread 0x0000017485b17000 DEOPT PACKING pc=0x00000174f5492b00 sp=0x000000501bdf8860
Event: 29.105 Thread 0x0000017485b17000 DEOPT UNPACKING pc=0x00000174ed59782f sp=0x000000501bdf87f8 mode 2
Event: 29.123 Thread 0x000001748a0e7800 Uncommon trap: trap_request=0xffffff4d fr.pc=0x00000174f53d0410 relative=0x0000000000000350
Event: 29.123 Thread 0x000001748a0e7800 Uncommon trap: reason=unstable_if action=reinterpret pc=0x00000174f53d0410 method=java.util.concurrent.ConcurrentLinkedQueue.offer(Ljava/lang/Object;)Z @ 42 c2
Event: 29.123 Thread 0x000001748a0e7800 DEOPT PACKING pc=0x00000174f53d0410 sp=0x000000501d5fbc30
Event: 29.123 Thread 0x000001748a0e7800 DEOPT UNPACKING pc=0x00000174ed59782f sp=0x000000501d5fbbd0 mode 2
Event: 29.146 Thread 0x0000017485b17000 Uncommon trap: trap_request=0xffffff4d fr.pc=0x00000174f53f83dc relative=0x000000000000073c
Event: 29.146 Thread 0x0000017485b17000 Uncommon trap: reason=unstable_if action=reinterpret pc=0x00000174f53f83dc method=org.gradle.internal.snapshot.PathUtil.compareDifferentCharsIgnoringCase(CC)I @ 12 c2
Event: 29.146 Thread 0x0000017485b17000 DEOPT PACKING pc=0x00000174f53f83dc sp=0x000000501bdf93a0
Event: 29.146 Thread 0x0000017485b17000 DEOPT UNPACKING pc=0x00000174ed59782f sp=0x000000501bdf9240 mode 2
Event: 29.160 Thread 0x0000017485b17000 Uncommon trap: trap_request=0xffffff4d fr.pc=0x00000174f53e3384 relative=0x00000000000002c4
Event: 29.160 Thread 0x0000017485b17000 Uncommon trap: reason=unstable_if action=reinterpret pc=0x00000174f53e3384 method=org.gradle.internal.snapshot.PathUtil.compareDifferentCharsIgnoringCase(CC)I @ 12 c2
Event: 29.160 Thread 0x0000017485b17000 DEOPT PACKING pc=0x00000174f53e3384 sp=0x000000501bdf7590
Event: 29.161 Thread 0x0000017485b17000 DEOPT UNPACKING pc=0x00000174ed59782f sp=0x000000501bdf74a0 mode 2
Event: 29.424 Thread 0x00000174850bc800 DEOPT PACKING pc=0x00000174ee344d84 sp=0x000000501c3fe790
Event: 29.424 Thread 0x00000174850bc800 DEOPT UNPACKING pc=0x00000174ed59764e sp=0x000000501c3fdc00 mode 0

Classes redefined (0 events):
No events

Internal exceptions (20 events):
Event: 18.645 Thread 0x00000174850be000 Exception <a 'java/lang/NoSuchMethodError'{0x0000000088a5af28}: <clinit>> (0x0000000088a5af28) thrown at [./src/hotspot/share/prims/jni.cpp, line 1362]
Event: 18.646 Thread 0x00000174850be000 Exception <a 'java/lang/NoSuchMethodError'{0x0000000088a66470}: <clinit>> (0x0000000088a66470) thrown at [./src/hotspot/share/prims/jni.cpp, line 1362]
Event: 18.664 Thread 0x00000174850be000 Exception <a 'java/lang/NoSuchMethodError'{0x000000008892e1b8}: <clinit>> (0x000000008892e1b8) thrown at [./src/hotspot/share/prims/jni.cpp, line 1362]
Event: 18.668 Thread 0x00000174850be000 Exception <a 'java/lang/NoSuchMethodError'{0x000000008896af58}: <clinit>> (0x000000008896af58) thrown at [./src/hotspot/share/prims/jni.cpp, line 1362]
Event: 18.668 Thread 0x00000174850be000 Exception <a 'java/lang/NoSuchMethodError'{0x0000000088995668}: <clinit>> (0x0000000088995668) thrown at [./src/hotspot/share/prims/jni.cpp, line 1362]
Event: 18.711 Thread 0x000001748a0eb800 Exception <a 'java/lang/NoSuchMethodError'{0x0000000088747ab8}: <clinit>> (0x0000000088747ab8) thrown at [./src/hotspot/share/prims/jni.cpp, line 1362]
Event: 18.716 Thread 0x000001748a0eb800 Exception <a 'java/lang/NoSuchMethodError'{0x0000000088797338}: <clinit>> (0x0000000088797338) thrown at [./src/hotspot/share/prims/jni.cpp, line 1362]
Event: 18.723 Thread 0x000001748a0eb800 Exception <a 'java/lang/NoSuchMethodError'{0x00000000887d97c8}: <clinit>> (0x00000000887d97c8) thrown at [./src/hotspot/share/prims/jni.cpp, line 1362]
Event: 18.778 Thread 0x00000174850be000 Exception <a 'java/lang/NoSuchMethodError'{0x00000000885d7748}: <clinit>> (0x00000000885d7748) thrown at [./src/hotspot/share/prims/jni.cpp, line 1362]
Event: 18.863 Thread 0x000001748a9d0000 Exception <a 'java/lang/NoSuchMethodError'{0x00000000884d9e90}: 'java.lang.Object java.lang.invoke.Invokers$Holder.linkToTargetMethod(java.lang.Object, java.lang.Object, java.lang.Object, int, java.lang.Object, java.lang.Object)'> (0x00000000884d9e90) thrown at [./src/hotspot/share/interpreter/linkResolver.cpp, line 773]
Event: 18.893 Thread 0x000001748a9d0000 Exception <a 'java/lang/IncompatibleClassChangeError'{0x000000008833c4a0}: Found class java.lang.Object, but interface was expected> (0x000000008833c4a0) thrown at [./src/hotspot/share/interpreter/linkResolver.cpp, line 839]
Event: 18.967 Thread 0x000001748a9d0000 Exception <a 'java/lang/NoSuchMethodError'{0x00000000881083b0}: 'int java.lang.invoke.DirectMethodHandle$Holder.invokeStaticInit(java.lang.Object, java.lang.Object, java.lang.Object, java.lang.Object, java.lang.Object)'> (0x00000000881083b0) thrown at [./src/hotspot/share/interpreter/linkResolver.cpp, line 773]
Event: 22.160 Thread 0x000001748a9d0000 Implicit null exception at 0x00000174f539441c to 0x00000174f5394748
Event: 23.027 Thread 0x000001748781a800 Exception <a 'java/lang/NoSuchMethodError'{0x0000000087523110}: 'java.lang.Object java.lang.invoke.DirectMethodHandle$Holder.invokeSpecialIFC(java.lang.Object, java.lang.Object, java.lang.Object)'> (0x0000000087523110) thrown at [./src/hotspot/share/interpreter/linkResolver.cpp, line 773]
Event: 23.027 Thread 0x000001748a0e9000 Exception <a 'java/lang/NoSuchMethodError'{0x000000008752eeb8}: 'java.lang.Object java.lang.invoke.DirectMethodHandle$Holder.invokeSpecialIFC(java.lang.Object, java.lang.Object, java.lang.Object)'> (0x000000008752eeb8) thrown at [./src/hotspot/share/interpreter/linkResolver.cpp, line 773]
Event: 23.027 Thread 0x000001748a0e6800 Exception <a 'java/lang/NoSuchMethodError'{0x000000008750e9d8}: 'java.lang.Object java.lang.invoke.DirectMethodHandle$Holder.invokeSpecialIFC(java.lang.Object, java.lang.Object, java.lang.Object)'> (0x000000008750e9d8) thrown at [./src/hotspot/share/interpreter/linkResolver.cpp, line 773]
Event: 26.593 Thread 0x000001748a9d0000 Implicit null exception at 0x00000174f5408094 to 0x00000174f5408f94
Event: 27.028 Thread 0x000001748a9d0000 Exception <a 'java/lang/NoSuchMethodError'{0x0000000088dc5f00}: 'void java.lang.invoke.DirectMethodHandle$Holder.invokeVirtual(java.lang.Object, java.lang.Object)'> (0x0000000088dc5f00) thrown at [./src/hotspot/share/interpreter/linkResolver.cpp, line 773]
Event: 29.093 Thread 0x0000017485b17000 Implicit null exception at 0x00000174f5490a59 to 0x00000174f5490ee8
Event: 29.105 Thread 0x0000017485b17000 Implicit null exception at 0x00000174f54926d2 to 0x00000174f5492ad8

Events (20 events):
Event: 29.146 Executing VM operation: RevokeBias
Event: 29.146 Executing VM operation: RevokeBias done
Event: 29.170 loading class org/gradle/api/specs/OrSpec
Event: 29.170 loading class org/gradle/api/specs/OrSpec done
Event: 29.175 loading class org/gradle/api/artifacts/component/ProjectComponentIdentifier
Event: 29.175 loading class org/gradle/api/artifacts/component/ProjectComponentIdentifier done
Event: 29.276 Executing VM operation: RevokeBias
Event: 29.277 Executing VM operation: RevokeBias done
Event: 29.333 Executing VM operation: RevokeBias
Event: 29.334 Executing VM operation: RevokeBias done
Event: 29.365 Executing VM operation: RevokeBias
Event: 29.366 Executing VM operation: RevokeBias done
Event: 29.372 Executing VM operation: RevokeBias
Event: 29.373 Executing VM operation: RevokeBias done
Event: 29.378 Executing VM operation: RevokeBias
Event: 29.378 Executing VM operation: RevokeBias done
Event: 29.406 Executing VM operation: RevokeBias
Event: 29.407 Executing VM operation: RevokeBias done
Event: 29.477 Executing VM operation: RevokeBias
Event: 29.478 Executing VM operation: RevokeBias done


Dynamic libraries:
0x00007ff7d60b0000 - 0x00007ff7d60ba000 	C:\Program Files\Android\Android Studio\jre\bin\java.exe
0x00007ffcbcdb0000 - 0x00007ffcbcfa5000 	C:\Windows\SYSTEM32\ntdll.dll
0x00007ffcbcb70000 - 0x00007ffcbcc2d000 	C:\Windows\System32\KERNEL32.DLL
0x00007ffcbaa00000 - 0x00007ffcbaccd000 	C:\Windows\System32\KERNELBASE.dll
0x00007ffcbacd0000 - 0x00007ffcbadd0000 	C:\Windows\System32\ucrtbase.dll
0x00007ffcb5920000 - 0x00007ffcb5939000 	C:\Program Files\Android\Android Studio\jre\bin\jli.dll
0x00007ffcb5900000 - 0x00007ffcb5917000 	C:\Program Files\Android\Android Studio\jre\bin\VCRUNTIME140.dll
0x00007ffcbae00000 - 0x00007ffcbafa0000 	C:\Windows\System32\USER32.dll
0x00007ffcba720000 - 0x00007ffcba742000 	C:\Windows\System32\win32u.dll
0x00007ffca8df0000 - 0x00007ffca908a000 	C:\Windows\WinSxS\amd64_microsoft.windows.common-controls_6595b64144ccf1df_6.0.19041.1110_none_60b5254171f9507e\COMCTL32.dll
0x00007ffcbc080000 - 0x00007ffcbc0aa000 	C:\Windows\System32\GDI32.dll
0x00007ffcbbe00000 - 0x00007ffcbbe9e000 	C:\Windows\System32\msvcrt.dll
0x00007ffcba750000 - 0x00007ffcba85b000 	C:\Windows\System32\gdi32full.dll
0x00007ffcba960000 - 0x00007ffcba9fd000 	C:\Windows\System32\msvcp_win.dll
0x00007ffcbbf40000 - 0x00007ffcbbf70000 	C:\Windows\System32\IMM32.DLL
0x00007ffcb43d0000 - 0x00007ffcb446d000 	C:\Program Files\Android\Android Studio\jre\bin\msvcp140.dll
0x00007ffc66210000 - 0x00007ffc66cdf000 	C:\Program Files\Android\Android Studio\jre\bin\server\jvm.dll
0x00007ffcbb440000 - 0x00007ffcbb4ee000 	C:\Windows\System32\ADVAPI32.dll
0x00007ffcbbea0000 - 0x00007ffcbbf3c000 	C:\Windows\System32\sechost.dll
0x00007ffcbbb20000 - 0x00007ffcbbc45000 	C:\Windows\System32\RPCRT4.dll
0x00007ffcbb500000 - 0x00007ffcbb508000 	C:\Windows\System32\PSAPI.DLL
0x00007ffcb3d30000 - 0x00007ffcb3d39000 	C:\Windows\SYSTEM32\WSOCK32.dll
0x00007ffcbc1e0000 - 0x00007ffcbc24b000 	C:\Windows\System32\WS2_32.dll
0x00007ffcb0c60000 - 0x00007ffcb0c87000 	C:\Windows\SYSTEM32\WINMM.dll
0x00007ffcb0c90000 - 0x00007ffcb0c9a000 	C:\Windows\SYSTEM32\VERSION.dll
0x00007ffcb8d50000 - 0x00007ffcb8d62000 	C:\Windows\SYSTEM32\kernel.appcore.dll
0x00007ffcafd20000 - 0x00007ffcafd31000 	C:\Program Files\Android\Android Studio\jre\bin\verify.dll
0x00007ffca9e40000 - 0x00007ffcaa024000 	C:\Windows\SYSTEM32\DBGHELP.DLL
0x00007ffca9ce0000 - 0x00007ffca9d0c000 	C:\Windows\SYSTEM32\dbgcore.DLL
0x00007ffcba860000 - 0x00007ffcba8e2000 	C:\Windows\System32\bcryptPrimitives.dll
0x00007ffca4100000 - 0x00007ffca4129000 	C:\Program Files\Android\Android Studio\jre\bin\java.dll
0x00007ffcb44c0000 - 0x00007ffcb44cb000 	C:\Program Files\Android\Android Studio\jre\bin\jimage.dll
0x00007ffca6d10000 - 0x00007ffca6d28000 	C:\Program Files\Android\Android Studio\jre\bin\zip.dll
0x00007ffcbc390000 - 0x00007ffcbcad4000 	C:\Windows\System32\SHELL32.dll
0x00007ffcb85a0000 - 0x00007ffcb8d34000 	C:\Windows\SYSTEM32\windows.storage.dll
0x00007ffcbb0e0000 - 0x00007ffcbb434000 	C:\Windows\System32\combase.dll
0x00007ffcb9eb0000 - 0x00007ffcb9edc000 	C:\Windows\SYSTEM32\Wldp.dll
0x00007ffcbba70000 - 0x00007ffcbbb1d000 	C:\Windows\System32\SHCORE.dll
0x00007ffcbc2d0000 - 0x00007ffcbc325000 	C:\Windows\System32\shlwapi.dll
0x00007ffcba400000 - 0x00007ffcba41f000 	C:\Windows\SYSTEM32\profapi.dll
0x00007ffca4780000 - 0x00007ffca479a000 	C:\Program Files\Android\Android Studio\jre\bin\net.dll
0x00007ffcac790000 - 0x00007ffcac89a000 	C:\Windows\SYSTEM32\WINHTTP.dll
0x00007ffcb9c10000 - 0x00007ffcb9c7a000 	C:\Windows\system32\mswsock.dll
0x00007ffc9b360000 - 0x00007ffc9b374000 	C:\Program Files\Android\Android Studio\jre\bin\nio.dll
0x00007ffc8e9e0000 - 0x00007ffc8ea07000 	C:\Users\Ahmed Farouk\.gradle\native\8bec1ad78214c89d9ad589b4d07fe93259594b29d510b10fafb7a158f7737e5d\windows-amd64\native-platform.dll
0x00007ffc8d700000 - 0x00007ffc8d83d000 	C:\Users\Ahmed Farouk\.gradle\native\53dbd7edfb1c66fb8903c78663c9afc45aea4f116125fa6feffd364cf09443e8\windows-amd64\native-platform-file-events.dll
0x00007ffcb3840000 - 0x00007ffcb384a000 	C:\Program Files\Android\Android Studio\jre\bin\management.dll
0x00007ffca5d30000 - 0x00007ffca5d3c000 	C:\Program Files\Android\Android Studio\jre\bin\management_ext.dll
0x00007ffcb9e00000 - 0x00007ffcb9e18000 	C:\Windows\SYSTEM32\CRYPTSP.dll
0x00007ffcb9530000 - 0x00007ffcb9564000 	C:\Windows\system32\rsaenh.dll
0x00007ffcbadd0000 - 0x00007ffcbadf7000 	C:\Windows\System32\bcrypt.dll
0x00007ffcba380000 - 0x00007ffcba3ae000 	C:\Windows\SYSTEM32\USERENV.dll
0x00007ffcb9e20000 - 0x00007ffcb9e2c000 	C:\Windows\SYSTEM32\CRYPTBASE.dll
0x00007ffcb9900000 - 0x00007ffcb993b000 	C:\Windows\SYSTEM32\IPHLPAPI.DLL
0x00007ffcbb0d0000 - 0x00007ffcbb0d8000 	C:\Windows\System32\NSI.dll
0x00007ffcb0af0000 - 0x00007ffcb0b07000 	C:\Windows\SYSTEM32\dhcpcsvc6.DLL
0x00007ffcb15b0000 - 0x00007ffcb15cd000 	C:\Windows\SYSTEM32\dhcpcsvc.DLL
0x00007ffcb9940000 - 0x00007ffcb9a0b000 	C:\Windows\SYSTEM32\DNSAPI.dll

dbghelp: loaded successfully - version: 4.0.5 - missing functions: none
symbol engine: initialized successfully - sym options: 0x614 - pdb path: .;C:\Program Files\Android\Android Studio\jre\bin;C:\Windows\SYSTEM32;C:\Windows\WinSxS\amd64_microsoft.windows.common-controls_6595b64144ccf1df_6.0.19041.1110_none_60b5254171f9507e;C:\Program Files\Android\Android Studio\jre\bin\server;C:\Users\Ahmed Farouk\.gradle\native\8bec1ad78214c89d9ad589b4d07fe93259594b29d510b10fafb7a158f7737e5d\windows-amd64;C:\Users\Ahmed Farouk\.gradle\native\53dbd7edfb1c66fb8903c78663c9afc45aea4f116125fa6feffd364cf09443e8\windows-amd64

VM Arguments:
jvm_args: --add-opens=java.base/java.util=ALL-UNNAMED --add-opens=java.base/java.lang=ALL-UNNAMED --add-opens=java.base/java.lang.invoke=ALL-UNNAMED --add-opens=java.base/java.util=ALL-UNNAMED --add-opens=java.prefs/java.util.prefs=ALL-UNNAMED --add-opens=java.prefs/java.util.prefs=ALL-UNNAMED --add-opens=java.base/java.nio.charset=ALL-UNNAMED --add-opens=java.base/java.net=ALL-UNNAMED --add-opens=java.base/java.util.concurrent.atomic=ALL-UNNAMED -Xmx2048m -Dfile.encoding=UTF-8 -Duser.country=US -Duser.language=en -Duser.variant 
java_command: org.gradle.launcher.daemon.bootstrap.GradleDaemon 7.0.2
java_class_path (initial): C:\Users\Ahmed Farouk\.gradle\wrapper\dists\gradle-7.0.2-bin\857tjihv64xamwrf0h14cai3r\gradle-7.0.2\lib\gradle-launcher-7.0.2.jar
Launcher Type: SUN_STANDARD

[Global flags]
     intx CICompilerCount                          = 3                                         {product} {ergonomic}
     uint ConcGCThreads                            = 1                                         {product} {ergonomic}
     uint G1ConcRefinementThreads                  = 4                                         {product} {ergonomic}
   size_t G1HeapRegionSize                         = 1048576                                   {product} {ergonomic}
    uintx GCDrainStackTargetSize                   = 64                                        {product} {ergonomic}
   size_t InitialHeapSize                          = 67108864                                  {product} {ergonomic}
   size_t MarkStackSize                            = 4194304                                   {product} {ergonomic}
   size_t MaxHeapSize                              = 2147483648                                {product} {command line}
   size_t MaxNewSize                               = 1287651328                                {product} {ergonomic}
   size_t MinHeapDeltaBytes                        = 1048576                                   {product} {ergonomic}
    uintx NonNMethodCodeHeapSize                   = 5830732                                {pd product} {ergonomic}
    uintx NonProfiledCodeHeapSize                  = 122913754                              {pd product} {ergonomic}
    uintx ProfiledCodeHeapSize                     = 122913754                              {pd product} {ergonomic}
    uintx ReservedCodeCacheSize                    = 251658240                              {pd product} {ergonomic}
     bool SegmentedCodeCache                       = true                                      {product} {ergonomic}
     bool UseCompressedClassPointers               = true                                 {lp64_product} {ergonomic}
     bool UseCompressedOops                        = true                                 {lp64_product} {ergonomic}
     bool UseG1GC                                  = true                                      {product} {ergonomic}
     bool UseLargePagesIndividualAllocation        = false                                  {pd product} {ergonomic}

Logging:
Log output configuration:
 #0: stdout all=warning uptime,level,tags
 #1: stderr all=off uptime,level,tags

Environment Variables:
JAVA_HOME=C:\Program Files\Java\jdk-11.0.3\bin
PATH=C:\Program Files (x86)\Intel\iCLS Client\;C:\Program Files\Intel\iCLS Client\;C:\Windows\system32;C:\Windows;C:\Windows\System32\Wbem;C:\Windows\System32\WindowsPowerShell\v1.0\;C:\Windows\System32\OpenSSH\;C:\Program Files\dotnet\;C:\Program Files\Intel\Intel(R) Management Engine Components\DAL;C:\Program Files\Intel\Intel(R) Management Engine Components\IPT;C:\Program Files (x86)\Intel\Intel(R) Management Engine Components\DAL;C:\Program Files (x86)\Intel\Intel(R) Management Engine Components\IPT;C:\Program Files\Java\jdk-11.0.3\bin;C:\Program Files\Git\cmd;C:\Users\Ahmed Farouk\AppData\Local\Microsoft\WindowsApps;C:\Users\Ahmed Farouk\.dotnet\tools;C:\Users\Ahmed Farouk\AppData\Local\Programs\Microsoft VS Code\bin;C:\Program Files\CodeBlocks\MinGW\bin;
USERNAME=Ahmed Farouk
OS=Windows_NT
PROCESSOR_IDENTIFIER=Intel64 Family 6 Model 58 Stepping 9, GenuineIntel



---------------  S Y S T E M  ---------------

OS: Windows 10 , 64 bit Build 19041 (10.0.19041.1706)
OS uptime: 1 days 10:41 hours

CPU:total 4 (initial active 4) (2 cores per cpu, 2 threads per core) family 6 model 58 stepping 9 microcode 0x21, cmov, cx8, fxsr, mmx, sse, sse2, sse3, ssse3, sse4.1, sse4.2, popcnt, avx, aes, clmul, erms, ht, tsc, tscinvbit, tscinv

Memory: 4k page, system-wide physical 4031M (446M free)
TotalPageFile size 8062M (AvailPageFile size 4M)
current process WorkingSet (physical memory assigned to process): 305M, peak: 320M
current process commit charge ("private bytes"): 399M, peak: 400M

vm_info: OpenJDK 64-Bit Server VM (11.0.10+0-b96-7249189) for windows-amd64 JRE (11.0.10+0-b96-7249189), built on Mar 31 2021 21:44:00 by "builder" with MS VC++ 14.0 (VS2015)

END.
